\BOOKMARK [0][-]{chapter.1}{\376\377\000I\000n\000t\000r\000o\000d\000u\000c\000t\000i\000o\000n}{}% 1
\BOOKMARK [1][-]{section.1.1}{\376\377\000M\000o\000t\000i\000v\000a\000t\000i\000o\000n}{chapter.1}% 2
\BOOKMARK [1][-]{section.1.2}{\376\377\000T\000e\000r\000m\000s\000\040\000c\000l\000a\000r\000i\000f\000i\000c\000a\000t\000i\000o\000n}{chapter.1}% 3
\BOOKMARK [2][-]{subsection.1.2.1}{\376\377\000L\000i\000s\000t\000\040\000s\000c\000h\000e\000d\000u\000l\000i\000n\000g}{section.1.2}% 4
\BOOKMARK [2][-]{subsection.1.2.2}{\376\377\000E\000x\000a\000m\000p\000l\000e}{section.1.2}% 5
\BOOKMARK [1][-]{section.1.3}{\376\377\000H\000o\000w\000\040\000t\000o\000\040\000p\000r\000o\000c\000e\000e\000d}{chapter.1}% 6
\BOOKMARK [0][-]{chapter.2}{\376\377\000P\000a\000r\000a\000l\000l\000e\000l\000i\000z\000a\000t\000i\000o\000n}{}% 7
\BOOKMARK [1][-]{section.2.1}{\376\377\000C\000o\000m\000b\000i\000n\000a\000t\000i\000o\000n}{chapter.2}% 8
\BOOKMARK [1][-]{section.2.2}{\376\377\000C\000o\000m\000b\000i\000n\000a\000d\000i\000c}{chapter.2}% 9
\BOOKMARK [2][-]{subsection.2.2.1}{\376\377\000E\000x\000a\000m\000p\000l\000e}{section.2.2}% 10
\BOOKMARK [2][-]{subsection.2.2.2}{\376\377\000C\000o\000m\000b\000i\000n\000a\000d\000i\000c\000\040\000i\000n\000\040\000G\000P\000U}{section.2.2}% 11
\BOOKMARK [1][-]{section.2.3}{\376\377\000R\000e\000p\000e\000t\000i\000t\000i\000o\000n}{chapter.2}% 12
\BOOKMARK [1][-]{section.2.4}{\376\377\000C\000o\000m\000b\000i\000n\000a\000d\000i\000c\000\040\000a\000n\000d\000\040\000r\000e\000p\000e\000t\000i\000t\000i\000o\000n}{chapter.2}% 13
\BOOKMARK [0][-]{chapter.3}{\376\377\000I\000m\000p\000l\000e\000m\000e\000n\000t\000a\000t\000i\000o\000n}{}% 14
\BOOKMARK [1][-]{section.3.1}{\376\377\000C\000P\000U}{chapter.3}% 15
\BOOKMARK [1][-]{section.3.2}{\376\377\000G\000P\000U\000\040\000D\000a\000t\000a\000\040\000S\000t\000r\000u\000c\000t\000u\000r\000e}{chapter.3}% 16
\BOOKMARK [1][-]{section.3.3}{\376\377\000S\000c\000h\000e\000d\000u\000l\000i\000n\000g\000\040\000A\000l\000g\000o\000r\000i\000t\000h\000m}{chapter.3}% 17
\BOOKMARK [1][-]{section.3.4}{\376\377\000G\000P\000U\000\040\000K\000e\000r\000n\000e\000l}{chapter.3}% 18
\BOOKMARK [2][-]{subsection.3.4.1}{\376\377\000V\000e\000r\000s\000i\000o\000n\000\040\0001}{section.3.4}% 19
\BOOKMARK [2][-]{subsection.3.4.2}{\376\377\000V\000e\000r\000s\000i\000o\000n\000\040\0002}{section.3.4}% 20
\BOOKMARK [2][-]{subsection.3.4.3}{\376\377\000V\000e\000r\000s\000i\000o\000n\000\040\0003}{section.3.4}% 21
\BOOKMARK [2][-]{subsection.3.4.4}{\376\377\000V\000e\000r\000s\000i\000o\000n\000\040\0004}{section.3.4}% 22
\BOOKMARK [0][-]{chapter.4}{\376\377\000R\000e\000s\000u\000l\000t\000s}{}% 23
\BOOKMARK [1][-]{section.4.1}{\376\377\000E\000x\000e\000c\000u\000t\000i\000o\000n}{chapter.4}% 24
\BOOKMARK [1][-]{section.4.2}{\376\377\000C\000o\000m\000p\000a\000r\000i\000s\000o\000n}{chapter.4}% 25
\BOOKMARK [1][-]{section.4.3}{\376\377\000C\000o\000n\000c\000l\000u\000s\000i\000o\000n}{chapter.4}% 26
\BOOKMARK [0][-]{appendix.A}{\376\377\000C\000o\000n\000v\000e\000r\000t\000\040\000D\000F\000G}{}% 27
\BOOKMARK [0][-]{appendix.B}{\376\377\000E\000l\000a\000b\000o\000r\000a\000t\000e\000\040\000R\000e\000s\000u\000l\000t\000s}{}% 28
