--------------------------------------------------
Current local time and date: Wed Jul 21 20:45:55 2021

DFG is arf.txt
Reasources are RTL_resoruces.txt
Area Limit is 400
--------------------------------------------------


Area Limit is 400
Best solution has time 2:
Final area is -450778144

The elapsed time is 0.000456 seconds

--------------------------------------------------
Current local time and date: Wed Jul 21 20:46:44 2021

DFG is arf.txt
Reasources are RTL_resoruces.txt
Area Limit is 400
--------------------------------------------------


Area Limit is 400
Best solution has time 2:
Final area is -779289808

The elapsed time is 0.000449 seconds

--------------------------------------------------
Current local time and date: Wed Jul 21 20:47:32 2021

DFG is arf.txt
Reasources are RTL_resoruces.txt
Area Limit is 400
--------------------------------------------------


Area Limit is 400
Best solution has time 2:
Final area is -230891728

The elapsed time is 0.003240 seconds

--------------------------------------------------
Current local time and date: Wed Jul 21 19:57:09 2021

DFG is dfg.txt
Reasources are RTL_resoruces.txt
Area Limit is 450
--------------------------------------------------


Area Limit is 450
Best solution has time 2:
	OPERATION:  DIV - ID RESOURCE:  6 - SPEED:  6 - AREA: 300 - OCCURENCY: 240
Final area is -982905456

The elapsed time is 0.004104 seconds

--------------------------------------------------
Current local time and date: Wed Jul 21 19:57:23 2021

DFG is dfg.txt
Reasources are RTL_resoruces.txt
Area Limit is 450
--------------------------------------------------


Area Limit is 450
Best solution has time 2:
Final area is -566049888

The elapsed time is 0.002472 seconds

--------------------------------------------------
Current local time and date: Wed Jul 21 19:58:30 2021

DFG is dfg.txt
Reasources are RTL_resoruces.txt
Area Limit is 450
--------------------------------------------------


Area Limit is 450
Best solution has time 2:
Final area is -1071844720

The elapsed time is 0.001901 seconds

--------------------------------------------------
Current local time and date: Wed Jul 21 20:02:20 2021

DFG is dfg.txt
Reasources are RTL_resoruces.txt
Area Limit is 450
--------------------------------------------------


Area Limit is 450
Best solution has time 2:
Final area is -40529744

The elapsed time is 0.002355 seconds

--------------------------------------------------
Current local time and date: Wed Jul 21 20:17:26 2021

DFG is dfg.txt
Reasources are RTL_resoruces.txt
Area Limit is 450
--------------------------------------------------


Area Limit is 450
Best solution has time 2:
Final area is -722837984

The elapsed time is 0.001900 seconds

--------------------------------------------------
Current local time and date: Wed Jul 21 20:18:08 2021

DFG is dfg.txt
Reasources are RTL_resoruces.txt
Area Limit is 450
--------------------------------------------------


Area Limit is 450
Best solution has time 2:
Final area is -836963136

The elapsed time is 0.002422 seconds

--------------------------------------------------
Current local time and date: Wed Jul 21 20:20:07 2021

DFG is dfg.txt
Reasources are RTL_resoruces.txt
Area Limit is 450
--------------------------------------------------


Area Limit is 450
Best solution has time 2:
Final area is -941247952

The elapsed time is 0.002987 seconds

--------------------------------------------------
Current local time and date: Wed Jul 21 20:20:47 2021

DFG is dfg.txt
Reasources are RTL_resoruces.txt
Area Limit is 450
--------------------------------------------------


Area Limit is 450
Best solution has time 2:
	OPERATION:  DIV - ID RESOURCE:  6 - SPEED:  6 - AREA: 300 - OCCURENCY:  6
Final area is -304479248

The elapsed time is 0.002188 seconds

--------------------------------------------------
Current local time and date: Wed Jul 21 20:21:41 2021

DFG is dfg.txt
Reasources are RTL_resoruces.txt
Area Limit is 450
--------------------------------------------------


Area Limit is 450
Best solution has time 2:
Final area is -302145616

The elapsed time is 0.003383 seconds

--------------------------------------------------
Current local time and date: Wed Jul 21 20:21:55 2021

DFG is dfg.txt
Reasources are RTL_resoruces.txt
Area Limit is 450
--------------------------------------------------


Area Limit is 450
Best solution has time 2:
Final area is -412991152

The elapsed time is 0.001918 seconds

--------------------------------------------------
Current local time and date: Wed Jul 21 20:23:18 2021

DFG is dfg.txt
Reasources are RTL_resoruces.txt
Area Limit is 450
--------------------------------------------------


Area Limit is 450
Best solution has time 2:
Final area is -835753776

The elapsed time is 0.002398 seconds

--------------------------------------------------
Current local time and date: Wed Jul 21 20:03:22 2021

DFG is dfg.txt
Reasources are RTL_resoruces.txt
Area Limit is 400
--------------------------------------------------


Area Limit is 400
Best solution has time 48:
Final area is 2

The elapsed time is 0.002613 seconds

--------------------------------------------------
Current local time and date: Wed Jul 21 20:03:47 2021

DFG is dfg.txt
Reasources are RTL_resoruces.txt
Area Limit is 400
--------------------------------------------------


Area Limit is 400
Best solution has time 48:
Final area is 2

The elapsed time is 0.003665 seconds

--------------------------------------------------
Current local time and date: Wed Jul 21 20:04:09 2021

DFG is dfg.txt
Reasources are RTL_resoruces.txt
Area Limit is 400
--------------------------------------------------


Area Limit is 400
Best solution has time 48:
Final area is 2

The elapsed time is 4.663864 seconds

--------------------------------------------------
Current local time and date: Wed Jul 21 20:06:39 2021

DFG is dfg.txt
Reasources are RTL_resoruces.txt
Area Limit is 400
--------------------------------------------------


Area Limit is 400
Best solution has time 48:
Final area is 2

The elapsed time is 5.010382 seconds

--------------------------------------------------
Current local time and date: Wed Jul 21 20:07:51 2021

DFG is dfg.txt
Reasources are RTL_resoruces.txt
Area Limit is 400
--------------------------------------------------


Area Limit is 400
Best solution has time 48:
Final area is 2

The elapsed time is 0.003484 seconds

--------------------------------------------------
Current local time and date: Wed Jul 21 20:11:49 2021

DFG is dfg.txt
Reasources are RTL_resoruces.txt
Area Limit is 400
--------------------------------------------------


Area Limit is 400
Best solution has time 48:
Final area is 2

The elapsed time is 0.003760 seconds

--------------------------------------------------
Current local time and date: Wed Jul 21 20:12:51 2021

DFG is dfg.txt
Reasources are RTL_resoruces.txt
Area Limit is 400
--------------------------------------------------


Area Limit is 400
Best solution has time 48:
Final area is 2

The elapsed time is 0.002708 seconds

--------------------------------------------------
Current local time and date: Wed Jul 21 20:13:32 2021

DFG is dfg.txt
Reasources are RTL_resoruces.txt
Area Limit is 400
--------------------------------------------------


Area Limit is 400
Best solution has time 48:
Final area is 2

The elapsed time is 0.002744 seconds

--------------------------------------------------
Current local time and date: Wed Jul 21 20:25:06 2021

DFG is dfg.txt
Reasources are RTL_resoruces.txt
Area Limit is 400
--------------------------------------------------


Area Limit is 400
Best solution has time 48:
Final area is 2

The elapsed time is 0.002244 seconds

--------------------------------------------------
Current local time and date: Wed Jul 21 20:25:41 2021

DFG is dfg.txt
Reasources are RTL_resoruces.txt
Area Limit is 400
--------------------------------------------------


Area Limit is 400
Best solution has time 48:
Final area is 2

The elapsed time is 0.001909 seconds

--------------------------------------------------
Current local time and date: Wed Jul 21 19:52:47 2021

DFG is dfg.txt
Reasources are RTL_resoruces.txt
Area Limit is 400
--------------------------------------------------


Area Limit is 400
Best solution has time 48:
Final area is 2

The elapsed time is 0.002327 seconds

--------------------------------------------------
Current local time and date: Wed Jul 21 19:53:18 2021

DFG is dfg.txt
Reasources are RTL_resoruces.txt
Area Limit is 400
--------------------------------------------------


Area Limit is 400
Best solution has time 48:
	OPERATION:  ADD - ID RESOURCE:  0 - SPEED:  1 - AREA: 40 - OCCURENCY: 32
Final area is 2

The elapsed time is 0.003201 seconds

--------------------------------------------------
Current local time and date: Wed Jul 21 19:54:02 2021

DFG is dfg.txt
Reasources are RTL_resoruces.txt
Area Limit is 400
--------------------------------------------------


Area Limit is 400
Best solution has time 48:
Final area is 2

The elapsed time is 0.002422 seconds

--------------------------------------------------
Current local time and date: Wed Jul 21 19:55:26 2021

DFG is dfg.txt
Reasources are RTL_resoruces.txt
Area Limit is 400
--------------------------------------------------


Area Limit is 400
Best solution has time 48:
Final area is 2

The elapsed time is 0.002183 seconds

--------------------------------------------------
Current local time and date: Wed Jul 21 19:56:30 2021

DFG is dfg.txt
Reasources are RTL_resoruces.txt
Area Limit is 400
--------------------------------------------------


Area Limit is 400
Best solution has time 48:
Final area is 2

The elapsed time is 0.002887 seconds

--------------------------------------------------
Current local time and date: Wed Jul 21 19:57:22 2021

DFG is dfg.txt
Reasources are RTL_resoruces.txt
Area Limit is 400
--------------------------------------------------


Area Limit is 400
Best solution has time 0:
Final area is 48

The elapsed time is 0.002164 seconds

--------------------------------------------------
Current local time and date: Wed Jul 21 20:00:00 2021

DFG is dfg.txt
Reasources are RTL_resoruces.txt
Area Limit is 400
--------------------------------------------------


Area Limit is 400
Best solution has time 0:
Final area is 48

The elapsed time is 0.002596 seconds

--------------------------------------------------
Current local time and date: Wed Jul 21 20:04:37 2021

DFG is dfg.txt
Reasources are RTL_resoruces.txt
Area Limit is 400
--------------------------------------------------


Area Limit is 400
Best solution has time 0:
Final area is 48

The elapsed time is 0.005150 seconds

--------------------------------------------------
Current local time and date: Wed Jul 21 20:06:01 2021

DFG is dfg.txt
Reasources are RTL_resoruces.txt
Area Limit is 400
--------------------------------------------------


Area Limit is 400
Best solution has time 0:
Final area is 48

The elapsed time is 0.002556 seconds

--------------------------------------------------
Current local time and date: Wed Jul 21 20:07:49 2021

DFG is dfg.txt
Reasources are RTL_resoruces.txt
Area Limit is 400
--------------------------------------------------


Area Limit is 400
Best solution has time 0:
Final area is 48

The elapsed time is 0.002644 seconds

--------------------------------------------------
Current local time and date: Wed Jul 21 20:12:17 2021

DFG is dfg.txt
Reasources are RTL_resoruces.txt
Area Limit is 400
--------------------------------------------------


Area Limit is 400
Best solution has time 0:
	OPERATION:  ADD - ID RESOURCE:  0 - SPEED:  1 - AREA: 40 - OCCURENCY: 176
	OPERATION:  DIV - ID RESOURCE:  7 - SPEED: 10 - AREA: 200 - OCCURENCY: 248
Final area is 48

The elapsed time is 0.002065 seconds

--------------------------------------------------
Current local time and date: Wed Jul 21 20:12:45 2021

DFG is dfg.txt
Reasources are RTL_resoruces.txt
Area Limit is 400
--------------------------------------------------


Area Limit is 400
Best solution has time 0:
Final area is 48

The elapsed time is 0.003019 seconds

--------------------------------------------------
Current local time and date: Wed Jul 21 20:13:13 2021

DFG is dfg.txt
Reasources are RTL_resoruces.txt
Area Limit is 400
--------------------------------------------------


Area Limit is 400
Best solution has time 0:
	OPERATION:  ADD - ID RESOURCE:  2 - SPEED:  5 - AREA: 10 - OCCURENCY: 150
	OPERATION:  MUL - ID RESOURCE:  5 - SPEED: 10 - AREA: 40 - OCCURENCY:  4
Final area is 48

The elapsed time is 0.001414 seconds

--------------------------------------------------
Current local time and date: Wed Jul 21 20:13:55 2021

DFG is dfg.txt
Reasources are RTL_resoruces.txt
Area Limit is 400
--------------------------------------------------


Area Limit is 400
Best solution has time 0:
Final area is 48

The elapsed time is 0.003037 seconds

--------------------------------------------------
Current local time and date: Wed Jul 21 20:14:38 2021

DFG is dfg.txt
Reasources are RTL_resoruces.txt
Area Limit is 400
--------------------------------------------------


Area Limit is 400
Best solution has time 0:
Final area is 48

The elapsed time is 0.000558 seconds

--------------------------------------------------
Current local time and date: Wed Jul 21 20:16:44 2021

DFG is dfg.txt
Reasources are RTL_resoruces.txt
Area Limit is 400
--------------------------------------------------


Area Limit is 400
Best solution has time 0:
Final area is 48

The elapsed time is 0.001911 seconds

--------------------------------------------------
Current local time and date: Wed Jul 21 20:17:58 2021

DFG is dfg.txt
Reasources are RTL_resoruces.txt
Area Limit is 400
--------------------------------------------------


Area Limit is 400
Best solution has time 0:
Final area is 48

The elapsed time is 0.001055 seconds

--------------------------------------------------
Current local time and date: Wed Jul 21 20:20:38 2021

DFG is dfg.txt
Reasources are RTL_resoruces.txt
Area Limit is 400
--------------------------------------------------


Area Limit is 400
Best solution has time 0:
Final area is 48

The elapsed time is 0.003560 seconds

--------------------------------------------------
Current local time and date: Wed Jul 21 20:24:10 2021

DFG is dfg.txt
Reasources are RTL_resoruces.txt
Area Limit is 400
--------------------------------------------------


Area Limit is 400
Best solution has time 0:
Final area is 48

The elapsed time is 0.003070 seconds

--------------------------------------------------
Current local time and date: Wed Jul 21 20:27:18 2021

DFG is dfg.txt
Reasources are RTL_resoruces.txt
Area Limit is 400
--------------------------------------------------


Area Limit is 400
Best solution has time 0:
Final area is 48

The elapsed time is 0.004602 seconds

--------------------------------------------------
Current local time and date: Wed Jul 21 20:27:44 2021

DFG is dfg.txt
Reasources are RTL_resoruces.txt
Area Limit is 400
--------------------------------------------------


Area Limit is 400
Best solution has time 0:
Final area is 48

The elapsed time is 0.002334 seconds

--------------------------------------------------
Current local time and date: Wed Jul 21 20:28:09 2021

DFG is dfg.txt
Reasources are RTL_resoruces.txt
Area Limit is 400
--------------------------------------------------


Area Limit is 400
Best solution has time 0:
Final area is 48

The elapsed time is 0.002949 seconds

--------------------------------------------------
Current local time and date: Wed Jul 21 20:32:23 2021

DFG is dfg.txt
Reasources are RTL_resoruces.txt
Area Limit is 400
--------------------------------------------------


Area Limit is 400
Best solution has time 0:
Final area is 48

The elapsed time is 0.008488 seconds

--------------------------------------------------
Current local time and date: Wed Jul 21 20:32:29 2021

DFG is dfg.txt
Reasources are RTL_resoruces.txt
Area Limit is 400
--------------------------------------------------


Area Limit is 400
Best solution has time 0:
Final area is 48

The elapsed time is 0.003706 seconds

--------------------------------------------------
Current local time and date: Wed Jul 21 20:33:10 2021

DFG is dfg.txt
Reasources are RTL_resoruces.txt
Area Limit is 400
--------------------------------------------------


Area Limit is 400
Best solution has time 0:
Final area is 48

The elapsed time is 0.006022 seconds

--------------------------------------------------
Current local time and date: Wed Jul 21 21:02:06 2021

DFG is dfg.txt
Reasources are RTL_resoruces.txt
Area Limit is 400
--------------------------------------------------


Area Limit is 400
Best solution has time 0:
Final area is 48

The elapsed time is 0.004429 seconds

--------------------------------------------------
Current local time and date: Wed Jul 21 21:03:26 2021

DFG is dfg.txt
Reasources are RTL_resoruces.txt
Area Limit is 400
--------------------------------------------------


Area Limit is 400
Best solution has time 0:
	OPERATION:  DIV - ID RESOURCE:  8 - SPEED: 22 - AREA: 150 - OCCURENCY:  8
	OPERATION:  ADD - ID RESOURCE:  2 - SPEED:  5 - AREA: 10 - OCCURENCY:  2
Final area is 48

The elapsed time is 0.003400 seconds

--------------------------------------------------
Current local time and date: Wed Jul 21 21:04:10 2021

DFG is dfg.txt
Reasources are RTL_resoruces.txt
Area Limit is 400
--------------------------------------------------


Area Limit is 400
Best solution has time 0:
	OPERATION:  MUL - ID RESOURCE:  5 - SPEED: 10 - AREA: 40 - OCCURENCY:  6
Final area is 48

The elapsed time is 0.006903 seconds

--------------------------------------------------
Current local time and date: Wed Jul 21 21:06:50 2021

DFG is dfg.txt
Reasources are RTL_resoruces.txt
Area Limit is 400
--------------------------------------------------


Area Limit is 400
Best solution has time 0:
Final area is 48

The elapsed time is 0.003039 seconds

--------------------------------------------------
Current local time and date: Wed Jul 21 21:10:06 2021

DFG is dfg.txt
Reasources are RTL_resoruces.txt
Area Limit is 400
--------------------------------------------------


Area Limit is 400
Best solution has time 0:
Final area is 48

The elapsed time is 0.002930 seconds

--------------------------------------------------
Current local time and date: Wed Jul 21 21:12:51 2021

DFG is dfg.txt
Reasources are RTL_resoruces.txt
Area Limit is 400
--------------------------------------------------


Area Limit is 400
Best solution has time 0:
Final area is 48

The elapsed time is 0.006479 seconds

--------------------------------------------------
Current local time and date: Wed Jul 21 21:14:45 2021

DFG is dfg.txt
Reasources are RTL_resoruces.txt
Area Limit is 400
--------------------------------------------------


Area Limit is 400
Best solution has time 0:
Final area is 48

The elapsed time is 0.009141 seconds

--------------------------------------------------
Current local time and date: Wed Jul 21 21:19:49 2021

DFG is dfg.txt
Reasources are RTL_resoruces.txt
Area Limit is 400
--------------------------------------------------


Area Limit is 400
Best solution has time 0:
Final area is 48

The elapsed time is 0.003795 seconds

--------------------------------------------------
Current local time and date: Wed Jul 21 21:24:17 2021

DFG is dfg.txt
Reasources are RTL_resoruces.txt
Area Limit is 400
--------------------------------------------------


Area Limit is 400
Best solution has time 0:
Final area is 48

The elapsed time is 0.010602 seconds

--------------------------------------------------
Current local time and date: Wed Jul 21 21:25:33 2021

DFG is dfg.txt
Reasources are RTL_resoruces.txt
Area Limit is 400
--------------------------------------------------


Area Limit is 400
Best solution has time 13:
	OPERATION:  DIV - ID RESOURCE:  7 - SPEED: 10 - AREA: 200 - OCCURENCY:  1
	OPERATION:  MUL - ID RESOURCE:  3 - SPEED:  2 - AREA: 100 - OCCURENCY:  1
	OPERATION:  ADD - ID RESOURCE:  0 - SPEED:  1 - AREA: 40 - OCCURENCY:  2
Final area is 380

The elapsed time is 0.045037 seconds

--------------------------------------------------
Current local time and date: Wed Jul 21 21:28:13 2021

DFG is dfg.txt
Reasources are RTL_resoruces.txt
Area Limit is 400
--------------------------------------------------


Area Limit is 400
Best solution has time 13:
	OPERATION:  DIV - ID RESOURCE:  7 - SPEED: 10 - AREA: 200 - OCCURENCY:  1
	OPERATION:  MUL - ID RESOURCE:  3 - SPEED:  2 - AREA: 100 - OCCURENCY:  1
	OPERATION:  ADD - ID RESOURCE:  0 - SPEED:  1 - AREA: 40 - OCCURENCY:  2
Final area is 380

The elapsed time is 0.031114 seconds

--------------------------------------------------
Current local time and date: Wed Jul 21 21:33:15 2021

DFG is dfg.txt
Reasources are RTL_resoruces.txt
Area Limit is 450
--------------------------------------------------


Area Limit is 450
Best solution has time 10:
	OPERATION:  DIV - ID RESOURCE:  6 - SPEED:  6 - AREA: 300 - OCCURENCY:  1
	OPERATION:  MUL - ID RESOURCE:  3 - SPEED:  2 - AREA: 100 - OCCURENCY:  1
	OPERATION:  ADD - ID RESOURCE:  0 - SPEED:  1 - AREA: 40 - OCCURENCY:  1
Final area is 440

The elapsed time is 0.064144 seconds

--------------------------------------------------
Current local time and date: Wed Jul 21 21:33:54 2021

DFG is dfg.txt
Reasources are RTL_resoruces.txt
Area Limit is 450
--------------------------------------------------


Area Limit is 450
Best solution has time 0:
Final area is 48

The elapsed time is 0.006500 seconds

--------------------------------------------------
Current local time and date: Wed Jul 21 21:34:14 2021

DFG is dfg.txt
Reasources are RTL_resoruces.txt
Area Limit is 450
--------------------------------------------------


Area Limit is 450
Best solution has time 0:
Final area is 48

The elapsed time is 0.009589 seconds

--------------------------------------------------
Current local time and date: Wed Jul 21 21:39:06 2021

DFG is dfg.txt
Reasources are RTL_resoruces.txt
Area Limit is 450
--------------------------------------------------


Area Limit is 450
Best solution has time 0:
Final area is 48

The elapsed time is 0.008926 seconds

--------------------------------------------------
Current local time and date: Wed Jul 21 21:40:33 2021

DFG is dfg.txt
Reasources are RTL_resoruces.txt
Area Limit is 450
--------------------------------------------------


Area Limit is 450
Best solution has time 0:
Final area is 48

The elapsed time is 0.000365 seconds

--------------------------------------------------
Current local time and date: Wed Jul 21 21:44:15 2021

DFG is dfg.txt
Reasources are RTL_resoruces.txt
Area Limit is 450
--------------------------------------------------


Area Limit is 450
Best solution has time 0:
	OPERATION:  MUL - ID RESOURCE:  4 - SPEED:  5 - AREA: 70 - OCCURENCY:  4
Final area is 48

The elapsed time is 0.002869 seconds

--------------------------------------------------
Current local time and date: Wed Jul 21 21:46:53 2021

DFG is dfg.txt
Reasources are RTL_resoruces.txt
Area Limit is 450
--------------------------------------------------


Area Limit is 450
Best solution has time 0:
Final area is 48

The elapsed time is 0.004340 seconds

--------------------------------------------------
Current local time and date: Wed Jul 21 21:47:14 2021

DFG is dfg.txt
Reasources are RTL_resoruces.txt
Area Limit is 450
--------------------------------------------------


Area Limit is 450
Best solution has time 10:
	OPERATION:  DIV - ID RESOURCE:  6 - SPEED:  6 - AREA: 300 - OCCURENCY:  1
	OPERATION:  MUL - ID RESOURCE:  3 - SPEED:  2 - AREA: 100 - OCCURENCY:  1
	OPERATION:  ADD - ID RESOURCE:  0 - SPEED:  1 - AREA: 40 - OCCURENCY:  1
Final area is 440

The elapsed time is 0.043496 seconds

--------------------------------------------------
Current local time and date: Wed Jul 21 21:48:49 2021

DFG is dfg.txt
Reasources are RTL_resoruces.txt
Area Limit is 450
--------------------------------------------------


Area Limit is 450
Best solution has time 10:
	OPERATION:  DIV - ID RESOURCE:  6 - SPEED:  6 - AREA: 300 - OCCURENCY:  1
	OPERATION:  MUL - ID RESOURCE:  3 - SPEED:  2 - AREA: 100 - OCCURENCY:  1
	OPERATION:  ADD - ID RESOURCE:  0 - SPEED:  1 - AREA: 40 - OCCURENCY:  1
Final area is 440

The elapsed time is 0.056411 seconds

--------------------------------------------------
Current local time and date: Wed Jul 21 21:50:22 2021

DFG is dfg.txt
Reasources are RTL_resoruces.txt
Area Limit is 450
--------------------------------------------------


Area Limit is 450
Best solution has time 119:
	OPERATION:  ADD - ID RESOURCE:  0 - SPEED:  1 - AREA: 40 - OCCURENCY:  0
Final area is 124

The elapsed time is 0.004000 seconds

--------------------------------------------------
Current local time and date: Wed Jul 21 21:50:37 2021

DFG is dfg.txt
Reasources are RTL_resoruces.txt
Area Limit is 450
--------------------------------------------------


Area Limit is 450
Best solution has time 119:
	OPERATION:  ADD - ID RESOURCE:  0 - SPEED:  1 - AREA: 40 - OCCURENCY:  0
Final area is 124

The elapsed time is 0.003891 seconds

--------------------------------------------------
Current local time and date: Wed Jul 21 21:50:48 2021

DFG is dfg.txt
Reasources are RTL_resoruces.txt
Area Limit is 450
--------------------------------------------------


Area Limit is 450
Best solution has time 119:
	OPERATION:  ADD - ID RESOURCE:  0 - SPEED:  1 - AREA: 40 - OCCURENCY:  0
Final area is 124

The elapsed time is 0.004317 seconds

--------------------------------------------------
Current local time and date: Wed Jul 21 21:51:06 2021

DFG is dfg.txt
Reasources are RTL_resoruces.txt
Area Limit is 450
--------------------------------------------------


Area Limit is 450
Best solution has time 10:
	OPERATION:  DIV - ID RESOURCE:  6 - SPEED:  6 - AREA: 300 - OCCURENCY:  1
	OPERATION:  MUL - ID RESOURCE:  3 - SPEED:  2 - AREA: 100 - OCCURENCY:  1
	OPERATION:  ADD - ID RESOURCE:  0 - SPEED:  1 - AREA: 40 - OCCURENCY:  1
Final area is 440

The elapsed time is 0.063095 seconds

--------------------------------------------------
Current local time and date: Wed Jul 21 21:51:17 2021

DFG is dfg.txt
Reasources are RTL_resoruces.txt
Area Limit is 400
--------------------------------------------------


Area Limit is 400
Best solution has time 13:
	OPERATION:  DIV - ID RESOURCE:  7 - SPEED: 10 - AREA: 200 - OCCURENCY:  1
	OPERATION:  MUL - ID RESOURCE:  3 - SPEED:  2 - AREA: 100 - OCCURENCY:  1
	OPERATION:  ADD - ID RESOURCE:  0 - SPEED:  1 - AREA: 40 - OCCURENCY:  2
Final area is 380

The elapsed time is 0.059571 seconds

--------------------------------------------------
Current local time and date: Wed Jul 21 21:51:41 2021

DFG is arf.txt
Reasources are RTL_resoruces.txt
Area Limit is 400
--------------------------------------------------


Area Limit is 400
Best solution has time 15:
	OPERATION:  MUL - ID RESOURCE:  3 - SPEED:  2 - AREA: 100 - OCCURENCY:  3
	OPERATION:  ADD - ID RESOURCE:  0 - SPEED:  1 - AREA: 40 - OCCURENCY:  2
Final area is 380

The elapsed time is 0.042550 seconds

--------------------------------------------------
Current local time and date: Wed Jul 21 21:52:03 2021

DFG is arf.txt
Reasources are RTL_resoruces.txt
Area Limit is 400
--------------------------------------------------


Area Limit is 400
Best solution has time 15:
	OPERATION:  MUL - ID RESOURCE:  3 - SPEED:  2 - AREA: 100 - OCCURENCY:  3
	OPERATION:  ADD - ID RESOURCE:  0 - SPEED:  1 - AREA: 40 - OCCURENCY:  2
Final area is 380

The elapsed time is 0.040222 seconds

--------------------------------------------------
Current local time and date: Wed Jul 21 21:52:11 2021

DFG is dfg.txt
Reasources are RTL_resoruces.txt
Area Limit is 400
--------------------------------------------------


Area Limit is 400
Best solution has time 13:
	OPERATION:  DIV - ID RESOURCE:  7 - SPEED: 10 - AREA: 200 - OCCURENCY:  1
	OPERATION:  MUL - ID RESOURCE:  3 - SPEED:  2 - AREA: 100 - OCCURENCY:  1
	OPERATION:  ADD - ID RESOURCE:  0 - SPEED:  1 - AREA: 40 - OCCURENCY:  2
Final area is 380

The elapsed time is 0.056860 seconds

--------------------------------------------------
Current local time and date: Wed Jul 21 21:52:22 2021

DFG is dfg.txt
Reasources are RTL_resoruces.txt
Area Limit is 400
--------------------------------------------------


Area Limit is 400
Best solution has time 13:
	OPERATION:  DIV - ID RESOURCE:  7 - SPEED: 10 - AREA: 200 - OCCURENCY:  1
	OPERATION:  MUL - ID RESOURCE:  3 - SPEED:  2 - AREA: 100 - OCCURENCY:  1
	OPERATION:  ADD - ID RESOURCE:  0 - SPEED:  1 - AREA: 40 - OCCURENCY:  2
Final area is 380

The elapsed time is 0.059907 seconds

--------------------------------------------------
Current local time and date: Wed Jul 21 21:52:28 2021

DFG is dfg.txt
Reasources are RTL_resoruces.txt
Area Limit is 450
--------------------------------------------------


Area Limit is 450
Best solution has time 10:
	OPERATION:  DIV - ID RESOURCE:  6 - SPEED:  6 - AREA: 300 - OCCURENCY:  1
	OPERATION:  MUL - ID RESOURCE:  3 - SPEED:  2 - AREA: 100 - OCCURENCY:  1
	OPERATION:  ADD - ID RESOURCE:  0 - SPEED:  1 - AREA: 40 - OCCURENCY:  1
Final area is 440

The elapsed time is 0.055919 seconds

--------------------------------------------------
Current local time and date: Wed Jul 21 21:52:50 2021

DFG is dfg.txt
Reasources are RTL_resoruces.txt
Area Limit is 450
--------------------------------------------------


Area Limit is 450
Best solution has time 10:
	OPERATION:  DIV - ID RESOURCE:  6 - SPEED:  6 - AREA: 300 - OCCURENCY:  1
	OPERATION:  MUL - ID RESOURCE:  3 - SPEED:  2 - AREA: 100 - OCCURENCY:  1
	OPERATION:  ADD - ID RESOURCE:  0 - SPEED:  1 - AREA: 40 - OCCURENCY:  1
Final area is 440

The elapsed time is 0.020998 seconds

--------------------------------------------------
Current local time and date: Wed Jul 21 21:52:54 2021

DFG is dfg.txt
Reasources are RTL_resoruces.txt
Area Limit is 400
--------------------------------------------------


Area Limit is 400
Best solution has time 13:
	OPERATION:  DIV - ID RESOURCE:  7 - SPEED: 10 - AREA: 200 - OCCURENCY:  1
	OPERATION:  MUL - ID RESOURCE:  3 - SPEED:  2 - AREA: 100 - OCCURENCY:  1
	OPERATION:  ADD - ID RESOURCE:  0 - SPEED:  1 - AREA: 40 - OCCURENCY:  2
Final area is 380

The elapsed time is 0.017512 seconds

--------------------------------------------------
Current local time and date: Wed Jul 21 21:53:00 2021

DFG is arf.txt
Reasources are RTL_resoruces.txt
Area Limit is 400
--------------------------------------------------


Area Limit is 400
Best solution has time 15:
	OPERATION:  MUL - ID RESOURCE:  3 - SPEED:  2 - AREA: 100 - OCCURENCY:  3
	OPERATION:  ADD - ID RESOURCE:  0 - SPEED:  1 - AREA: 40 - OCCURENCY:  2
Final area is 380

The elapsed time is 0.019061 seconds

--------------------------------------------------
Current local time and date: Wed Jul 21 19:53:19 2021

DFG is dfg.txt
Reasources are RTL_resoruces.txt
Area Limit is 450
--------------------------------------------------


Area Limit is 450
Best solution has time 10:
	OPERATION:  DIV - ID RESOURCE:  6 - SPEED:  6 - AREA: 300 - OCCURENCY:  1
	OPERATION:  MUL - ID RESOURCE:  3 - SPEED:  2 - AREA: 100 - OCCURENCY:  1
	OPERATION:  ADD - ID RESOURCE:  0 - SPEED:  1 - AREA: 40 - OCCURENCY:  1
Final area is 440

The elapsed time is 0.015874 seconds

--------------------------------------------------
Current local time and date: Wed Jul 21 19:53:25 2021

DFG is dfg.txt
Reasources are RTL_resoruces.txt
Area Limit is 400
--------------------------------------------------


Area Limit is 400
Best solution has time 13:
	OPERATION:  DIV - ID RESOURCE:  7 - SPEED: 10 - AREA: 200 - OCCURENCY:  1
	OPERATION:  MUL - ID RESOURCE:  3 - SPEED:  2 - AREA: 100 - OCCURENCY:  1
	OPERATION:  ADD - ID RESOURCE:  0 - SPEED:  1 - AREA: 40 - OCCURENCY:  2
Final area is 380

The elapsed time is 0.017885 seconds

