--------------------------------------------------
Current local time and date: Wed Jul 21 20:00:44 2021

DFG is arf.txt
Reasources are RTL_resoruces.txt
Area Limit is 400
--------------------------------------------------

	OPERATION:  MUL - ID RESOURCE:  3 - SPEED:  2 - AREA: 100 - OCCURENCY:  3
	OPERATION:  ADD - ID RESOURCE:  0 - SPEED:  1 - AREA: 40 - OCCURENCY:  2
Final area is 380


The elapsed time is 0.030762 seconds

--------------------------------------------------
Current local time and date: Wed Jul 21 20:01:05 2021

DFG is arf.txt
Reasources are RTL_resoruces.txt
Area Limit is 400
--------------------------------------------------

	OPERATION:  MUL - ID RESOURCE:  3 - SPEED:  2 - AREA: 100 - OCCURENCY:  3
	OPERATION:  ADD - ID RESOURCE:  0 - SPEED:  1 - AREA: 40 - OCCURENCY:  2
Final area is 380


The elapsed time is 0.035536 seconds

--------------------------------------------------
Current local time and date: Wed Jul 21 19:58:24 2021

DFG is arf.txt
Reasources are RTL_resoruces.txt
Area Limit is 400
--------------------------------------------------

	OPERATION:  MUL - ID RESOURCE:  3 - SPEED:  2 - AREA: 100 - OCCURENCY:  3
	OPERATION:  ADD - ID RESOURCE:  0 - SPEED:  1 - AREA: 40 - OCCURENCY:  2
Final area is 380


The elapsed time is 0.032373 seconds

--------------------------------------------------
Current local time and date: Wed Jul 21 19:59:10 2021

DFG is arf.txt
Reasources are RTL_resoruces.txt
Area Limit is 400
--------------------------------------------------

	OPERATION:  MUL - ID RESOURCE:  3 - SPEED:  2 - AREA: 100 - OCCURENCY:  3
	OPERATION:  ADD - ID RESOURCE:  0 - SPEED:  1 - AREA: 40 - OCCURENCY:  2
Final area is 380

The elapsed time is 0.026562 seconds

--------------------------------------------------
Current local time and date: Wed Jul 21 20:09:09 2021

DFG is write_bmp_header_dfg__7.txt
Reasources are RTL_resoruces.txt
Area Limit is 400
--------------------------------------------------


Area Limit is 400
Best solution has time 0:
	OPERATION:  ADD - ID RESOURCE:  0 - SPEED:  1 - AREA: 40 - OCCURENCY:  0
	OPERATION:  ADD - ID RESOURCE:  0 - SPEED:  1 - AREA: 40 - OCCURENCY:  0
	OPERATION:  ADD - ID RESOURCE:  0 - SPEED:  1 - AREA: 40 - OCCURENCY:  0
	OPERATION:  ADD - ID RESOURCE:  0 - SPEED:  1 - AREA: 40 - OCCURENCY:  0
	OPERATION:  ADD - ID RESOURCE:  0 - SPEED:  1 - AREA: 40 - OCCURENCY:  0
	OPERATION:  ADD - ID RESOURCE:  0 - SPEED:  1 - AREA: 40 - OCCURENCY:  0
	OPERATION:  ADD - ID RESOURCE:  0 - SPEED:  1 - AREA: 40 - OCCURENCY:  0
	OPERATION:  ADD - ID RESOURCE:  0 - SPEED:  1 - AREA: 40 - OCCURENCY:  0
Final area is 0

The elapsed time is 0.019994 seconds

--------------------------------------------------
Current local time and date: Wed Jul 21 20:12:46 2021

DFG is write_bmp_header_dfg__7.txt
Reasources are RTL_resoruces.txt
Area Limit is 400
--------------------------------------------------


Area Limit is 400
Best solution has time 0:
	OPERATION:  ADD - ID RESOURCE:  0 - SPEED:  1 - AREA: 40 - OCCURENCY:  0
	OPERATION:  ADD - ID RESOURCE:  0 - SPEED:  1 - AREA: 40 - OCCURENCY:  0
	OPERATION:  ADD - ID RESOURCE:  0 - SPEED:  1 - AREA: 40 - OCCURENCY:  0
	OPERATION:  ADD - ID RESOURCE:  0 - SPEED:  1 - AREA: 40 - OCCURENCY:  0
	OPERATION:  ADD - ID RESOURCE:  0 - SPEED:  1 - AREA: 40 - OCCURENCY:  0
	OPERATION:  ADD - ID RESOURCE:  0 - SPEED:  1 - AREA: 40 - OCCURENCY:  0
	OPERATION:  ADD - ID RESOURCE:  0 - SPEED:  1 - AREA: 40 - OCCURENCY:  0
	OPERATION:  ADD - ID RESOURCE:  0 - SPEED:  1 - AREA: 40 - OCCURENCY:  0
Final area is 0

The elapsed time is 0.019757 seconds

--------------------------------------------------
Current local time and date: Wed Jul 21 20:13:54 2021

DFG is write_bmp_header_dfg__7.txt
Reasources are RTL_resoruces.txt
Area Limit is 400
--------------------------------------------------


Area Limit is 400
Best solution has time 0:
	OPERATION:  ADD - ID RESOURCE:  0 - SPEED:  1 - AREA: 40 - OCCURENCY:  0
	OPERATION:  ADD - ID RESOURCE:  0 - SPEED:  1 - AREA: 40 - OCCURENCY:  0
	OPERATION:  ADD - ID RESOURCE:  0 - SPEED:  1 - AREA: 40 - OCCURENCY:  0
	OPERATION:  ADD - ID RESOURCE:  0 - SPEED:  1 - AREA: 40 - OCCURENCY:  0
	OPERATION:  ADD - ID RESOURCE:  0 - SPEED:  1 - AREA: 40 - OCCURENCY:  0
	OPERATION:  ADD - ID RESOURCE:  0 - SPEED:  1 - AREA: 40 - OCCURENCY:  0
	OPERATION:  ADD - ID RESOURCE:  0 - SPEED:  1 - AREA: 40 - OCCURENCY:  0
	OPERATION:  ADD - ID RESOURCE:  0 - SPEED:  1 - AREA: 40 - OCCURENCY:  0
Final area is 0

The elapsed time is 0.027780 seconds

--------------------------------------------------
Current local time and date: Wed Jul 21 20:14:17 2021

DFG is write_bmp_header_dfg__7.txt
Reasources are RTL_resoruces.txt
Area Limit is 400
--------------------------------------------------


Area Limit is 400
Best solution has time 0:
	OPERATION:  ADD - ID RESOURCE:  0 - SPEED:  1 - AREA: 40 - OCCURENCY:  0
	OPERATION:  ADD - ID RESOURCE:  0 - SPEED:  1 - AREA: 40 - OCCURENCY:  0
	OPERATION:  ADD - ID RESOURCE:  0 - SPEED:  1 - AREA: 40 - OCCURENCY:  0
	OPERATION:  ADD - ID RESOURCE:  0 - SPEED:  1 - AREA: 40 - OCCURENCY:  0
	OPERATION:  ADD - ID RESOURCE:  0 - SPEED:  1 - AREA: 40 - OCCURENCY:  0
	OPERATION:  ADD - ID RESOURCE:  0 - SPEED:  1 - AREA: 40 - OCCURENCY:  0
	OPERATION:  ADD - ID RESOURCE:  0 - SPEED:  1 - AREA: 40 - OCCURENCY:  0
	OPERATION:  ADD - ID RESOURCE:  0 - SPEED:  1 - AREA: 40 - OCCURENCY:  0
Final area is 0

The elapsed time is 0.022970 seconds

--------------------------------------------------
Current local time and date: Wed Jul 21 20:22:37 2021

DFG is write_bmp_header_dfg__7.txt
Reasources are RTL_resoruces.txt
Area Limit is 400
--------------------------------------------------


Area Limit is 400
Best solution has time 0:
	OPERATION:  ADD - ID RESOURCE:  0 - SPEED:  1 - AREA: 40 - OCCURENCY:  0
	OPERATION:  ADD - ID RESOURCE:  0 - SPEED:  1 - AREA: 40 - OCCURENCY:  0
	OPERATION:  ADD - ID RESOURCE:  0 - SPEED:  1 - AREA: 40 - OCCURENCY:  0
	OPERATION:  ADD - ID RESOURCE:  0 - SPEED:  1 - AREA: 40 - OCCURENCY:  0
	OPERATION:  ADD - ID RESOURCE:  0 - SPEED:  1 - AREA: 40 - OCCURENCY:  0
	OPERATION:  ADD - ID RESOURCE:  0 - SPEED:  1 - AREA: 40 - OCCURENCY:  0
	OPERATION:  ADD - ID RESOURCE:  0 - SPEED:  1 - AREA: 40 - OCCURENCY:  0
	OPERATION:  ADD - ID RESOURCE:  0 - SPEED:  1 - AREA: 40 - OCCURENCY:  0
Final area is 0

The elapsed time is 0.027001 seconds

--------------------------------------------------
Current local time and date: Wed Jul 21 20:23:25 2021

DFG is write_bmp_header_dfg__7.txt
Reasources are RTL_resoruces.txt
Area Limit is 400
--------------------------------------------------


Area Limit is 400
Best solution has time 0:
	OPERATION:  ADD - ID RESOURCE:  0 - SPEED:  1 - AREA: 40 - OCCURENCY:  0
	OPERATION:  ADD - ID RESOURCE:  0 - SPEED:  1 - AREA: 40 - OCCURENCY:  0
	OPERATION:  ADD - ID RESOURCE:  0 - SPEED:  1 - AREA: 40 - OCCURENCY:  0
	OPERATION:  ADD - ID RESOURCE:  0 - SPEED:  1 - AREA: 40 - OCCURENCY:  0
	OPERATION:  ADD - ID RESOURCE:  0 - SPEED:  1 - AREA: 40 - OCCURENCY:  0
	OPERATION:  ADD - ID RESOURCE:  0 - SPEED:  1 - AREA: 40 - OCCURENCY:  0
	OPERATION:  ADD - ID RESOURCE:  0 - SPEED:  1 - AREA: 40 - OCCURENCY:  0
	OPERATION:  ADD - ID RESOURCE:  0 - SPEED:  1 - AREA: 40 - OCCURENCY:  0
Final area is 0

The elapsed time is 0.020015 seconds

--------------------------------------------------
Current local time and date: Wed Jul 21 20:23:47 2021

DFG is write_bmp_header_dfg__7.txt
Reasources are RTL_resoruces.txt
Area Limit is 400
--------------------------------------------------


Area Limit is 400
Best solution has time 0:
	OPERATION:  ADD - ID RESOURCE:  0 - SPEED:  1 - AREA: 40 - OCCURENCY:  0
	OPERATION:  ADD - ID RESOURCE:  0 - SPEED:  1 - AREA: 40 - OCCURENCY:  0
	OPERATION:  ADD - ID RESOURCE:  0 - SPEED:  1 - AREA: 40 - OCCURENCY:  0
	OPERATION:  ADD - ID RESOURCE:  0 - SPEED:  1 - AREA: 40 - OCCURENCY:  0
	OPERATION:  ADD - ID RESOURCE:  0 - SPEED:  1 - AREA: 40 - OCCURENCY:  0
	OPERATION:  ADD - ID RESOURCE:  0 - SPEED:  1 - AREA: 40 - OCCURENCY:  0
	OPERATION:  ADD - ID RESOURCE:  0 - SPEED:  1 - AREA: 40 - OCCURENCY:  0
	OPERATION:  ADD - ID RESOURCE:  0 - SPEED:  1 - AREA: 40 - OCCURENCY:  0
Final area is 0

The elapsed time is 0.021667 seconds

--------------------------------------------------
Current local time and date: Wed Jul 21 20:25:28 2021

DFG is write_bmp_header_dfg__7.txt
Reasources are RTL_resoruces.txt
Area Limit is 400
--------------------------------------------------


Area Limit is 400
Best solution has time 0:
	OPERATION:  ADD - ID RESOURCE:  0 - SPEED:  1 - AREA: 40 - OCCURENCY:  0
	OPERATION:  ADD - ID RESOURCE:  0 - SPEED:  1 - AREA: 40 - OCCURENCY:  0
	OPERATION:  ADD - ID RESOURCE:  0 - SPEED:  1 - AREA: 40 - OCCURENCY:  0
	OPERATION:  ADD - ID RESOURCE:  0 - SPEED:  1 - AREA: 40 - OCCURENCY:  0
	OPERATION:  ADD - ID RESOURCE:  0 - SPEED:  1 - AREA: 40 - OCCURENCY:  0
	OPERATION:  ADD - ID RESOURCE:  0 - SPEED:  1 - AREA: 40 - OCCURENCY:  0
	OPERATION:  ADD - ID RESOURCE:  0 - SPEED:  1 - AREA: 40 - OCCURENCY:  0
	OPERATION:  ADD - ID RESOURCE:  0 - SPEED:  1 - AREA: 40 - OCCURENCY:  0
Final area is 0

The elapsed time is 0.018754 seconds

--------------------------------------------------
Current local time and date: Wed Jul 21 20:27:04 2021

DFG is write_bmp_header_dfg__7.txt
Reasources are RTL_resoruces.txt
Area Limit is 400
--------------------------------------------------


Area Limit is 400
Best solution has time 0:
	OPERATION:  ADD - ID RESOURCE:  0 - SPEED:  1 - AREA: 40 - OCCURENCY:  0
	OPERATION:  ADD - ID RESOURCE:  0 - SPEED:  1 - AREA: 40 - OCCURENCY:  0
	OPERATION:  ADD - ID RESOURCE:  0 - SPEED:  1 - AREA: 40 - OCCURENCY:  0
	OPERATION:  ADD - ID RESOURCE:  0 - SPEED:  1 - AREA: 40 - OCCURENCY:  0
	OPERATION:  ADD - ID RESOURCE:  0 - SPEED:  1 - AREA: 40 - OCCURENCY:  0
	OPERATION:  ADD - ID RESOURCE:  0 - SPEED:  1 - AREA: 40 - OCCURENCY:  0
	OPERATION:  ADD - ID RESOURCE:  0 - SPEED:  1 - AREA: 40 - OCCURENCY:  0
	OPERATION:  ADD - ID RESOURCE:  0 - SPEED:  1 - AREA: 40 - OCCURENCY:  0
Final area is 0

The elapsed time is 0.021286 seconds

--------------------------------------------------
Current local time and date: Wed Jul 21 20:28:00 2021

DFG is write_bmp_header_dfg__7.txt
Reasources are RTL_resoruces.txt
Area Limit is 400
--------------------------------------------------


Area Limit is 400
Best solution has time 0:
	OPERATION:  ADD - ID RESOURCE:  0 - SPEED:  1 - AREA: 40 - OCCURENCY:  0
	OPERATION:  ADD - ID RESOURCE:  0 - SPEED:  1 - AREA: 40 - OCCURENCY:  0
	OPERATION:  ADD - ID RESOURCE:  0 - SPEED:  1 - AREA: 40 - OCCURENCY:  0
	OPERATION:  ADD - ID RESOURCE:  0 - SPEED:  1 - AREA: 40 - OCCURENCY:  0
	OPERATION:  ADD - ID RESOURCE:  0 - SPEED:  1 - AREA: 40 - OCCURENCY:  0
	OPERATION:  ADD - ID RESOURCE:  0 - SPEED:  1 - AREA: 40 - OCCURENCY:  0
	OPERATION:  ADD - ID RESOURCE:  0 - SPEED:  1 - AREA: 40 - OCCURENCY:  0
	OPERATION:  ADD - ID RESOURCE:  0 - SPEED:  1 - AREA: 40 - OCCURENCY:  0
Final area is 0

The elapsed time is 0.019365 seconds

--------------------------------------------------
Current local time and date: Wed Jul 21 20:28:24 2021

DFG is write_bmp_header_dfg__7.txt
Reasources are RTL_resoruces.txt
Area Limit is 400
--------------------------------------------------


Area Limit is 400
Best solution has time 0:
	OPERATION:  ADD - ID RESOURCE:  0 - SPEED:  1 - AREA: 40 - OCCURENCY:  0
	OPERATION:  ADD - ID RESOURCE:  0 - SPEED:  1 - AREA: 40 - OCCURENCY:  0
	OPERATION:  ADD - ID RESOURCE:  0 - SPEED:  1 - AREA: 40 - OCCURENCY:  0
	OPERATION:  ADD - ID RESOURCE:  0 - SPEED:  1 - AREA: 40 - OCCURENCY:  0
	OPERATION:  ADD - ID RESOURCE:  0 - SPEED:  1 - AREA: 40 - OCCURENCY:  0
	OPERATION:  ADD - ID RESOURCE:  0 - SPEED:  1 - AREA: 40 - OCCURENCY:  0
	OPERATION:  ADD - ID RESOURCE:  0 - SPEED:  1 - AREA: 40 - OCCURENCY:  0
	OPERATION:  ADD - ID RESOURCE:  0 - SPEED:  1 - AREA: 40 - OCCURENCY:  0
Final area is 0

The elapsed time is 0.023563 seconds

--------------------------------------------------
Current local time and date: Wed Jul 21 20:29:39 2021

DFG is write_bmp_header_dfg__7.txt
Reasources are RTL_resoruces.txt
Area Limit is 400
--------------------------------------------------


Area Limit is 400
Best solution has time 0:
	OPERATION:  ADD - ID RESOURCE:  0 - SPEED:  1 - AREA: 40 - OCCURENCY:  0
	OPERATION:  ADD - ID RESOURCE:  0 - SPEED:  1 - AREA: 40 - OCCURENCY:  0
	OPERATION:  ADD - ID RESOURCE:  0 - SPEED:  1 - AREA: 40 - OCCURENCY:  0
	OPERATION:  ADD - ID RESOURCE:  0 - SPEED:  1 - AREA: 40 - OCCURENCY:  0
	OPERATION:  ADD - ID RESOURCE:  0 - SPEED:  1 - AREA: 40 - OCCURENCY:  0
	OPERATION:  ADD - ID RESOURCE:  0 - SPEED:  1 - AREA: 40 - OCCURENCY:  0
	OPERATION:  ADD - ID RESOURCE:  0 - SPEED:  1 - AREA: 40 - OCCURENCY:  0
	OPERATION:  ADD - ID RESOURCE:  0 - SPEED:  1 - AREA: 40 - OCCURENCY:  0
Final area is 0

The elapsed time is 0.020255 seconds

--------------------------------------------------
Current local time and date: Wed Jul 21 20:30:41 2021

DFG is arf.txt
Reasources are RTL_resoruces.txt
Area Limit is 400
--------------------------------------------------


Area Limit is 400
Best solution has time 15:
	OPERATION:  MUL - ID RESOURCE:  3 - SPEED:  2 - AREA: 100 - OCCURENCY:  3
	OPERATION:  ADD - ID RESOURCE:  0 - SPEED:  1 - AREA: 40 - OCCURENCY:  2
Final area is 380

The elapsed time is 0.035834 seconds

--------------------------------------------------
Current local time and date: Wed Jul 21 20:33:34 2021

DFG is write_bmp_header_dfg__7.txt
Reasources are RTL_resoruces.txt
Area Limit is 400
--------------------------------------------------


Area Limit is 400
Best solution has time 0:
	OPERATION:  ADD - ID RESOURCE:  0 - SPEED:  1 - AREA: 40 - OCCURENCY:  0
	OPERATION:  ADD - ID RESOURCE:  0 - SPEED:  1 - AREA: 40 - OCCURENCY:  0
	OPERATION:  ADD - ID RESOURCE:  0 - SPEED:  1 - AREA: 40 - OCCURENCY:  0
	OPERATION:  ADD - ID RESOURCE:  0 - SPEED:  1 - AREA: 40 - OCCURENCY:  0
	OPERATION:  ADD - ID RESOURCE:  0 - SPEED:  1 - AREA: 40 - OCCURENCY:  0
	OPERATION:  ADD - ID RESOURCE:  0 - SPEED:  1 - AREA: 40 - OCCURENCY:  0
	OPERATION:  ADD - ID RESOURCE:  0 - SPEED:  1 - AREA: 40 - OCCURENCY:  0
	OPERATION:  ADD - ID RESOURCE:  0 - SPEED:  1 - AREA: 40 - OCCURENCY:  0
Final area is 0

The elapsed time is 0.021125 seconds

--------------------------------------------------
Current local time and date: Wed Jul 21 20:35:57 2021

DFG is write_bmp_header_dfg__7.txt
Reasources are RTL_resoruces.txt
Area Limit is 400
--------------------------------------------------


Area Limit is 400
Best solution has time 0:
	OPERATION:  ADD - ID RESOURCE:  0 - SPEED:  1 - AREA: 40 - OCCURENCY:  0
	OPERATION:  ADD - ID RESOURCE:  0 - SPEED:  1 - AREA: 40 - OCCURENCY:  0
	OPERATION:  ADD - ID RESOURCE:  0 - SPEED:  1 - AREA: 40 - OCCURENCY:  0
	OPERATION:  ADD - ID RESOURCE:  0 - SPEED:  1 - AREA: 40 - OCCURENCY:  0
	OPERATION:  ADD - ID RESOURCE:  0 - SPEED:  1 - AREA: 40 - OCCURENCY:  0
	OPERATION:  ADD - ID RESOURCE:  0 - SPEED:  1 - AREA: 40 - OCCURENCY:  0
	OPERATION:  ADD - ID RESOURCE:  0 - SPEED:  1 - AREA: 40 - OCCURENCY:  0
	OPERATION:  ADD - ID RESOURCE:  0 - SPEED:  1 - AREA: 40 - OCCURENCY:  0
Final area is 0

The elapsed time is 0.010541 seconds

--------------------------------------------------
Current local time and date: Wed Jul 21 20:38:03 2021

DFG is write_bmp_header_dfg__7.txt
Reasources are RTL_resoruces.txt
Area Limit is 400
--------------------------------------------------


Area Limit is 400
Best solution has time 0:
	OPERATION:  ADD - ID RESOURCE:  0 - SPEED:  1 - AREA: 40 - OCCURENCY:  0
	OPERATION:  ADD - ID RESOURCE:  0 - SPEED:  1 - AREA: 40 - OCCURENCY:  0
	OPERATION:  ADD - ID RESOURCE:  0 - SPEED:  1 - AREA: 40 - OCCURENCY:  0
	OPERATION:  ADD - ID RESOURCE:  0 - SPEED:  1 - AREA: 40 - OCCURENCY:  0
	OPERATION:  ADD - ID RESOURCE:  0 - SPEED:  1 - AREA: 40 - OCCURENCY:  0
	OPERATION:  ADD - ID RESOURCE:  0 - SPEED:  1 - AREA: 40 - OCCURENCY:  0
	OPERATION:  ADD - ID RESOURCE:  0 - SPEED:  1 - AREA: 40 - OCCURENCY:  0
	OPERATION:  ADD - ID RESOURCE:  0 - SPEED:  1 - AREA: 40 - OCCURENCY:  0
Final area is 0

The elapsed time is 0.010285 seconds

--------------------------------------------------
Current local time and date: Wed Jul 21 20:38:59 2021

DFG is write_bmp_header_dfg__7.txt
Reasources are RTL_resoruces.txt
Area Limit is 400
--------------------------------------------------


Area Limit is 400
Best solution has time 0:
	OPERATION:  ADD - ID RESOURCE:  0 - SPEED:  1 - AREA: 40 - OCCURENCY:  0
	OPERATION:  ADD - ID RESOURCE:  0 - SPEED:  1 - AREA: 40 - OCCURENCY:  0
	OPERATION:  ADD - ID RESOURCE:  0 - SPEED:  1 - AREA: 40 - OCCURENCY:  0
	OPERATION:  ADD - ID RESOURCE:  0 - SPEED:  1 - AREA: 40 - OCCURENCY:  0
	OPERATION:  ADD - ID RESOURCE:  0 - SPEED:  1 - AREA: 40 - OCCURENCY:  0
	OPERATION:  ADD - ID RESOURCE:  0 - SPEED:  1 - AREA: 40 - OCCURENCY:  0
	OPERATION:  ADD - ID RESOURCE:  0 - SPEED:  1 - AREA: 40 - OCCURENCY:  0
	OPERATION:  ADD - ID RESOURCE:  0 - SPEED:  1 - AREA: 40 - OCCURENCY:  0
Final area is 0

The elapsed time is 0.010242 seconds

--------------------------------------------------
Current local time and date: Wed Jul 21 20:39:15 2021

DFG is write_bmp_header_dfg__7.txt
Reasources are RTL_resoruces.txt
Area Limit is 400
--------------------------------------------------


Area Limit is 400
Best solution has time 0:
	OPERATION:  ADD - ID RESOURCE:  0 - SPEED:  1 - AREA: 40 - OCCURENCY:  0
	OPERATION:  ADD - ID RESOURCE:  0 - SPEED:  1 - AREA: 40 - OCCURENCY:  0
	OPERATION:  ADD - ID RESOURCE:  0 - SPEED:  1 - AREA: 40 - OCCURENCY:  0
	OPERATION:  ADD - ID RESOURCE:  0 - SPEED:  1 - AREA: 40 - OCCURENCY:  0
	OPERATION:  ADD - ID RESOURCE:  0 - SPEED:  1 - AREA: 40 - OCCURENCY:  0
	OPERATION:  ADD - ID RESOURCE:  0 - SPEED:  1 - AREA: 40 - OCCURENCY:  0
	OPERATION:  ADD - ID RESOURCE:  0 - SPEED:  1 - AREA: 40 - OCCURENCY:  0
	OPERATION:  ADD - ID RESOURCE:  0 - SPEED:  1 - AREA: 40 - OCCURENCY:  0
Final area is 0

The elapsed time is 0.010244 seconds

--------------------------------------------------
Current local time and date: Wed Jul 21 20:39:43 2021

DFG is write_bmp_header_dfg__7.txt
Reasources are RTL_resoruces.txt
Area Limit is 400
--------------------------------------------------


Area Limit is 400
Best solution has time 0:
	OPERATION:  ADD - ID RESOURCE:  0 - SPEED:  1 - AREA: 40 - OCCURENCY:  0
	OPERATION:  ADD - ID RESOURCE:  0 - SPEED:  1 - AREA: 40 - OCCURENCY:  0
	OPERATION:  ADD - ID RESOURCE:  0 - SPEED:  1 - AREA: 40 - OCCURENCY:  0
	OPERATION:  ADD - ID RESOURCE:  0 - SPEED:  1 - AREA: 40 - OCCURENCY:  0
	OPERATION:  ADD - ID RESOURCE:  0 - SPEED:  1 - AREA: 40 - OCCURENCY:  0
	OPERATION:  ADD - ID RESOURCE:  0 - SPEED:  1 - AREA: 40 - OCCURENCY:  0
	OPERATION:  ADD - ID RESOURCE:  0 - SPEED:  1 - AREA: 40 - OCCURENCY:  0
	OPERATION:  ADD - ID RESOURCE:  0 - SPEED:  1 - AREA: 40 - OCCURENCY:  0
Final area is 0

The elapsed time is 0.010316 seconds

--------------------------------------------------
Current local time and date: Wed Jul 21 20:39:59 2021

DFG is write_bmp_header_dfg__7.txt
Reasources are RTL_resoruces.txt
Area Limit is 400
--------------------------------------------------


Area Limit is 400
Best solution has time 0:
	OPERATION:  ADD - ID RESOURCE:  0 - SPEED:  1 - AREA: 40 - OCCURENCY:  0
	OPERATION:  ADD - ID RESOURCE:  0 - SPEED:  1 - AREA: 40 - OCCURENCY:  0
	OPERATION:  ADD - ID RESOURCE:  0 - SPEED:  1 - AREA: 40 - OCCURENCY:  0
	OPERATION:  ADD - ID RESOURCE:  0 - SPEED:  1 - AREA: 40 - OCCURENCY:  0
	OPERATION:  ADD - ID RESOURCE:  0 - SPEED:  1 - AREA: 40 - OCCURENCY:  0
	OPERATION:  ADD - ID RESOURCE:  0 - SPEED:  1 - AREA: 40 - OCCURENCY:  0
	OPERATION:  ADD - ID RESOURCE:  0 - SPEED:  1 - AREA: 40 - OCCURENCY:  0
	OPERATION:  ADD - ID RESOURCE:  0 - SPEED:  1 - AREA: 40 - OCCURENCY:  0
Final area is 0

The elapsed time is 0.010386 seconds

--------------------------------------------------
Current local time and date: Wed Jul 21 20:40:25 2021

DFG is write_bmp_header_dfg__7.txt
Reasources are RTL_resoruces.txt
Area Limit is 400
--------------------------------------------------


Area Limit is 400
Best solution has time 0:
	OPERATION:  ADD - ID RESOURCE:  0 - SPEED:  1 - AREA: 40 - OCCURENCY:  0
	OPERATION:  ADD - ID RESOURCE:  0 - SPEED:  1 - AREA: 40 - OCCURENCY:  0
	OPERATION:  ADD - ID RESOURCE:  0 - SPEED:  1 - AREA: 40 - OCCURENCY:  0
	OPERATION:  ADD - ID RESOURCE:  0 - SPEED:  1 - AREA: 40 - OCCURENCY:  0
	OPERATION:  ADD - ID RESOURCE:  0 - SPEED:  1 - AREA: 40 - OCCURENCY:  0
	OPERATION:  ADD - ID RESOURCE:  0 - SPEED:  1 - AREA: 40 - OCCURENCY:  0
	OPERATION:  ADD - ID RESOURCE:  0 - SPEED:  1 - AREA: 40 - OCCURENCY:  0
	OPERATION:  ADD - ID RESOURCE:  0 - SPEED:  1 - AREA: 40 - OCCURENCY:  0
Final area is 0

The elapsed time is 0.010283 seconds

--------------------------------------------------
Current local time and date: Wed Jul 21 20:40:36 2021

DFG is write_bmp_header_dfg__7.txt
Reasources are RTL_resoruces.txt
Area Limit is 400
--------------------------------------------------


Area Limit is 400
Best solution has time 48:
	OPERATION:  ADD - ID RESOURCE:  0 - SPEED:  1 - AREA: 40 - OCCURENCY: 240
	OPERATION:  ADD - ID RESOURCE:  0 - SPEED:  1 - AREA: 40 - OCCURENCY:  0
	OPERATION:  ADD - ID RESOURCE:  0 - SPEED:  1 - AREA: 40 - OCCURENCY:  0
	OPERATION:  ADD - ID RESOURCE:  0 - SPEED:  1 - AREA: 40 - OCCURENCY:  0
Final area is 2

The elapsed time is 0.021655 seconds

--------------------------------------------------
Current local time and date: Wed Jul 21 20:43:11 2021

DFG is dfg.txt
Reasources are RTL_resoruces.txt
Area Limit is 400
--------------------------------------------------


Area Limit is 400
Best solution has time 13:
	OPERATION:  DIV - ID RESOURCE:  7 - SPEED: 10 - AREA: 200 - OCCURENCY:  1
	OPERATION:  MUL - ID RESOURCE:  3 - SPEED:  2 - AREA: 100 - OCCURENCY:  1
	OPERATION:  ADD - ID RESOURCE:  0 - SPEED:  1 - AREA: 40 - OCCURENCY:  2
Final area is 380

The elapsed time is 0.012754 seconds

--------------------------------------------------
Current local time and date: Wed Jul 21 20:43:16 2021

DFG is dfg.txt
Reasources are RTL_resoruces.txt
Area Limit is 450
--------------------------------------------------


Area Limit is 450
Best solution has time 10:
	OPERATION:  DIV - ID RESOURCE:  6 - SPEED:  6 - AREA: 300 - OCCURENCY:  1
	OPERATION:  MUL - ID RESOURCE:  3 - SPEED:  2 - AREA: 100 - OCCURENCY:  1
	OPERATION:  ADD - ID RESOURCE:  0 - SPEED:  1 - AREA: 40 - OCCURENCY:  1
Final area is 440

The elapsed time is 0.009889 seconds

--------------------------------------------------
Current local time and date: Wed Jul 21 20:44:44 2021

DFG is arf.txt
Reasources are RTL_resoruces.txt
Area Limit is 450
--------------------------------------------------


Area Limit is 450
Best solution has time 15:
	OPERATION:  MUL - ID RESOURCE:  3 - SPEED:  2 - AREA: 100 - OCCURENCY:  3
	OPERATION:  ADD - ID RESOURCE:  0 - SPEED:  1 - AREA: 40 - OCCURENCY:  2
Final area is 380

The elapsed time is 0.029417 seconds

--------------------------------------------------
Current local time and date: Wed Jul 21 20:49:54 2021

DFG is write_bmp_header_dfg__7.txt
Reasources are RTL_resoruces.txt
Area Limit is 400
--------------------------------------------------


Area Limit is 400
Best solution has time 48:
	OPERATION:  ADD - ID RESOURCE:  0 - SPEED:  1 - AREA: 40 - OCCURENCY:  0
	OPERATION:  ADD - ID RESOURCE:  0 - SPEED:  1 - AREA: 40 - OCCURENCY:  0
	OPERATION:  ADD - ID RESOURCE:  0 - SPEED:  1 - AREA: 40 - OCCURENCY:  0
Final area is 2

The elapsed time is 0.022910 seconds

--------------------------------------------------
Current local time and date: Wed Jul 21 20:51:48 2021

DFG is write_bmp_header_dfg__7.txt
Reasources are RTL_resoruces.txt
Area Limit is 400
--------------------------------------------------


Area Limit is 400
Best solution has time 48:
	OPERATION:  ADD - ID RESOURCE:  0 - SPEED:  1 - AREA: 40 - OCCURENCY:  0
	OPERATION:  ADD - ID RESOURCE:  0 - SPEED:  1 - AREA: 40 - OCCURENCY:  0
	OPERATION:  ADD - ID RESOURCE:  0 - SPEED:  1 - AREA: 40 - OCCURENCY:  0
Final area is 2

The elapsed time is 0.021804 seconds

--------------------------------------------------
Current local time and date: Wed Jul 21 20:52:22 2021

DFG is write_bmp_header_dfg__7.txt
Reasources are RTL_resoruces.txt
Area Limit is 400
--------------------------------------------------


Area Limit is 400
Best solution has time 48:
	OPERATION:  ADD - ID RESOURCE:  0 - SPEED:  1 - AREA: 40 - OCCURENCY: 32
	OPERATION:  ADD - ID RESOURCE:  0 - SPEED:  1 - AREA: 40 - OCCURENCY:  0
	OPERATION:  ADD - ID RESOURCE:  0 - SPEED:  1 - AREA: 40 - OCCURENCY:  0
	OPERATION:  ADD - ID RESOURCE:  0 - SPEED:  1 - AREA: 40 - OCCURENCY:  0
Final area is 2

The elapsed time is 0.022973 seconds

--------------------------------------------------
Current local time and date: Wed Jul 21 20:54:08 2021

DFG is write_bmp_header_dfg__7.txt
Reasources are RTL_resoruces.txt
Area Limit is 400
--------------------------------------------------


Area Limit is 400
Best solution has time 48:
	OPERATION:  ADD - ID RESOURCE:  0 - SPEED:  1 - AREA: 40 - OCCURENCY:  0
	OPERATION:  ADD - ID RESOURCE:  0 - SPEED:  1 - AREA: 40 - OCCURENCY:  0
	OPERATION:  ADD - ID RESOURCE:  0 - SPEED:  1 - AREA: 40 - OCCURENCY:  0
	OPERATION:  ADD - ID RESOURCE:  0 - SPEED:  1 - AREA: 40 - OCCURENCY:  0
Final area is 2

The elapsed time is 0.023737 seconds

--------------------------------------------------
Current local time and date: Wed Jul 21 20:54:34 2021

DFG is write_bmp_header_dfg__7.txt
Reasources are RTL_resoruces.txt
Area Limit is 400
--------------------------------------------------


Area Limit is 400
Best solution has time 48:
	OPERATION:  ADD - ID RESOURCE:  0 - SPEED:  1 - AREA: 40 - OCCURENCY:  0
	OPERATION:  ADD - ID RESOURCE:  0 - SPEED:  1 - AREA: 40 - OCCURENCY:  0
	OPERATION:  ADD - ID RESOURCE:  0 - SPEED:  1 - AREA: 40 - OCCURENCY:  0
	OPERATION:  ADD - ID RESOURCE:  0 - SPEED:  1 - AREA: 40 - OCCURENCY:  0
	OPERATION:  ADD - ID RESOURCE:  0 - SPEED:  1 - AREA: 40 - OCCURENCY:  0
Final area is 2

The elapsed time is 0.023542 seconds

--------------------------------------------------
Current local time and date: Wed Jul 21 20:54:51 2021

DFG is write_bmp_header_dfg__7.txt
Reasources are RTL_resoruces.txt
Area Limit is 400
--------------------------------------------------


Area Limit is 400
Best solution has time 48:
	OPERATION:  ADD - ID RESOURCE:  0 - SPEED:  1 - AREA: 40 - OCCURENCY:  0
	OPERATION:  ADD - ID RESOURCE:  0 - SPEED:  1 - AREA: 40 - OCCURENCY:  0
	OPERATION:  ADD - ID RESOURCE:  0 - SPEED:  1 - AREA: 40 - OCCURENCY:  0
	OPERATION:  ADD - ID RESOURCE:  0 - SPEED:  1 - AREA: 40 - OCCURENCY:  0
	OPERATION:  ADD - ID RESOURCE:  0 - SPEED:  1 - AREA: 40 - OCCURENCY:  0
	OPERATION:  ADD - ID RESOURCE:  0 - SPEED:  1 - AREA: 40 - OCCURENCY:  0
Final area is 2

The elapsed time is 0.021615 seconds

--------------------------------------------------
Current local time and date: Wed Jul 21 20:55:20 2021

DFG is write_bmp_header_dfg__7.txt
Reasources are RTL_resoruces.txt
Area Limit is 400
--------------------------------------------------


Area Limit is 400
Best solution has time 48:
	OPERATION:  ADD - ID RESOURCE:  0 - SPEED:  1 - AREA: 40 - OCCURENCY:  0
	OPERATION:  ADD - ID RESOURCE:  0 - SPEED:  1 - AREA: 40 - OCCURENCY:  0
	OPERATION:  ADD - ID RESOURCE:  0 - SPEED:  1 - AREA: 40 - OCCURENCY:  0
	OPERATION:  ADD - ID RESOURCE:  0 - SPEED:  1 - AREA: 40 - OCCURENCY:  0
	OPERATION:  ADD - ID RESOURCE:  0 - SPEED:  1 - AREA: 40 - OCCURENCY:  0
	OPERATION:  ADD - ID RESOURCE:  0 - SPEED:  1 - AREA: 40 - OCCURENCY:  0
	OPERATION:  ADD - ID RESOURCE:  0 - SPEED:  1 - AREA: 40 - OCCURENCY:  0
Final area is 2

The elapsed time is 0.021861 seconds

--------------------------------------------------
Current local time and date: Wed Jul 21 20:55:56 2021

DFG is write_bmp_header_dfg__7.txt
Reasources are RTL_resoruces.txt
Area Limit is 400
--------------------------------------------------


Area Limit is 400
Best solution has time 48:
	OPERATION:  BNE - ID RESOURCE: 15 - SPEED:  1 - AREA:  6 - OCCURENCY: 227
	OPERATION:  STR - ID RESOURCE: 13 - SPEED:  2 - AREA: 20 - OCCURENCY:  8
	OPERATION:  ADD - ID RESOURCE:  0 - SPEED:  1 - AREA: 40 - OCCURENCY:  0
	OPERATION:  ADD - ID RESOURCE:  0 - SPEED:  1 - AREA: 40 - OCCURENCY:  0
	OPERATION:  ADD - ID RESOURCE:  0 - SPEED:  1 - AREA: 40 - OCCURENCY:  0
	OPERATION:  ADD - ID RESOURCE:  0 - SPEED:  1 - AREA: 40 - OCCURENCY:  0
	OPERATION:  ADD - ID RESOURCE:  0 - SPEED:  1 - AREA: 40 - OCCURENCY:  0
	OPERATION:  ADD - ID RESOURCE:  0 - SPEED:  1 - AREA: 40 - OCCURENCY:  0
	OPERATION:  ADD - ID RESOURCE:  0 - SPEED:  1 - AREA: 40 - OCCURENCY:  0
Final area is 2

The elapsed time is 0.019840 seconds

--------------------------------------------------
Current local time and date: Wed Jul 21 20:57:18 2021

DFG is write_bmp_header_dfg__7.txt
Reasources are RTL_resoruces.txt
Area Limit is 400
--------------------------------------------------


Area Limit is 400
Best solution has time 48:
	OPERATION:  ADD - ID RESOURCE:  0 - SPEED:  1 - AREA: 40 - OCCURENCY:  0
	OPERATION:  ADD - ID RESOURCE:  0 - SPEED:  1 - AREA: 40 - OCCURENCY:  0
	OPERATION:  ADD - ID RESOURCE:  0 - SPEED:  1 - AREA: 40 - OCCURENCY:  0
	OPERATION:  ADD - ID RESOURCE:  0 - SPEED:  1 - AREA: 40 - OCCURENCY:  0
	OPERATION:  ADD - ID RESOURCE:  0 - SPEED:  1 - AREA: 40 - OCCURENCY:  0
	OPERATION:  ADD - ID RESOURCE:  0 - SPEED:  1 - AREA: 40 - OCCURENCY:  0
Final area is 2

The elapsed time is 0.021556 seconds

--------------------------------------------------
Current local time and date: Wed Jul 21 20:59:11 2021

DFG is write_bmp_header_dfg__7.txt
Reasources are RTL_resoruces.txt
Area Limit is 400
--------------------------------------------------


Area Limit is 400
Best solution has time 48:
	OPERATION:  ADD - ID RESOURCE:  0 - SPEED:  1 - AREA: 40 - OCCURENCY:  0
	OPERATION:  ADD - ID RESOURCE:  0 - SPEED:  1 - AREA: 40 - OCCURENCY:  0
	OPERATION:  ADD - ID RESOURCE:  0 - SPEED:  1 - AREA: 40 - OCCURENCY:  0
	OPERATION:  ADD - ID RESOURCE:  0 - SPEED:  1 - AREA: 40 - OCCURENCY:  0
	OPERATION:  ADD - ID RESOURCE:  0 - SPEED:  1 - AREA: 40 - OCCURENCY:  0
	OPERATION:  ADD - ID RESOURCE:  0 - SPEED:  1 - AREA: 40 - OCCURENCY:  0
Final area is 2

The elapsed time is 0.021783 seconds

--------------------------------------------------
Current local time and date: Wed Jul 21 21:04:21 2021

DFG is write_bmp_header_dfg__7.txt
Reasources are RTL_resoruces.txt
Area Limit is 400
--------------------------------------------------


Area Limit is 400
Best solution has time 48:
	OPERATION:  ADD - ID RESOURCE:  0 - SPEED:  1 - AREA: 40 - OCCURENCY:  0
	OPERATION:  ADD - ID RESOURCE:  0 - SPEED:  1 - AREA: 40 - OCCURENCY:  0
	OPERATION:  ADD - ID RESOURCE:  0 - SPEED:  1 - AREA: 40 - OCCURENCY:  0
	OPERATION:  ADD - ID RESOURCE:  0 - SPEED:  1 - AREA: 40 - OCCURENCY:  0
	OPERATION:  ADD - ID RESOURCE:  0 - SPEED:  1 - AREA: 40 - OCCURENCY:  0
	OPERATION:  ADD - ID RESOURCE:  0 - SPEED:  1 - AREA: 40 - OCCURENCY:  0
Final area is 2

The elapsed time is 0.022798 seconds

--------------------------------------------------
Current local time and date: Wed Jul 21 21:05:17 2021

DFG is write_bmp_header_dfg__7.txt
Reasources are RTL_resoruces.txt
Area Limit is 400
--------------------------------------------------


Area Limit is 400
Best solution has time 48:
	OPERATION:  ADD - ID RESOURCE:  0 - SPEED:  1 - AREA: 40 - OCCURENCY:  0
	OPERATION:  ADD - ID RESOURCE:  0 - SPEED:  1 - AREA: 40 - OCCURENCY:  0
	OPERATION:  ADD - ID RESOURCE:  0 - SPEED:  1 - AREA: 40 - OCCURENCY:  0
	OPERATION:  ADD - ID RESOURCE:  0 - SPEED:  1 - AREA: 40 - OCCURENCY:  0
	OPERATION:  ADD - ID RESOURCE:  0 - SPEED:  1 - AREA: 40 - OCCURENCY:  0
	OPERATION:  ADD - ID RESOURCE:  0 - SPEED:  1 - AREA: 40 - OCCURENCY:  0
Final area is 2

The elapsed time is 0.020585 seconds

--------------------------------------------------
Current local time and date: Wed Jul 21 21:05:56 2021

DFG is write_bmp_header_dfg__7.txt
Reasources are RTL_resoruces.txt
Area Limit is 400
--------------------------------------------------


Area Limit is 400
Best solution has time 48:
	OPERATION:  ADD - ID RESOURCE:  0 - SPEED:  1 - AREA: 40 - OCCURENCY:  0
	OPERATION:  ADD - ID RESOURCE:  0 - SPEED:  1 - AREA: 40 - OCCURENCY:  0
	OPERATION:  ADD - ID RESOURCE:  0 - SPEED:  1 - AREA: 40 - OCCURENCY:  0
	OPERATION:  ADD - ID RESOURCE:  0 - SPEED:  1 - AREA: 40 - OCCURENCY:  0
	OPERATION:  ADD - ID RESOURCE:  0 - SPEED:  1 - AREA: 40 - OCCURENCY:  0
	OPERATION:  ADD - ID RESOURCE:  0 - SPEED:  1 - AREA: 40 - OCCURENCY:  0
Final area is 2

The elapsed time is 0.021147 seconds

--------------------------------------------------
Current local time and date: Wed Jul 21 21:07:14 2021

DFG is write_bmp_header_dfg__7.txt
Reasources are RTL_resoruces.txt
Area Limit is 400
--------------------------------------------------


Area Limit is 400
Best solution has time 48:
	OPERATION:  ADD - ID RESOURCE:  0 - SPEED:  1 - AREA: 40 - OCCURENCY:  0
	OPERATION:  ADD - ID RESOURCE:  0 - SPEED:  1 - AREA: 40 - OCCURENCY:  0
	OPERATION:  ADD - ID RESOURCE:  0 - SPEED:  1 - AREA: 40 - OCCURENCY:  0
	OPERATION:  ADD - ID RESOURCE:  0 - SPEED:  1 - AREA: 40 - OCCURENCY:  0
	OPERATION:  ADD - ID RESOURCE:  0 - SPEED:  1 - AREA: 40 - OCCURENCY:  0
	OPERATION:  ADD - ID RESOURCE:  0 - SPEED:  1 - AREA: 40 - OCCURENCY:  0
Final area is 2

The elapsed time is 0.019498 seconds

--------------------------------------------------
Current local time and date: Wed Jul 21 21:07:59 2021

DFG is write_bmp_header_dfg__7.txt
Reasources are RTL_resoruces.txt
Area Limit is 400
--------------------------------------------------


Area Limit is 400
Best solution has time 48:
	OPERATION:  LSR - ID RESOURCE:  8 - SPEED:  1 - AREA:  5 - OCCURENCY:  8
	OPERATION:  ADD - ID RESOURCE:  0 - SPEED:  1 - AREA: 40 - OCCURENCY:  0
	OPERATION:  ADD - ID RESOURCE:  0 - SPEED:  1 - AREA: 40 - OCCURENCY:  0
	OPERATION:  ADD - ID RESOURCE:  0 - SPEED:  1 - AREA: 40 - OCCURENCY:  0
	OPERATION:  ADD - ID RESOURCE:  0 - SPEED:  1 - AREA: 40 - OCCURENCY:  0
	OPERATION:  ADD - ID RESOURCE:  0 - SPEED:  1 - AREA: 40 - OCCURENCY:  0
	OPERATION:  ADD - ID RESOURCE:  0 - SPEED:  1 - AREA: 40 - OCCURENCY:  0
Final area is 2

The elapsed time is 0.020389 seconds

--------------------------------------------------
Current local time and date: Wed Jul 21 19:53:50 2021

DFG is write_bmp_header_dfg__7.txt
Reasources are RTL_resoruces.txt
Area Limit is 400
--------------------------------------------------


Area Limit is 400
Best solution has time 0:
	OPERATION:  ADD - ID RESOURCE:  0 - SPEED:  1 - AREA: 40 - OCCURENCY:  0
	OPERATION:  ADD - ID RESOURCE:  0 - SPEED:  1 - AREA: 40 - OCCURENCY:  0
	OPERATION:  ADD - ID RESOURCE:  0 - SPEED:  1 - AREA: 40 - OCCURENCY:  0
	OPERATION:  ADD - ID RESOURCE:  0 - SPEED:  1 - AREA: 40 - OCCURENCY:  0
	OPERATION:  ADD - ID RESOURCE:  0 - SPEED:  1 - AREA: 40 - OCCURENCY:  0
	OPERATION:  ADD - ID RESOURCE:  0 - SPEED:  1 - AREA: 40 - OCCURENCY:  0
	OPERATION:  ADD - ID RESOURCE:  0 - SPEED:  1 - AREA: 40 - OCCURENCY:  0
	OPERATION:  ADD - ID RESOURCE:  0 - SPEED:  1 - AREA: 40 - OCCURENCY:  0
	OPERATION:  ADD - ID RESOURCE:  0 - SPEED:  1 - AREA: 40 - OCCURENCY:  0
	OPERATION:  ADD - ID RESOURCE:  0 - SPEED:  1 - AREA: 40 - OCCURENCY:  0
	OPERATION:  ADD - ID RESOURCE:  0 - SPEED:  1 - AREA: 40 - OCCURENCY:  0
Final area is 0

The elapsed time is 0.010310 seconds

--------------------------------------------------
Current local time and date: Wed Jul 21 19:54:17 2021

DFG is write_bmp_header_dfg__7.txt
Reasources are RTL_resoruces.txt
Area Limit is 400
--------------------------------------------------


Area Limit is 400
Best solution has time 0:
	OPERATION:  ADD - ID RESOURCE:  0 - SPEED:  1 - AREA: 40 - OCCURENCY:  0
	OPERATION:  ADD - ID RESOURCE:  0 - SPEED:  1 - AREA: 40 - OCCURENCY:  0
	OPERATION:  ADD - ID RESOURCE:  0 - SPEED:  1 - AREA: 40 - OCCURENCY:  0
	OPERATION:  ADD - ID RESOURCE:  0 - SPEED:  1 - AREA: 40 - OCCURENCY:  0
	OPERATION:  ADD - ID RESOURCE:  0 - SPEED:  1 - AREA: 40 - OCCURENCY:  0
	OPERATION:  ADD - ID RESOURCE:  0 - SPEED:  1 - AREA: 40 - OCCURENCY:  0
	OPERATION:  ADD - ID RESOURCE:  0 - SPEED:  1 - AREA: 40 - OCCURENCY:  0
	OPERATION:  ADD - ID RESOURCE:  0 - SPEED:  1 - AREA: 40 - OCCURENCY:  0
	OPERATION:  ADD - ID RESOURCE:  0 - SPEED:  1 - AREA: 40 - OCCURENCY:  0
	OPERATION:  ADD - ID RESOURCE:  0 - SPEED:  1 - AREA: 40 - OCCURENCY:  0
	OPERATION:  ADD - ID RESOURCE:  0 - SPEED:  1 - AREA: 40 - OCCURENCY:  0
Final area is 0

The elapsed time is 0.008374 seconds

--------------------------------------------------
Current local time and date: Wed Jul 21 19:54:46 2021

DFG is write_bmp_header_dfg__7.txt
Reasources are RTL_resoruces.txt
Area Limit is 400
--------------------------------------------------


Area Limit is 400
Best solution has time 0:
	OPERATION:  ADD - ID RESOURCE:  0 - SPEED:  1 - AREA: 40 - OCCURENCY:  0
	OPERATION:  ADD - ID RESOURCE:  0 - SPEED:  1 - AREA: 40 - OCCURENCY:  0
	OPERATION:  ADD - ID RESOURCE:  0 - SPEED:  1 - AREA: 40 - OCCURENCY:  0
	OPERATION:  ADD - ID RESOURCE:  0 - SPEED:  1 - AREA: 40 - OCCURENCY:  0
	OPERATION:  ADD - ID RESOURCE:  0 - SPEED:  1 - AREA: 40 - OCCURENCY:  0
	OPERATION:  ADD - ID RESOURCE:  0 - SPEED:  1 - AREA: 40 - OCCURENCY:  0
	OPERATION:  ADD - ID RESOURCE:  0 - SPEED:  1 - AREA: 40 - OCCURENCY:  0
	OPERATION:  ADD - ID RESOURCE:  0 - SPEED:  1 - AREA: 40 - OCCURENCY:  0
	OPERATION:  ADD - ID RESOURCE:  0 - SPEED:  1 - AREA: 40 - OCCURENCY:  0
	OPERATION:  ADD - ID RESOURCE:  0 - SPEED:  1 - AREA: 40 - OCCURENCY:  0
	OPERATION:  ADD - ID RESOURCE:  0 - SPEED:  1 - AREA: 40 - OCCURENCY:  0
Final area is 0

The elapsed time is 0.007238 seconds

--------------------------------------------------
Current local time and date: Wed Jul 21 19:55:32 2021

DFG is write_bmp_header_dfg__7.txt
Reasources are RTL_resoruces.txt
Area Limit is 400
--------------------------------------------------


Area Limit is 400
Best solution has time 0:
	OPERATION:  ADD - ID RESOURCE:  0 - SPEED:  1 - AREA: 40 - OCCURENCY:  0
	OPERATION:  ADD - ID RESOURCE:  0 - SPEED:  1 - AREA: 40 - OCCURENCY:  0
	OPERATION:  ADD - ID RESOURCE:  0 - SPEED:  1 - AREA: 40 - OCCURENCY:  0
	OPERATION:  ADD - ID RESOURCE:  0 - SPEED:  1 - AREA: 40 - OCCURENCY:  0
	OPERATION:  ADD - ID RESOURCE:  0 - SPEED:  1 - AREA: 40 - OCCURENCY:  0
	OPERATION:  ADD - ID RESOURCE:  0 - SPEED:  1 - AREA: 40 - OCCURENCY:  0
	OPERATION:  ADD - ID RESOURCE:  0 - SPEED:  1 - AREA: 40 - OCCURENCY:  0
	OPERATION:  ADD - ID RESOURCE:  0 - SPEED:  1 - AREA: 40 - OCCURENCY:  0
	OPERATION:  ADD - ID RESOURCE:  0 - SPEED:  1 - AREA: 40 - OCCURENCY:  0
	OPERATION:  ADD - ID RESOURCE:  0 - SPEED:  1 - AREA: 40 - OCCURENCY:  0
	OPERATION:  ADD - ID RESOURCE:  0 - SPEED:  1 - AREA: 40 - OCCURENCY:  0
Final area is 0

The elapsed time is 0.009028 seconds

--------------------------------------------------
Current local time and date: Wed Jul 21 20:48:34 2021

DFG is arf.txt
Reasources are RTL_resoruces.txt
Area Limit is 400
--------------------------------------------------


Area Limit is 400
Best solution has time 15:
	OPERATION:  MUL - ID RESOURCE:  3 - SPEED:  2 - AREA: 100 - OCCURENCY:  3
	OPERATION:  ADD - ID RESOURCE:  0 - SPEED:  1 - AREA: 40 - OCCURENCY:  2
Final area is 380

The elapsed time is 0.032070 seconds

--------------------------------------------------
Current local time and date: Wed Jul 21 20:49:00 2021

DFG is arf.txt
Reasources are RTL_resoruces.txt
Area Limit is 400
--------------------------------------------------


Area Limit is 400
Best solution has time 15:
	OPERATION:  MUL - ID RESOURCE:  3 - SPEED:  2 - AREA: 100 - OCCURENCY:  3
	OPERATION:  ADD - ID RESOURCE:  0 - SPEED:  1 - AREA: 40 - OCCURENCY:  2
Final area is 380

The elapsed time is 0.041455 seconds

--------------------------------------------------
Current local time and date: Wed Jul 21 20:52:58 2021

DFG is arf.txt
Reasources are RTL_resoruces.txt
Area Limit is 400
--------------------------------------------------


Area Limit is 400
Best solution has time 15:
	OPERATION:  MUL - ID RESOURCE:  3 - SPEED:  2 - AREA: 100 - OCCURENCY:  3
	OPERATION:  ADD - ID RESOURCE:  0 - SPEED:  1 - AREA: 40 - OCCURENCY:  2
Final area is 380

The elapsed time is 0.040698 seconds

--------------------------------------------------
Current local time and date: Wed Jul 21 20:53:40 2021

DFG is write_bmp_header_dfg__7.txt
Reasources are RTL_resoruces.txt
Area Limit is 400
--------------------------------------------------


Area Limit is 400
Best solution has time 0:
	OPERATION:  ADD - ID RESOURCE:  0 - SPEED:  1 - AREA: 40 - OCCURENCY:  0
	OPERATION:  ADD - ID RESOURCE:  0 - SPEED:  1 - AREA: 40 - OCCURENCY:  0
	OPERATION:  ADD - ID RESOURCE:  0 - SPEED:  1 - AREA: 40 - OCCURENCY:  0
	OPERATION:  ADD - ID RESOURCE:  0 - SPEED:  1 - AREA: 40 - OCCURENCY:  0
	OPERATION:  ADD - ID RESOURCE:  0 - SPEED:  1 - AREA: 40 - OCCURENCY:  0
	OPERATION:  ADD - ID RESOURCE:  0 - SPEED:  1 - AREA: 40 - OCCURENCY:  0
	OPERATION:  ADD - ID RESOURCE:  0 - SPEED:  1 - AREA: 40 - OCCURENCY:  0
	OPERATION:  ADD - ID RESOURCE:  0 - SPEED:  1 - AREA: 40 - OCCURENCY:  0
Final area is 0

The elapsed time is 0.025841 seconds

--------------------------------------------------
Current local time and date: Wed Jul 21 20:03:26 2021

DFG is dfg.txt
Reasources are RTL_resoruces.txt
Area Limit is 450
--------------------------------------------------


Area Limit is 450
Best solution has time 10:
	OPERATION:  DIV - ID RESOURCE:  6 - SPEED:  6 - AREA: 300 - OCCURENCY:  1
	OPERATION:  MUL - ID RESOURCE:  3 - SPEED:  2 - AREA: 100 - OCCURENCY:  1
	OPERATION:  ADD - ID RESOURCE:  0 - SPEED:  1 - AREA: 40 - OCCURENCY:  1
Final area is 440

The elapsed time is 0.074272 seconds

--------------------------------------------------
Current local time and date: Wed Jul 21 20:16:55 2021

DFG is dfg.txt
Reasources are RTL_resoruces.txt
Area Limit is 450
--------------------------------------------------


Area Limit is 450
Best solution has time 10:
	OPERATION:  DIV - ID RESOURCE:  6 - SPEED:  6 - AREA: 300 - OCCURENCY:  1
	OPERATION:  MUL - ID RESOURCE:  3 - SPEED:  2 - AREA: 100 - OCCURENCY:  1
	OPERATION:  ADD - ID RESOURCE:  0 - SPEED:  1 - AREA: 40 - OCCURENCY:  1
Final area is 440

The elapsed time is 0.064019 seconds

--------------------------------------------------
Current local time and date: Wed Jul 21 20:07:15 2021

DFG is dfg.txt
Reasources are RTL_resoruces.txt
Area Limit is 400
--------------------------------------------------


Area Limit is 400
Best solution has time 2147483647:
	OPERATION:  ADD - ID RESOURCE:  0 - SPEED:  1 - AREA: 40 - OCCURENCY:  0
	OPERATION:  ADD - ID RESOURCE:  0 - SPEED:  1 - AREA: 40 - OCCURENCY:  0
	OPERATION:  ADD - ID RESOURCE:  0 - SPEED:  1 - AREA: 40 - OCCURENCY:  0
	OPERATION:  ADD - ID RESOURCE:  0 - SPEED:  1 - AREA: 40 - OCCURENCY:  0
Final area is 2147483647

The elapsed time is 4.801329 seconds

--------------------------------------------------
Current local time and date: Wed Jul 21 20:07:33 2021

DFG is dfg.txt
Reasources are RTL_resoruces.txt
Area Limit is 400
--------------------------------------------------


Area Limit is 400
Best solution has time 13:
	OPERATION:  DIV - ID RESOURCE:  7 - SPEED: 10 - AREA: 200 - OCCURENCY:  1
	OPERATION:  MUL - ID RESOURCE:  3 - SPEED:  2 - AREA: 100 - OCCURENCY:  1
	OPERATION:  ADD - ID RESOURCE:  0 - SPEED:  1 - AREA: 40 - OCCURENCY:  2
Final area is 380

The elapsed time is 0.044655 seconds

--------------------------------------------------
Current local time and date: Wed Jul 21 21:30:31 2021

DFG is dfg.txt
Reasources are RTL_resoruces.txt
Area Limit is 400
--------------------------------------------------


Area Limit is 400
Best solution has time 13:
	OPERATION:  DIV - ID RESOURCE:  7 - SPEED: 10 - AREA: 200 - OCCURENCY:  1
	OPERATION:  MUL - ID RESOURCE:  3 - SPEED:  2 - AREA: 100 - OCCURENCY:  1
	OPERATION:  ADD - ID RESOURCE:  0 - SPEED:  1 - AREA: 40 - OCCURENCY:  2
Final area is 380

The elapsed time is 0.060276 seconds

--------------------------------------------------
Current local time and date: Wed Jul 21 21:32:56 2021

DFG is dfg.txt
Reasources are RTL_resoruces.txt
Area Limit is 450
--------------------------------------------------


Area Limit is 450
Best solution has time 10:
	OPERATION:  DIV - ID RESOURCE:  6 - SPEED:  6 - AREA: 300 - OCCURENCY:  1
	OPERATION:  MUL - ID RESOURCE:  3 - SPEED:  2 - AREA: 100 - OCCURENCY:  1
	OPERATION:  ADD - ID RESOURCE:  0 - SPEED:  1 - AREA: 40 - OCCURENCY:  1
Final area is 440

The elapsed time is 0.061647 seconds

--------------------------------------------------
Current local time and date: Wed Jul 21 21:41:32 2021

DFG is dfg.txt
Reasources are RTL_resoruces.txt
Area Limit is 450
--------------------------------------------------


Area Limit is 450
Best solution has time 10:
	OPERATION:  DIV - ID RESOURCE:  6 - SPEED:  6 - AREA: 300 - OCCURENCY:  1
	OPERATION:  MUL - ID RESOURCE:  3 - SPEED:  2 - AREA: 100 - OCCURENCY:  1
	OPERATION:  ADD - ID RESOURCE:  0 - SPEED:  1 - AREA: 40 - OCCURENCY:  1
Final area is 440

The elapsed time is 0.058168 seconds

--------------------------------------------------
Current local time and date: Wed Jul 21 21:42:47 2021

DFG is dfg.txt
Reasources are RTL_resoruces.txt
Area Limit is 450
--------------------------------------------------


Area Limit is 450
Best solution has time 10:
	OPERATION:  DIV - ID RESOURCE:  6 - SPEED:  6 - AREA: 300 - OCCURENCY:  1
	OPERATION:  MUL - ID RESOURCE:  3 - SPEED:  2 - AREA: 100 - OCCURENCY:  1
	OPERATION:  ADD - ID RESOURCE:  0 - SPEED:  1 - AREA: 40 - OCCURENCY:  1
Final area is 440

The elapsed time is 0.072731 seconds

--------------------------------------------------
Current local time and date: Wed Jul 21 21:42:57 2021

DFG is dfg.txt
Reasources are RTL_resoruces.txt
Area Limit is 450
--------------------------------------------------


Area Limit is 450
Best solution has time 10:
	OPERATION:  DIV - ID RESOURCE:  6 - SPEED:  6 - AREA: 300 - OCCURENCY:  1
	OPERATION:  MUL - ID RESOURCE:  3 - SPEED:  2 - AREA: 100 - OCCURENCY:  1
	OPERATION:  ADD - ID RESOURCE:  0 - SPEED:  1 - AREA: 40 - OCCURENCY:  1
Final area is 440

The elapsed time is 0.046419 seconds

