--------------------------------------------------
Start local time and date: Wed Jul 21 23:10:37 2021

End local time and date: Wed Jul 21 23:10:53 2021

DFG is h2v2.txt
Reasources are RTL_resoruces.txt
Area Limit is 500
--------------------------------------------------


Area Limit is 500
Best solution has time 31:
	OPERATION:  STR - ID RESOURCE: 12 - SPEED:  5 - AREA: 10 - OCCURENCY:  1
	OPERATION:  STR - ID RESOURCE: 11 - SPEED:  2 - AREA: 20 - OCCURENCY:  1
	OPERATION:  STR - ID RESOURCE: 10 - SPEED:  1 - AREA: 40 - OCCURENCY:  1
	OPERATION:  LOD - ID RESOURCE:  9 - SPEED:  5 - AREA: 10 - OCCURENCY:  1
	OPERATION:  LOD - ID RESOURCE:  8 - SPEED:  2 - AREA: 20 - OCCURENCY:  1
	OPERATION:  LOD - ID RESOURCE:  7 - SPEED:  1 - AREA: 40 - OCCURENCY:  2
	OPERATION:  ASR - ID RESOURCE:  6 - SPEED:  1 - AREA:  5 - OCCURENCY:  1
	OPERATION:  MUL - ID RESOURCE:  5 - SPEED: 10 - AREA: 40 - OCCURENCY:  1
	OPERATION:  MUL - ID RESOURCE:  4 - SPEED:  5 - AREA: 70 - OCCURENCY:  1
	OPERATION:  MUL - ID RESOURCE:  3 - SPEED:  2 - AREA: 100 - OCCURENCY:  1
	OPERATION:  ADD - ID RESOURCE:  1 - SPEED:  2 - AREA: 20 - OCCURENCY:  1
	OPERATION:  ADD - ID RESOURCE:  0 - SPEED:  1 - AREA: 40 - OCCURENCY:  2
Final area is 495

The elapsed time is 16 seconds

--------------------------------------------------
Start local time and date: Wed Jul 21 23:11:24 2021

End local time and date: Wed Jul 21 23:18:14 2021

DFG is h2v2.txt
Reasources are RTL_resoruces.txt
Area Limit is 500
--------------------------------------------------


Area Limit is 500
Best solution has time 17:
	OPERATION:  STR - ID RESOURCE: 10 - SPEED:  1 - AREA: 40 - OCCURENCY:  1
	OPERATION:  LOD - ID RESOURCE:  7 - SPEED:  1 - AREA: 40 - OCCURENCY:  3
	OPERATION:  ASR - ID RESOURCE:  6 - SPEED:  1 - AREA:  5 - OCCURENCY:  1
	OPERATION:  MUL - ID RESOURCE:  3 - SPEED:  2 - AREA: 100 - OCCURENCY:  1
	OPERATION:  ADD - ID RESOURCE:  0 - SPEED:  1 - AREA: 40 - OCCURENCY:  3
Final area is 385

The elapsed time is 410 seconds

--------------------------------------------------
Start local time and date: Wed Jul 21 20:35:11 2021

End local time and date: Wed Jul 21 20:35:11 2021

DFG is dfg.txt
Reasources are RTL_resoruces.txt
Area Limit is 1000
--------------------------------------------------


Area Limit is 1000
Best solution has time 9:
	OPERATION:  DIV - ID RESOURCE:  6 - SPEED:  6 - AREA: 300 - OCCURENCY:  1
	OPERATION:  MUL - ID RESOURCE:  3 - SPEED:  2 - AREA: 100 - OCCURENCY:  1
	OPERATION:  ADD - ID RESOURCE:  0 - SPEED:  1 - AREA: 40 - OCCURENCY:  2
Final area is 480

The elapsed time is 0.086448 seconds

--------------------------------------------------
Start local time and date: Wed Jul 21 20:35:53 2021

End local time and date: Wed Jul 21 20:35:53 2021

DFG is dfg.txt
Reasources are RTL_resoruces.txt
Area Limit is 1000
--------------------------------------------------


Area Limit is 1000
Best solution has time 9:
	OPERATION:  DIV - ID RESOURCE:  6 - SPEED:  6 - AREA: 300 - OCCURENCY:  1
	OPERATION:  MUL - ID RESOURCE:  3 - SPEED:  2 - AREA: 100 - OCCURENCY:  1
	OPERATION:  ADD - ID RESOURCE:  0 - SPEED:  1 - AREA: 40 - OCCURENCY:  2
Final area is 480

The elapsed time is 0.077381 seconds

--------------------------------------------------
Start local time and date: Wed Jul 21 19:54:35 2021

End local time and date: Wed Jul 21 19:54:35 2021

DFG is dfg.txt
Reasources are RTL_resoruces.txt
Area Limit is 1000
--------------------------------------------------


Area Limit is 1000
Best solution has time 9:
	OPERATION:  DIV - ID RESOURCE:  6 - SPEED:  6 - AREA: 300 - OCCURENCY:  1
	OPERATION:  MUL - ID RESOURCE:  3 - SPEED:  2 - AREA: 100 - OCCURENCY:  1
	OPERATION:  ADD - ID RESOURCE:  0 - SPEED:  1 - AREA: 40 - OCCURENCY:  2
Final area is 480

The elapsed time is 0.085645 seconds

--------------------------------------------------
Start local time and date: Wed Jul 21 20:06:34 2021

End local time and date: Wed Jul 21 20:06:34 2021

DFG is dfg.txt
Reasources are RTL_resoruces.txt
Area Limit is 1000
--------------------------------------------------


Area Limit is 1000
Best solution has time 9:
	OPERATION:  DIV - ID RESOURCE:  6 - SPEED:  6 - AREA: 300 - OCCURENCY:  1
	OPERATION:  MUL - ID RESOURCE:  3 - SPEED:  2 - AREA: 100 - OCCURENCY:  1
	OPERATION:  ADD - ID RESOURCE:  0 - SPEED:  1 - AREA: 40 - OCCURENCY:  2
Final area is 480

The elapsed time is 0.070429 seconds

--------------------------------------------------
Start local time and date: Wed Jul 21 20:06:48 2021

End local time and date: Wed Jul 21 20:06:48 2021

DFG is dfg.txt
Reasources are RTL_resoruces.txt
Area Limit is 1000
--------------------------------------------------


Area Limit is 1000
Best solution has time 9:
	OPERATION:  DIV - ID RESOURCE:  6 - SPEED:  6 - AREA: 300 - OCCURENCY:  1
	OPERATION:  MUL - ID RESOURCE:  3 - SPEED:  2 - AREA: 100 - OCCURENCY:  1
	OPERATION:  ADD - ID RESOURCE:  0 - SPEED:  1 - AREA: 40 - OCCURENCY:  2
Final area is 480

The elapsed time is 0.090517 seconds

--------------------------------------------------
Start local time and date: Wed Jul 21 20:16:17 2021

End local time and date: Wed Jul 21 20:16:17 2021

DFG is dfg.txt
Reasources are RTL_resoruces.txt
Area Limit is 1000
--------------------------------------------------


Area Limit is 1000
Best solution has time 9:
	OPERATION:  DIV - ID RESOURCE:  6 - SPEED:  6 - AREA: 300 - OCCURENCY:  1
	OPERATION:  MUL - ID RESOURCE:  3 - SPEED:  2 - AREA: 100 - OCCURENCY:  1
	OPERATION:  ADD - ID RESOURCE:  0 - SPEED:  1 - AREA: 40 - OCCURENCY:  2
Final area is 480

The elapsed time is 0.084950 seconds

--------------------------------------------------
Start local time and date: Wed Jul 21 20:16:19 2021

End local time and date: Wed Jul 21 20:16:19 2021

DFG is dfg.txt
Reasources are RTL_resoruces.txt
Area Limit is 1000
--------------------------------------------------


Area Limit is 1000
Best solution has time 9:
	OPERATION:  DIV - ID RESOURCE:  6 - SPEED:  6 - AREA: 300 - OCCURENCY:  1
	OPERATION:  MUL - ID RESOURCE:  3 - SPEED:  2 - AREA: 100 - OCCURENCY:  1
	OPERATION:  ADD - ID RESOURCE:  0 - SPEED:  1 - AREA: 40 - OCCURENCY:  2
Final area is 480

The elapsed time is 0.094238 seconds

