--------------------------------------------------
Current local time and date: Wed Jul 21 21:06:22 2021

DFG is h2v2.txt
Reasources are RTL_resoruces.txt
Area Limit is 500
--------------------------------------------------

Best solution has time 17:
	OPERATION:  ADD - ID RESOURCE:  0 - SPEED:  1 - AREA: 40 - OCCURENCY:  3
	OPERATION:  MUL - ID RESOURCE:  3 - SPEED:  2 - AREA: 100 - OCCURENCY:  1
	OPERATION:  ASR - ID RESOURCE:  6 - SPEED:  1 - AREA:  5 - OCCURENCY:  1
	OPERATION:  LOD - ID RESOURCE:  7 - SPEED:  1 - AREA: 40 - OCCURENCY:  3
	OPERATION:  STR - ID RESOURCE: 10 - SPEED:  1 - AREA: 40 - OCCURENCY:  1
Final area is 385


The elapsed time is 1315.595597 seconds

--------------------------------------------------
Start local time and date: Wed Jul 21 21:26:39 2021

End local time and date: Wed Jul 21 21:26:39 2021

DFG is dfg.txt
Reasources are RTL_resoruces.txt
Area Limit is 500
--------------------------------------------------

Best solution has time 9:
	OPERATION:  ADD - ID RESOURCE:  0 - SPEED:  1 - AREA: 40 - OCCURENCY:  2
	OPERATION:  MUL - ID RESOURCE:  3 - SPEED:  2 - AREA: 100 - OCCURENCY:  1
	OPERATION:  DIV - ID RESOURCE:  6 - SPEED:  6 - AREA: 300 - OCCURENCY:  1
Final area is 480

The elapsed time is 0 seconds

--------------------------------------------------
Start local time and date: Wed Jul 21 21:26:46 2021

End local time and date: Wed Jul 21 21:26:46 2021

DFG is arf.txt
Reasources are RTL_resoruces.txt
Area Limit is 500
--------------------------------------------------

Best solution has time 15:
	OPERATION:  ADD - ID RESOURCE:  0 - SPEED:  1 - AREA: 40 - OCCURENCY:  2
	OPERATION:  MUL - ID RESOURCE:  3 - SPEED:  2 - AREA: 100 - OCCURENCY:  3
Final area is 380

The elapsed time is 0 seconds

--------------------------------------------------
Start local time and date: Wed Jul 21 21:49:03 2021

End local time and date: Wed Jul 21 21:49:03 2021

DFG is h2v2.txt
Reasources are RTL_resoruces.txt
Area Limit is 500
--------------------------------------------------

Best solution has time 17:
	OPERATION:  ADD - ID RESOURCE:  0 - SPEED:  1 - AREA: 40 - OCCURENCY:  3
	OPERATION:  MUL - ID RESOURCE:  3 - SPEED:  2 - AREA: 100 - OCCURENCY:  1
	OPERATION:  ASR - ID RESOURCE:  6 - SPEED:  1 - AREA:  5 - OCCURENCY:  1
	OPERATION:  LOD - ID RESOURCE:  7 - SPEED:  1 - AREA: 40 - OCCURENCY:  3
	OPERATION:  STR - ID RESOURCE: 10 - SPEED:  1 - AREA: 40 - OCCURENCY:  1
Final area is 385

The elapsed time is 1318 seconds

--------------------------------------------------
Start local time and date: Wed Jul 21 22:28:28 2021

End local time and date: Wed Jul 21 22:50:26 2021

DFG is h2v2.txt
Reasources are RTL_resoruces.txt
Area Limit is 500
--------------------------------------------------

Best solution has time 17:
	OPERATION:  ADD - ID RESOURCE:  0 - SPEED:  1 - AREA: 40 - OCCURENCY:  3
	OPERATION:  MUL - ID RESOURCE:  3 - SPEED:  2 - AREA: 100 - OCCURENCY:  1
	OPERATION:  ASR - ID RESOURCE:  6 - SPEED:  1 - AREA:  5 - OCCURENCY:  1
	OPERATION:  LOD - ID RESOURCE:  7 - SPEED:  1 - AREA: 40 - OCCURENCY:  3
	OPERATION:  STR - ID RESOURCE: 10 - SPEED:  1 - AREA: 40 - OCCURENCY:  1
Final area is 385

The elapsed time is 1318 seconds

