--------------------------------------------------
Current local time and date: Wed Jul 21 23:03:33 2021

DFG is h2v2.txt
Reasources are RTL_resoruces.txt
Area Limit is 500
--------------------------------------------------


Area Limit is 500
Best solution has time 20:
	OPERATION:  STR - ID RESOURCE: 10 - SPEED:  1 - AREA: 40 - OCCURENCY:  1
	OPERATION:  LOD - ID RESOURCE:  8 - SPEED:  2 - AREA: 20 - OCCURENCY:  3
	OPERATION:  ASR - ID RESOURCE:  6 - SPEED:  1 - AREA:  5 - OCCURENCY:  1
	OPERATION:  MUL - ID RESOURCE:  3 - SPEED:  2 - AREA: 100 - OCCURENCY:  1
	OPERATION:  ADD - ID RESOURCE:  0 - SPEED:  1 - AREA: 40 - OCCURENCY:  2
Final area is 285

The elapsed time is 8.184088 seconds

--------------------------------------------------
Start local time and date: Wed Jul 21 23:07:10 2021

End local time and date: Wed Jul 21 23:08:56 2021

DFG is h2v2.txt
Reasources are RTL_resoruces.txt
Area Limit is 500
--------------------------------------------------


Area Limit is 500
Best solution has time 20:
	OPERATION:  STR - ID RESOURCE: 10 - SPEED:  1 - AREA: 40 - OCCURENCY:  1
	OPERATION:  LOD - ID RESOURCE:  8 - SPEED:  2 - AREA: 20 - OCCURENCY:  3
	OPERATION:  ASR - ID RESOURCE:  6 - SPEED:  1 - AREA:  5 - OCCURENCY:  1
	OPERATION:  MUL - ID RESOURCE:  3 - SPEED:  2 - AREA: 100 - OCCURENCY:  1
	OPERATION:  ADD - ID RESOURCE:  0 - SPEED:  1 - AREA: 40 - OCCURENCY:  2
Final area is 285

The elapsed time is 106 seconds

--------------------------------------------------
Start local time and date: Wed Jul 21 20:51:14 2021

End local time and date: Wed Jul 21 20:51:14 2021

DFG is arf.txt
Reasources are RTL_resoruces.txt
Area Limit is 500
--------------------------------------------------


Area Limit is 500
Best solution has time 15:
	OPERATION:  MUL - ID RESOURCE:  3 - SPEED:  2 - AREA: 100 - OCCURENCY:  3
	OPERATION:  ADD - ID RESOURCE:  0 - SPEED:  1 - AREA: 40 - OCCURENCY:  2
Final area is 380

The elapsed time is 0 seconds

