--------------------------------------------------
Current local time and date: Wed Jul 21 19:55:43 2021

DFG is write_bmp_header_dfg__7.txt
Reasources are RTL_resoruces.txt
Area Limit is 400
--------------------------------------------------


Area Limit is 400
Best solution has time 2147483647:
	OPERATION:  ADD - ID RESOURCE:  0 - SPEED:  1 - AREA: 40 - OCCURENCY:  0
	OPERATION:  ADD - ID RESOURCE:  0 - SPEED:  1 - AREA: 40 - OCCURENCY:  0
	OPERATION:  ADD - ID RESOURCE:  0 - SPEED:  1 - AREA: 40 - OCCURENCY:  0
	OPERATION:  ADD - ID RESOURCE:  0 - SPEED:  1 - AREA: 40 - OCCURENCY:  0
	OPERATION:  ADD - ID RESOURCE:  0 - SPEED:  1 - AREA: 40 - OCCURENCY:  0
	OPERATION:  ADD - ID RESOURCE:  0 - SPEED:  1 - AREA: 40 - OCCURENCY:  0
	OPERATION:  ADD - ID RESOURCE:  0 - SPEED:  1 - AREA: 40 - OCCURENCY:  0
	OPERATION:  ADD - ID RESOURCE:  0 - SPEED:  1 - AREA: 40 - OCCURENCY:  0
	OPERATION:  ADD - ID RESOURCE:  0 - SPEED:  1 - AREA: 40 - OCCURENCY:  0
	OPERATION:  ADD - ID RESOURCE:  0 - SPEED:  1 - AREA: 40 - OCCURENCY:  0
	OPERATION:  ADD - ID RESOURCE:  0 - SPEED:  1 - AREA: 40 - OCCURENCY:  0
	OPERATION:  ADD - ID RESOURCE:  0 - SPEED:  1 - AREA: 40 - OCCURENCY:  0
	OPERATION:  ADD - ID RESOURCE:  0 - SPEED:  1 - AREA: 40 - OCCURENCY:  0
	OPERATION:  ADD - ID RESOURCE:  0 - SPEED:  1 - AREA: 40 - OCCURENCY:  0
	OPERATION:  ADD - ID RESOURCE:  0 - SPEED:  1 - AREA: 40 - OCCURENCY:  0
	OPERATION:  ADD - ID RESOURCE:  0 - SPEED:  1 - AREA: 40 - OCCURENCY:  0
Final area is 2147483647

The elapsed time is 0.002054 seconds

--------------------------------------------------
Current local time and date: Wed Jul 21 19:58:00 2021

DFG is dfg.txt
Reasources are RTL_resoruces.txt
Area Limit is 400
--------------------------------------------------


Area Limit is 400
Best solution has time 13:
	OPERATION:  DIV - ID RESOURCE:  7 - SPEED: 10 - AREA: 200 - OCCURENCY:  1
	OPERATION:  MUL - ID RESOURCE:  3 - SPEED:  2 - AREA: 100 - OCCURENCY:  1
	OPERATION:  ADD - ID RESOURCE:  0 - SPEED:  1 - AREA: 40 - OCCURENCY:  2
Final area is 380

The elapsed time is 0.006394 seconds

--------------------------------------------------
Current local time and date: Wed Jul 21 19:58:18 2021

DFG is write_bmp_header_dfg__7.txt
Reasources are RTL_resoruces.txt
Area Limit is 400
--------------------------------------------------


Area Limit is 400
Best solution has time 2147483647:
	OPERATION:  ADD - ID RESOURCE:  0 - SPEED:  1 - AREA: 40 - OCCURENCY:  0
	OPERATION:  ADD - ID RESOURCE:  0 - SPEED:  1 - AREA: 40 - OCCURENCY:  0
	OPERATION:  ADD - ID RESOURCE:  0 - SPEED:  1 - AREA: 40 - OCCURENCY:  0
	OPERATION:  ADD - ID RESOURCE:  0 - SPEED:  1 - AREA: 40 - OCCURENCY:  0
	OPERATION:  ADD - ID RESOURCE:  0 - SPEED:  1 - AREA: 40 - OCCURENCY:  0
	OPERATION:  ADD - ID RESOURCE:  0 - SPEED:  1 - AREA: 40 - OCCURENCY:  0
	OPERATION:  ADD - ID RESOURCE:  0 - SPEED:  1 - AREA: 40 - OCCURENCY:  0
	OPERATION:  ADD - ID RESOURCE:  0 - SPEED:  1 - AREA: 40 - OCCURENCY:  0
	OPERATION:  ADD - ID RESOURCE:  0 - SPEED:  1 - AREA: 40 - OCCURENCY:  0
	OPERATION:  ADD - ID RESOURCE:  0 - SPEED:  1 - AREA: 40 - OCCURENCY:  0
	OPERATION:  ADD - ID RESOURCE:  0 - SPEED:  1 - AREA: 40 - OCCURENCY:  0
	OPERATION:  ADD - ID RESOURCE:  0 - SPEED:  1 - AREA: 40 - OCCURENCY:  0
	OPERATION:  ADD - ID RESOURCE:  0 - SPEED:  1 - AREA: 40 - OCCURENCY:  0
	OPERATION:  ADD - ID RESOURCE:  0 - SPEED:  1 - AREA: 40 - OCCURENCY:  0
	OPERATION:  ADD - ID RESOURCE:  0 - SPEED:  1 - AREA: 40 - OCCURENCY:  0
	OPERATION:  ADD - ID RESOURCE:  0 - SPEED:  1 - AREA: 40 - OCCURENCY:  0
Final area is 2147483647

The elapsed time is 0.352589 seconds

--------------------------------------------------
Current local time and date: Wed Jul 21 20:00:02 2021

DFG is write_bmp_header_dfg__7.txt
Reasources are RTL_resoruces.txt
Area Limit is 400
--------------------------------------------------


Area Limit is 400
Best solution has time 2147483647:
	OPERATION:  ADD - ID RESOURCE:  0 - SPEED:  1 - AREA: 40 - OCCURENCY:  0
	OPERATION:  ADD - ID RESOURCE:  0 - SPEED:  1 - AREA: 40 - OCCURENCY:  0
	OPERATION:  ADD - ID RESOURCE:  0 - SPEED:  1 - AREA: 40 - OCCURENCY:  0
	OPERATION:  ADD - ID RESOURCE:  0 - SPEED:  1 - AREA: 40 - OCCURENCY:  0
	OPERATION:  ADD - ID RESOURCE:  0 - SPEED:  1 - AREA: 40 - OCCURENCY:  0
	OPERATION:  ADD - ID RESOURCE:  0 - SPEED:  1 - AREA: 40 - OCCURENCY:  0
	OPERATION:  ADD - ID RESOURCE:  0 - SPEED:  1 - AREA: 40 - OCCURENCY:  0
	OPERATION:  ADD - ID RESOURCE:  0 - SPEED:  1 - AREA: 40 - OCCURENCY:  0
	OPERATION:  ADD - ID RESOURCE:  0 - SPEED:  1 - AREA: 40 - OCCURENCY:  0
	OPERATION:  ADD - ID RESOURCE:  0 - SPEED:  1 - AREA: 40 - OCCURENCY:  0
	OPERATION:  ADD - ID RESOURCE:  0 - SPEED:  1 - AREA: 40 - OCCURENCY:  0
	OPERATION:  ADD - ID RESOURCE:  0 - SPEED:  1 - AREA: 40 - OCCURENCY:  0
	OPERATION:  ADD - ID RESOURCE:  0 - SPEED:  1 - AREA: 40 - OCCURENCY:  0
	OPERATION:  ADD - ID RESOURCE:  0 - SPEED:  1 - AREA: 40 - OCCURENCY:  0
	OPERATION:  ADD - ID RESOURCE:  0 - SPEED:  1 - AREA: 40 - OCCURENCY:  0
	OPERATION:  ADD - ID RESOURCE:  0 - SPEED:  1 - AREA: 40 - OCCURENCY:  0
Final area is 2147483647

The elapsed time is 0.301496 seconds

--------------------------------------------------
Current local time and date: Wed Jul 21 20:00:18 2021

DFG is write_bmp_header_dfg__7.txt
Reasources are RTL_resoruces.txt
Area Limit is 400
--------------------------------------------------


Area Limit is 400
Best solution has time 2147483647:
	OPERATION:  ADD - ID RESOURCE:  0 - SPEED:  1 - AREA: 40 - OCCURENCY:  0
	OPERATION:  ADD - ID RESOURCE:  0 - SPEED:  1 - AREA: 40 - OCCURENCY:  0
	OPERATION:  ADD - ID RESOURCE:  0 - SPEED:  1 - AREA: 40 - OCCURENCY:  0
	OPERATION:  ADD - ID RESOURCE:  0 - SPEED:  1 - AREA: 40 - OCCURENCY:  0
	OPERATION:  ADD - ID RESOURCE:  0 - SPEED:  1 - AREA: 40 - OCCURENCY:  0
	OPERATION:  ADD - ID RESOURCE:  0 - SPEED:  1 - AREA: 40 - OCCURENCY:  0
	OPERATION:  ADD - ID RESOURCE:  0 - SPEED:  1 - AREA: 40 - OCCURENCY:  0
	OPERATION:  ADD - ID RESOURCE:  0 - SPEED:  1 - AREA: 40 - OCCURENCY:  0
	OPERATION:  ADD - ID RESOURCE:  0 - SPEED:  1 - AREA: 40 - OCCURENCY:  0
	OPERATION:  ADD - ID RESOURCE:  0 - SPEED:  1 - AREA: 40 - OCCURENCY:  0
	OPERATION:  ADD - ID RESOURCE:  0 - SPEED:  1 - AREA: 40 - OCCURENCY:  0
	OPERATION:  ADD - ID RESOURCE:  0 - SPEED:  1 - AREA: 40 - OCCURENCY:  0
	OPERATION:  ADD - ID RESOURCE:  0 - SPEED:  1 - AREA: 40 - OCCURENCY:  0
	OPERATION:  ADD - ID RESOURCE:  0 - SPEED:  1 - AREA: 40 - OCCURENCY:  0
	OPERATION:  ADD - ID RESOURCE:  0 - SPEED:  1 - AREA: 40 - OCCURENCY:  0
	OPERATION:  ADD - ID RESOURCE:  0 - SPEED:  1 - AREA: 40 - OCCURENCY:  0
Final area is 2147483647

The elapsed time is 0.287915 seconds

--------------------------------------------------
Current local time and date: Wed Jul 21 20:01:48 2021

DFG is write_bmp_header_dfg__7.txt
Reasources are RTL_resoruces.txt
Area Limit is 400
--------------------------------------------------


Area Limit is 400
Best solution has time 2147483647:
	OPERATION:  ADD - ID RESOURCE:  0 - SPEED:  1 - AREA: 40 - OCCURENCY:  0
	OPERATION:  ADD - ID RESOURCE:  0 - SPEED:  1 - AREA: 40 - OCCURENCY:  0
	OPERATION:  ADD - ID RESOURCE:  0 - SPEED:  1 - AREA: 40 - OCCURENCY:  0
	OPERATION:  ADD - ID RESOURCE:  0 - SPEED:  1 - AREA: 40 - OCCURENCY:  0
	OPERATION:  ADD - ID RESOURCE:  0 - SPEED:  1 - AREA: 40 - OCCURENCY:  0
	OPERATION:  ADD - ID RESOURCE:  0 - SPEED:  1 - AREA: 40 - OCCURENCY:  0
	OPERATION:  ADD - ID RESOURCE:  0 - SPEED:  1 - AREA: 40 - OCCURENCY:  0
	OPERATION:  ADD - ID RESOURCE:  0 - SPEED:  1 - AREA: 40 - OCCURENCY:  0
	OPERATION:  ADD - ID RESOURCE:  0 - SPEED:  1 - AREA: 40 - OCCURENCY:  0
	OPERATION:  ADD - ID RESOURCE:  0 - SPEED:  1 - AREA: 40 - OCCURENCY:  0
	OPERATION:  ADD - ID RESOURCE:  0 - SPEED:  1 - AREA: 40 - OCCURENCY:  0
	OPERATION:  ADD - ID RESOURCE:  0 - SPEED:  1 - AREA: 40 - OCCURENCY:  0
	OPERATION:  ADD - ID RESOURCE:  0 - SPEED:  1 - AREA: 40 - OCCURENCY:  0
	OPERATION:  ADD - ID RESOURCE:  0 - SPEED:  1 - AREA: 40 - OCCURENCY:  0
	OPERATION:  ADD - ID RESOURCE:  0 - SPEED:  1 - AREA: 40 - OCCURENCY:  0
	OPERATION:  ADD - ID RESOURCE:  0 - SPEED:  1 - AREA: 40 - OCCURENCY:  0
Final area is 2147483647

The elapsed time is 0.210848 seconds

--------------------------------------------------
Current local time and date: Wed Jul 21 20:02:02 2021

DFG is write_bmp_header_dfg__7.txt
Reasources are RTL_resoruces.txt
Area Limit is 1000
--------------------------------------------------


Area Limit is 1000
Best solution has time 2147483647:
	OPERATION:  ADD - ID RESOURCE:  0 - SPEED:  1 - AREA: 40 - OCCURENCY:  0
	OPERATION:  ADD - ID RESOURCE:  0 - SPEED:  1 - AREA: 40 - OCCURENCY:  0
	OPERATION:  ADD - ID RESOURCE:  0 - SPEED:  1 - AREA: 40 - OCCURENCY:  0
	OPERATION:  ADD - ID RESOURCE:  0 - SPEED:  1 - AREA: 40 - OCCURENCY:  0
	OPERATION:  ADD - ID RESOURCE:  0 - SPEED:  1 - AREA: 40 - OCCURENCY:  0
	OPERATION:  ADD - ID RESOURCE:  0 - SPEED:  1 - AREA: 40 - OCCURENCY:  0
	OPERATION:  ADD - ID RESOURCE:  0 - SPEED:  1 - AREA: 40 - OCCURENCY:  0
	OPERATION:  ADD - ID RESOURCE:  0 - SPEED:  1 - AREA: 40 - OCCURENCY:  0
	OPERATION:  ADD - ID RESOURCE:  0 - SPEED:  1 - AREA: 40 - OCCURENCY:  0
	OPERATION:  ADD - ID RESOURCE:  0 - SPEED:  1 - AREA: 40 - OCCURENCY:  0
	OPERATION:  ADD - ID RESOURCE:  0 - SPEED:  1 - AREA: 40 - OCCURENCY:  0
	OPERATION:  ADD - ID RESOURCE:  0 - SPEED:  1 - AREA: 40 - OCCURENCY:  0
	OPERATION:  ADD - ID RESOURCE:  0 - SPEED:  1 - AREA: 40 - OCCURENCY:  0
	OPERATION:  ADD - ID RESOURCE:  0 - SPEED:  1 - AREA: 40 - OCCURENCY:  0
	OPERATION:  ADD - ID RESOURCE:  0 - SPEED:  1 - AREA: 40 - OCCURENCY:  0
	OPERATION:  ADD - ID RESOURCE:  0 - SPEED:  1 - AREA: 40 - OCCURENCY:  0
Final area is 2147483647

The elapsed time is 0.227002 seconds

--------------------------------------------------
Current local time and date: Wed Jul 21 20:02:25 2021

DFG is write_bmp_header_dfg__7.txt
Reasources are RTL_resoruces.txt
Area Limit is 10000
--------------------------------------------------


Area Limit is 10000
Best solution has time 2147483647:
	OPERATION:  ADD - ID RESOURCE:  0 - SPEED:  1 - AREA: 40 - OCCURENCY:  0
	OPERATION:  ADD - ID RESOURCE:  0 - SPEED:  1 - AREA: 40 - OCCURENCY:  0
	OPERATION:  ADD - ID RESOURCE:  0 - SPEED:  1 - AREA: 40 - OCCURENCY:  0
	OPERATION:  ADD - ID RESOURCE:  0 - SPEED:  1 - AREA: 40 - OCCURENCY:  0
	OPERATION:  ADD - ID RESOURCE:  0 - SPEED:  1 - AREA: 40 - OCCURENCY:  0
	OPERATION:  ADD - ID RESOURCE:  0 - SPEED:  1 - AREA: 40 - OCCURENCY:  0
	OPERATION:  ADD - ID RESOURCE:  0 - SPEED:  1 - AREA: 40 - OCCURENCY:  0
	OPERATION:  ADD - ID RESOURCE:  0 - SPEED:  1 - AREA: 40 - OCCURENCY:  0
	OPERATION:  ADD - ID RESOURCE:  0 - SPEED:  1 - AREA: 40 - OCCURENCY:  0
	OPERATION:  ADD - ID RESOURCE:  0 - SPEED:  1 - AREA: 40 - OCCURENCY:  0
	OPERATION:  ADD - ID RESOURCE:  0 - SPEED:  1 - AREA: 40 - OCCURENCY:  0
	OPERATION:  ADD - ID RESOURCE:  0 - SPEED:  1 - AREA: 40 - OCCURENCY:  0
	OPERATION:  ADD - ID RESOURCE:  0 - SPEED:  1 - AREA: 40 - OCCURENCY:  0
	OPERATION:  ADD - ID RESOURCE:  0 - SPEED:  1 - AREA: 40 - OCCURENCY:  0
	OPERATION:  ADD - ID RESOURCE:  0 - SPEED:  1 - AREA: 40 - OCCURENCY:  0
	OPERATION:  ADD - ID RESOURCE:  0 - SPEED:  1 - AREA: 40 - OCCURENCY:  0
Final area is 2147483647

The elapsed time is 0.226098 seconds

--------------------------------------------------
Current local time and date: Wed Jul 21 20:02:58 2021

DFG is write_bmp_header_dfg__7.txt
Reasources are RTL_resoruces.txt
Area Limit is 4000
--------------------------------------------------


Area Limit is 4000
Best solution has time 2147483647:
	OPERATION:  ADD - ID RESOURCE:  0 - SPEED:  1 - AREA: 40 - OCCURENCY:  0
	OPERATION:  ADD - ID RESOURCE:  0 - SPEED:  1 - AREA: 40 - OCCURENCY:  0
	OPERATION:  ADD - ID RESOURCE:  0 - SPEED:  1 - AREA: 40 - OCCURENCY:  0
	OPERATION:  ADD - ID RESOURCE:  0 - SPEED:  1 - AREA: 40 - OCCURENCY:  0
	OPERATION:  ADD - ID RESOURCE:  0 - SPEED:  1 - AREA: 40 - OCCURENCY:  0
	OPERATION:  ADD - ID RESOURCE:  0 - SPEED:  1 - AREA: 40 - OCCURENCY:  0
	OPERATION:  ADD - ID RESOURCE:  0 - SPEED:  1 - AREA: 40 - OCCURENCY:  0
	OPERATION:  ADD - ID RESOURCE:  0 - SPEED:  1 - AREA: 40 - OCCURENCY:  0
	OPERATION:  ADD - ID RESOURCE:  0 - SPEED:  1 - AREA: 40 - OCCURENCY:  0
	OPERATION:  ADD - ID RESOURCE:  0 - SPEED:  1 - AREA: 40 - OCCURENCY:  0
	OPERATION:  ADD - ID RESOURCE:  0 - SPEED:  1 - AREA: 40 - OCCURENCY:  0
	OPERATION:  ADD - ID RESOURCE:  0 - SPEED:  1 - AREA: 40 - OCCURENCY:  0
	OPERATION:  ADD - ID RESOURCE:  0 - SPEED:  1 - AREA: 40 - OCCURENCY:  0
	OPERATION:  ADD - ID RESOURCE:  0 - SPEED:  1 - AREA: 40 - OCCURENCY:  0
	OPERATION:  ADD - ID RESOURCE:  0 - SPEED:  1 - AREA: 40 - OCCURENCY:  0
	OPERATION:  ADD - ID RESOURCE:  0 - SPEED:  1 - AREA: 40 - OCCURENCY:  0
Final area is 2147483647

The elapsed time is 0.264792 seconds

--------------------------------------------------
Current local time and date: Wed Jul 21 20:04:10 2021

DFG is write_bmp_header_dfg__7.txt
Reasources are RTL_resoruces.txt
Area Limit is 4000
--------------------------------------------------


Area Limit is 4000
Best solution has time 2147483647:
	OPERATION:  ADD - ID RESOURCE:  0 - SPEED:  1 - AREA: 40 - OCCURENCY:  0
	OPERATION:  ADD - ID RESOURCE:  0 - SPEED:  1 - AREA: 40 - OCCURENCY:  0
	OPERATION:  ADD - ID RESOURCE:  0 - SPEED:  1 - AREA: 40 - OCCURENCY:  0
	OPERATION:  ADD - ID RESOURCE:  0 - SPEED:  1 - AREA: 40 - OCCURENCY:  0
	OPERATION:  ADD - ID RESOURCE:  0 - SPEED:  1 - AREA: 40 - OCCURENCY:  0
	OPERATION:  ADD - ID RESOURCE:  0 - SPEED:  1 - AREA: 40 - OCCURENCY:  0
	OPERATION:  ADD - ID RESOURCE:  0 - SPEED:  1 - AREA: 40 - OCCURENCY:  0
	OPERATION:  ADD - ID RESOURCE:  0 - SPEED:  1 - AREA: 40 - OCCURENCY:  0
	OPERATION:  ADD - ID RESOURCE:  0 - SPEED:  1 - AREA: 40 - OCCURENCY:  0
	OPERATION:  ADD - ID RESOURCE:  0 - SPEED:  1 - AREA: 40 - OCCURENCY:  0
	OPERATION:  ADD - ID RESOURCE:  0 - SPEED:  1 - AREA: 40 - OCCURENCY:  0
	OPERATION:  ADD - ID RESOURCE:  0 - SPEED:  1 - AREA: 40 - OCCURENCY:  0
	OPERATION:  ADD - ID RESOURCE:  0 - SPEED:  1 - AREA: 40 - OCCURENCY:  0
	OPERATION:  ADD - ID RESOURCE:  0 - SPEED:  1 - AREA: 40 - OCCURENCY:  0
	OPERATION:  ADD - ID RESOURCE:  0 - SPEED:  1 - AREA: 40 - OCCURENCY:  0
	OPERATION:  ADD - ID RESOURCE:  0 - SPEED:  1 - AREA: 40 - OCCURENCY:  0
Final area is 2147483647

The elapsed time is 0.262787 seconds

--------------------------------------------------
Current local time and date: Wed Jul 21 20:06:04 2021

DFG is write_bmp_header_dfg__7.txt
Reasources are RTL_resoruces.txt
Area Limit is 4000
--------------------------------------------------


Area Limit is 4000
Best solution has time 0:
	OPERATION:  ADD - ID RESOURCE:  0 - SPEED:  1 - AREA: 40 - OCCURENCY:  0
	OPERATION:  ADD - ID RESOURCE:  0 - SPEED:  1 - AREA: 40 - OCCURENCY:  0
	OPERATION:  ADD - ID RESOURCE:  0 - SPEED:  1 - AREA: 40 - OCCURENCY:  0
	OPERATION:  ADD - ID RESOURCE:  0 - SPEED:  1 - AREA: 40 - OCCURENCY:  0
	OPERATION:  ADD - ID RESOURCE:  0 - SPEED:  1 - AREA: 40 - OCCURENCY:  0
	OPERATION:  ADD - ID RESOURCE:  0 - SPEED:  1 - AREA: 40 - OCCURENCY:  0
	OPERATION:  ADD - ID RESOURCE:  0 - SPEED:  1 - AREA: 40 - OCCURENCY:  0
	OPERATION:  ADD - ID RESOURCE:  0 - SPEED:  1 - AREA: 40 - OCCURENCY:  0
Final area is 127

The elapsed time is 0.013913 seconds

--------------------------------------------------
Current local time and date: Wed Jul 21 20:06:23 2021

DFG is write_bmp_header_dfg__7.txt
Reasources are RTL_resoruces.txt
Area Limit is 4000
--------------------------------------------------


Area Limit is 4000
Best solution has time 0:
	OPERATION:  ADD - ID RESOURCE:  0 - SPEED:  1 - AREA: 40 - OCCURENCY:  0
	OPERATION:  ADD - ID RESOURCE:  0 - SPEED:  1 - AREA: 40 - OCCURENCY:  0
	OPERATION:  ADD - ID RESOURCE:  0 - SPEED:  1 - AREA: 40 - OCCURENCY:  0
	OPERATION:  ADD - ID RESOURCE:  0 - SPEED:  1 - AREA: 40 - OCCURENCY:  0
	OPERATION:  ADD - ID RESOURCE:  0 - SPEED:  1 - AREA: 40 - OCCURENCY:  0
	OPERATION:  ADD - ID RESOURCE:  0 - SPEED:  1 - AREA: 40 - OCCURENCY:  0
	OPERATION:  ADD - ID RESOURCE:  0 - SPEED:  1 - AREA: 40 - OCCURENCY:  0
	OPERATION:  ADD - ID RESOURCE:  0 - SPEED:  1 - AREA: 40 - OCCURENCY:  0
Final area is 127

The elapsed time is 0.017516 seconds

--------------------------------------------------
Current local time and date: Wed Jul 21 20:07:17 2021

DFG is dfg.txt
Reasources are RTL_resoruces.txt
Area Limit is 400
--------------------------------------------------


Area Limit is 400
Best solution has time 0:
	OPERATION:  ADD - ID RESOURCE:  0 - SPEED:  1 - AREA: 40 - OCCURENCY:  0
	OPERATION:  ADD - ID RESOURCE:  0 - SPEED:  1 - AREA: 40 - OCCURENCY:  0
	OPERATION:  ADD - ID RESOURCE:  0 - SPEED:  1 - AREA: 40 - OCCURENCY:  0
Final area is 0

The elapsed time is 0.008053 seconds

--------------------------------------------------
Current local time and date: Wed Jul 21 19:54:15 2021

DFG is arf.txt
Reasources are RTL_resoruces.txt
Area Limit is 400
--------------------------------------------------


Area Limit is 400
Best solution has time 0:
	OPERATION:  ADD - ID RESOURCE:  0 - SPEED:  1 - AREA: 40 - OCCURENCY:  0
	OPERATION:  ADD - ID RESOURCE:  0 - SPEED:  1 - AREA: 40 - OCCURENCY:  0
Final area is 0

The elapsed time is 0.019323 seconds

--------------------------------------------------
Current local time and date: Wed Jul 21 19:54:24 2021

DFG is arf.txt
Reasources are RTL_resoruces.txt
Area Limit is 400
--------------------------------------------------


Area Limit is 400
Best solution has time 0:
	OPERATION:  ADD - ID RESOURCE:  0 - SPEED:  1 - AREA: 40 - OCCURENCY:  0
	OPERATION:  ADD - ID RESOURCE:  0 - SPEED:  1 - AREA: 40 - OCCURENCY:  0
Final area is 0

The elapsed time is 0.012511 seconds

--------------------------------------------------
Current local time and date: Wed Jul 21 19:55:35 2021

DFG is arf.txt
Reasources are RTL_resoruces.txt
Area Limit is 400
--------------------------------------------------


Area Limit is 400
Best solution has time 0:
	OPERATION:  ADD - ID RESOURCE:  0 - SPEED:  1 - AREA: 40 - OCCURENCY:  0
	OPERATION:  ADD - ID RESOURCE:  0 - SPEED:  1 - AREA: 40 - OCCURENCY:  0
Final area is 0

The elapsed time is 0.020682 seconds

--------------------------------------------------
Current local time and date: Wed Jul 21 19:59:38 2021

DFG is dfg.txt
Reasources are RTL_resoruces.txt
Area Limit is 400
--------------------------------------------------


Area Limit is 400
Best solution has time 0:
	OPERATION:  ADD - ID RESOURCE:  0 - SPEED:  1 - AREA: 40 - OCCURENCY:  0
	OPERATION:  ADD - ID RESOURCE:  0 - SPEED:  1 - AREA: 40 - OCCURENCY:  0
	OPERATION:  ADD - ID RESOURCE:  0 - SPEED:  1 - AREA: 40 - OCCURENCY:  0
Final area is 0

The elapsed time is 0.036517 seconds

--------------------------------------------------
Current local time and date: Wed Jul 21 20:04:24 2021

DFG is dfg.txt
Reasources are RTL_resoruces.txt
Area Limit is 400
--------------------------------------------------


Area Limit is 400
Best solution has time 110:
	OPERATION:  ADD - ID RESOURCE:  0 - SPEED:  1 - AREA: 40 - OCCURENCY:  0
Final area is 48

The elapsed time is 0.036184 seconds

--------------------------------------------------
Current local time and date: Wed Jul 21 20:05:26 2021

DFG is dfg.txt
Reasources are RTL_resoruces.txt
Area Limit is 400
--------------------------------------------------


Area Limit is 400
Best solution has time 110:
	OPERATION:  ADD - ID RESOURCE:  0 - SPEED:  1 - AREA: 40 - OCCURENCY:  0
Final area is 48

The elapsed time is 0.031138 seconds

--------------------------------------------------
Current local time and date: Wed Jul 21 20:07:31 2021

DFG is dfg.txt
Reasources are RTL_resoruces.txt
Area Limit is 450
--------------------------------------------------


Area Limit is 450
Best solution has time 110:
	OPERATION:  ADD - ID RESOURCE:  0 - SPEED:  1 - AREA: 40 - OCCURENCY:  0
Final area is 48

The elapsed time is 0.042303 seconds

--------------------------------------------------
Current local time and date: Wed Jul 21 20:11:58 2021

DFG is dfg.txt
Reasources are RTL_resoruces.txt
Area Limit is 400
--------------------------------------------------


Area Limit is 400
Best solution has time 110:
	OPERATION:  ADD - ID RESOURCE:  0 - SPEED:  1 - AREA: 40 - OCCURENCY:  0
Final area is 48

The elapsed time is 0.030851 seconds

--------------------------------------------------
Current local time and date: Wed Jul 21 20:12:37 2021

DFG is dfg.txt
Reasources are RTL_resoruces.txt
Area Limit is 400
--------------------------------------------------


Area Limit is 400
Best solution has time 110:
	OPERATION:  ADD - ID RESOURCE:  0 - SPEED:  1 - AREA: 40 - OCCURENCY:  0
Final area is 48

The elapsed time is 0.033897 seconds

--------------------------------------------------
Current local time and date: Wed Jul 21 20:13:40 2021

DFG is dfg.txt
Reasources are RTL_resoruces.txt
Area Limit is 400
--------------------------------------------------


Area Limit is 400
Best solution has time 110:
	OPERATION:  ADD - ID RESOURCE:  0 - SPEED:  1 - AREA: 40 - OCCURENCY:  0
Final area is 48

The elapsed time is 0.026782 seconds

--------------------------------------------------
Current local time and date: Wed Jul 21 20:41:19 2021

DFG is dfg.txt
Reasources are RTL_resoruces.txt
Area Limit is 50
--------------------------------------------------


Area Limit is 50
Best solution has time 0:
	OPERATION:  ADD - ID RESOURCE:  0 - SPEED:  1 - AREA: 40 - OCCURENCY:  0
	OPERATION:  ADD - ID RESOURCE:  0 - SPEED:  1 - AREA: 40 - OCCURENCY:  0
	OPERATION:  ADD - ID RESOURCE:  0 - SPEED:  1 - AREA: 40 - OCCURENCY:  0
Final area is 0

The elapsed time is 0.054816 seconds

--------------------------------------------------
Current local time and date: Wed Jul 21 20:41:32 2021

DFG is dfg.txt
Reasources are RTL_resoruces.txt
Area Limit is 450
--------------------------------------------------


Area Limit is 450
Best solution has time 0:
	OPERATION:  ADD - ID RESOURCE:  0 - SPEED:  1 - AREA: 40 - OCCURENCY:  0
	OPERATION:  ADD - ID RESOURCE:  0 - SPEED:  1 - AREA: 40 - OCCURENCY:  0
	OPERATION:  ADD - ID RESOURCE:  0 - SPEED:  1 - AREA: 40 - OCCURENCY:  0
Final area is 0

The elapsed time is 0.063014 seconds

--------------------------------------------------
Current local time and date: Wed Jul 21 20:41:43 2021

DFG is dfg.txt
Reasources are RTL_resoruces.txt
Area Limit is 450
--------------------------------------------------


Area Limit is 450
Best solution has time 0:
	OPERATION:  ADD - ID RESOURCE:  0 - SPEED:  1 - AREA: 40 - OCCURENCY:  0
	OPERATION:  ADD - ID RESOURCE:  0 - SPEED:  1 - AREA: 40 - OCCURENCY:  0
	OPERATION:  ADD - ID RESOURCE:  0 - SPEED:  1 - AREA: 40 - OCCURENCY:  0
Final area is 0

The elapsed time is 0.043958 seconds

--------------------------------------------------
Current local time and date: Wed Jul 21 20:43:33 2021

DFG is dfg.txt
Reasources are RTL_resoruces.txt
Area Limit is 450
--------------------------------------------------


Area Limit is 450
Best solution has time 0:
	OPERATION:  ADD - ID RESOURCE:  0 - SPEED:  1 - AREA: 40 - OCCURENCY:  0
	OPERATION:  ADD - ID RESOURCE:  0 - SPEED:  1 - AREA: 40 - OCCURENCY:  0
	OPERATION:  ADD - ID RESOURCE:  0 - SPEED:  1 - AREA: 40 - OCCURENCY:  0
Final area is 0

The elapsed time is 0.043013 seconds

--------------------------------------------------
Current local time and date: Wed Jul 21 20:44:46 2021

DFG is dfg.txt
Reasources are RTL_resoruces.txt
Area Limit is 450
--------------------------------------------------


Area Limit is 450
Best solution has time 0:
	OPERATION:  ADD - ID RESOURCE:  0 - SPEED:  1 - AREA: 40 - OCCURENCY:  0
	OPERATION:  ADD - ID RESOURCE:  0 - SPEED:  1 - AREA: 40 - OCCURENCY:  0
	OPERATION:  ADD - ID RESOURCE:  0 - SPEED:  1 - AREA: 40 - OCCURENCY:  0
Final area is 0

The elapsed time is 0.033478 seconds

--------------------------------------------------
Current local time and date: Wed Jul 21 20:46:51 2021

DFG is dfg.txt
Reasources are RTL_resoruces.txt
Area Limit is 450
--------------------------------------------------


Area Limit is 450
Best solution has time 0:
	OPERATION:  ADD - ID RESOURCE:  0 - SPEED:  1 - AREA: 40 - OCCURENCY:  0
	OPERATION:  ADD - ID RESOURCE:  0 - SPEED:  1 - AREA: 40 - OCCURENCY:  0
	OPERATION:  ADD - ID RESOURCE:  0 - SPEED:  1 - AREA: 40 - OCCURENCY:  0
Final area is 0

The elapsed time is 0.053909 seconds

--------------------------------------------------
Current local time and date: Wed Jul 21 20:48:32 2021

DFG is dfg.txt
Reasources are RTL_resoruces.txt
Area Limit is 450
--------------------------------------------------


Area Limit is 450
Best solution has time 10:
	OPERATION:  ADD - ID RESOURCE:  0 - SPEED:  1 - AREA: 40 - OCCURENCY:  0
	OPERATION:  ADD - ID RESOURCE:  0 - SPEED:  1 - AREA: 40 - OCCURENCY:  0
Final area is 440

The elapsed time is 0.035370 seconds

--------------------------------------------------
Current local time and date: Wed Jul 21 20:50:59 2021

DFG is dfg.txt
Reasources are RTL_resoruces.txt
Area Limit is 450
--------------------------------------------------


Area Limit is 450
Best solution has time 10:
	OPERATION:  ADD - ID RESOURCE:  0 - SPEED:  1 - AREA: 40 - OCCURENCY:  0
	OPERATION:  ADD - ID RESOURCE:  0 - SPEED:  1 - AREA: 40 - OCCURENCY:  0
Final area is 440

The elapsed time is 0.059621 seconds

--------------------------------------------------
Current local time and date: Wed Jul 21 20:51:57 2021

DFG is dfg.txt
Reasources are RTL_resoruces.txt
Area Limit is 450
--------------------------------------------------


Area Limit is 450
Best solution has time 10:
	OPERATION:  DIV - ID RESOURCE:  6 - SPEED:  6 - AREA: 300 - OCCURENCY:  1
	OPERATION:  MUL - ID RESOURCE:  3 - SPEED:  2 - AREA: 100 - OCCURENCY:  1
	OPERATION:  ADD - ID RESOURCE:  0 - SPEED:  1 - AREA: 40 - OCCURENCY:  1
Final area is 440

The elapsed time is 0.059693 seconds

--------------------------------------------------
Current local time and date: Wed Jul 21 20:55:46 2021

DFG is dfg.txt
Reasources are RTL_resoruces.txt
Area Limit is 450
--------------------------------------------------


Area Limit is 450
Best solution has time 10:
	OPERATION:  DIV - ID RESOURCE:  6 - SPEED:  6 - AREA: 300 - OCCURENCY:  1
	OPERATION:  MUL - ID RESOURCE:  3 - SPEED:  2 - AREA: 100 - OCCURENCY:  1
	OPERATION:  ADD - ID RESOURCE:  0 - SPEED:  1 - AREA: 40 - OCCURENCY:  1
Final area is 440

The elapsed time is 0.047016 seconds

--------------------------------------------------
Current local time and date: Wed Jul 21 20:56:34 2021

DFG is dfg.txt
Reasources are RTL_resoruces.txt
Area Limit is 450
--------------------------------------------------


Area Limit is 450
Best solution has time 10:
	OPERATION:  DIV - ID RESOURCE:  6 - SPEED:  6 - AREA: 300 - OCCURENCY:  1
	OPERATION:  MUL - ID RESOURCE:  3 - SPEED:  2 - AREA: 100 - OCCURENCY:  1
	OPERATION:  ADD - ID RESOURCE:  0 - SPEED:  1 - AREA: 40 - OCCURENCY:  1
Final area is 440

The elapsed time is 0.035952 seconds

--------------------------------------------------
Current local time and date: Wed Jul 21 20:58:51 2021

DFG is write_bmp_header_dfg__7.txt
Reasources are RTL_resoruces.txt
Area Limit is 5000
--------------------------------------------------


Area Limit is 5000
Best solution has time 0:
	OPERATION:  ADD - ID RESOURCE:  0 - SPEED:  1 - AREA: 40 - OCCURENCY:  0
	OPERATION:  ADD - ID RESOURCE:  0 - SPEED:  1 - AREA: 40 - OCCURENCY:  0
	OPERATION:  ADD - ID RESOURCE:  0 - SPEED:  1 - AREA: 40 - OCCURENCY:  0
	OPERATION:  ADD - ID RESOURCE:  0 - SPEED:  1 - AREA: 40 - OCCURENCY:  0
	OPERATION:  ADD - ID RESOURCE:  0 - SPEED:  1 - AREA: 40 - OCCURENCY:  0
	OPERATION:  ADD - ID RESOURCE:  0 - SPEED:  1 - AREA: 40 - OCCURENCY:  0
	OPERATION:  ADD - ID RESOURCE:  0 - SPEED:  1 - AREA: 40 - OCCURENCY:  0
	OPERATION:  ADD - ID RESOURCE:  0 - SPEED:  1 - AREA: 40 - OCCURENCY:  0
Final area is 0

The elapsed time is 0.443206 seconds

--------------------------------------------------
Current local time and date: Wed Jul 21 21:01:29 2021

DFG is write_bmp_header_dfg__7.txt
Reasources are RTL_resoruces.txt
Area Limit is 5000
--------------------------------------------------


Area Limit is 5000
Best solution has time 2147483647:
	OPERATION:  ADD - ID RESOURCE:  0 - SPEED:  1 - AREA: 40 - OCCURENCY:  0
	OPERATION:  ADD - ID RESOURCE:  0 - SPEED:  1 - AREA: 40 - OCCURENCY:  0
	OPERATION:  ADD - ID RESOURCE:  1 - SPEED:  2 - AREA: 20 - OCCURENCY:  0
	OPERATION:  ADD - ID RESOURCE:  0 - SPEED:  1 - AREA: 40 - OCCURENCY:  0
Final area is 2147483647

The elapsed time is 0.518461 seconds

--------------------------------------------------
Current local time and date: Wed Jul 21 21:04:33 2021

DFG is write_bmp_header_dfg__7.txt
Reasources are RTL_resoruces.txt
Area Limit is 5000
--------------------------------------------------


Area Limit is 5000
Best solution has time 2147483647:
	OPERATION:  ADD - ID RESOURCE:  0 - SPEED:  1 - AREA: 40 - OCCURENCY:  0
	OPERATION:  ADD - ID RESOURCE:  0 - SPEED:  1 - AREA: 40 - OCCURENCY:  0
	OPERATION:  ADD - ID RESOURCE:  0 - SPEED:  1 - AREA: 40 - OCCURENCY:  0
	OPERATION:  ADD - ID RESOURCE:  0 - SPEED:  1 - AREA: 40 - OCCURENCY:  0
	OPERATION:  ADD - ID RESOURCE:  0 - SPEED:  1 - AREA: 40 - OCCURENCY:  0
	OPERATION:  ADD - ID RESOURCE:  0 - SPEED:  1 - AREA: 40 - OCCURENCY:  0
	OPERATION:  ADD - ID RESOURCE:  0 - SPEED:  1 - AREA: 40 - OCCURENCY:  0
	OPERATION:  ADD - ID RESOURCE:  0 - SPEED:  1 - AREA: 40 - OCCURENCY:  0
	OPERATION:  ADD - ID RESOURCE:  0 - SPEED:  1 - AREA: 40 - OCCURENCY:  0
	OPERATION:  ADD - ID RESOURCE:  0 - SPEED:  1 - AREA: 40 - OCCURENCY:  0
	OPERATION:  ADD - ID RESOURCE:  0 - SPEED:  1 - AREA: 40 - OCCURENCY:  0
	OPERATION:  ADD - ID RESOURCE:  0 - SPEED:  1 - AREA: 40 - OCCURENCY:  0
	OPERATION:  ADD - ID RESOURCE:  0 - SPEED:  1 - AREA: 40 - OCCURENCY:  0
	OPERATION:  ADD - ID RESOURCE:  0 - SPEED:  1 - AREA: 40 - OCCURENCY:  0
	OPERATION:  ADD - ID RESOURCE:  0 - SPEED:  1 - AREA: 40 - OCCURENCY:  0
	OPERATION:  ADD - ID RESOURCE:  0 - SPEED:  1 - AREA: 40 - OCCURENCY:  0
Final area is 2147483647

The elapsed time is 0.536955 seconds

--------------------------------------------------
Current local time and date: Wed Jul 21 21:05:07 2021

DFG is write_bmp_header_dfg__7.txt
Reasources are RTL_resoruces.txt
Area Limit is 5000
--------------------------------------------------


Area Limit is 5000
Best solution has time 2147483647:
	OPERATION:  ADD - ID RESOURCE:  0 - SPEED:  1 - AREA: 40 - OCCURENCY: -2121503984
	OPERATION:  ADD - ID RESOURCE:  0 - SPEED:  1 - AREA: 40 - OCCURENCY: 127
	OPERATION:  ADD - ID RESOURCE:  0 - SPEED:  1 - AREA: 40 - OCCURENCY: -2087742272
	OPERATION:  ADD - ID RESOURCE:  0 - SPEED:  1 - AREA: 40 - OCCURENCY: 85
	OPERATION:  ADD - ID RESOURCE:  0 - SPEED:  1 - AREA: 40 - OCCURENCY:  0
	OPERATION:  ADD - ID RESOURCE:  0 - SPEED:  1 - AREA: 40 - OCCURENCY:  0
	OPERATION:  ADD - ID RESOURCE:  0 - SPEED:  1 - AREA: 40 - OCCURENCY:  0
	OPERATION:  ADD - ID RESOURCE:  0 - SPEED:  1 - AREA: 40 - OCCURENCY:  0
	OPERATION:  ADD - ID RESOURCE:  0 - SPEED:  1 - AREA: 40 - OCCURENCY:  0
	OPERATION:  ADD - ID RESOURCE:  0 - SPEED:  1 - AREA: 40 - OCCURENCY:  0
	OPERATION:  ADD - ID RESOURCE:  0 - SPEED:  1 - AREA: 40 - OCCURENCY:  0
	OPERATION:  ADD - ID RESOURCE:  0 - SPEED:  1 - AREA: 40 - OCCURENCY:  0
	OPERATION:  ADD - ID RESOURCE:  0 - SPEED:  1 - AREA: 40 - OCCURENCY:  0
	OPERATION:  ADD - ID RESOURCE:  0 - SPEED:  1 - AREA: 40 - OCCURENCY:  0
	OPERATION:  ADD - ID RESOURCE:  0 - SPEED:  1 - AREA: 40 - OCCURENCY:  0
	OPERATION:  ADD - ID RESOURCE:  0 - SPEED:  1 - AREA: 40 - OCCURENCY:  0
Final area is 2147483647

The elapsed time is 0.327637 seconds

--------------------------------------------------
Current local time and date: Wed Jul 21 21:05:35 2021

DFG is dfg.txt
Reasources are RTL_resoruces.txt
Area Limit is 450
--------------------------------------------------


Area Limit is 450
Best solution has time 10:
	OPERATION:  DIV - ID RESOURCE:  6 - SPEED:  6 - AREA: 300 - OCCURENCY:  1
	OPERATION:  MUL - ID RESOURCE:  3 - SPEED:  2 - AREA: 100 - OCCURENCY:  1
	OPERATION:  ADD - ID RESOURCE:  0 - SPEED:  1 - AREA: 40 - OCCURENCY:  1
Final area is 440

The elapsed time is 0.010768 seconds

--------------------------------------------------
Current local time and date: Wed Jul 21 21:07:02 2021

DFG is dfg.txt
Reasources are RTL_resoruces.txt
Area Limit is 450
--------------------------------------------------


Area Limit is 450
Best solution has time 10:
	OPERATION:  DIV - ID RESOURCE:  6 - SPEED:  6 - AREA: 300 - OCCURENCY:  1
	OPERATION:  MUL - ID RESOURCE:  3 - SPEED:  2 - AREA: 100 - OCCURENCY:  1
	OPERATION:  ADD - ID RESOURCE:  0 - SPEED:  1 - AREA: 40 - OCCURENCY:  1
Final area is 440

The elapsed time is 0.010374 seconds

--------------------------------------------------
Current local time and date: Wed Jul 21 21:07:44 2021

DFG is dfg.txt
Reasources are RTL_resoruces.txt
Area Limit is 450
--------------------------------------------------


Area Limit is 450
Best solution has time 10:
	OPERATION:  DIV - ID RESOURCE:  6 - SPEED:  6 - AREA: 300 - OCCURENCY:  1
	OPERATION:  MUL - ID RESOURCE:  3 - SPEED:  2 - AREA: 100 - OCCURENCY:  1
	OPERATION:  ADD - ID RESOURCE:  0 - SPEED:  1 - AREA: 40 - OCCURENCY:  1
Final area is 440

The elapsed time is 0.009315 seconds

--------------------------------------------------
Current local time and date: Wed Jul 21 21:08:35 2021

DFG is dfg.txt
Reasources are RTL_resoruces.txt
Area Limit is 450
--------------------------------------------------


Area Limit is 450
Best solution has time 10:
	OPERATION:  DIV - ID RESOURCE:  6 - SPEED:  6 - AREA: 300 - OCCURENCY:  1
	OPERATION:  MUL - ID RESOURCE:  3 - SPEED:  2 - AREA: 100 - OCCURENCY:  1
	OPERATION:  ADD - ID RESOURCE:  0 - SPEED:  1 - AREA: 40 - OCCURENCY:  1
Final area is 440

The elapsed time is 0.009504 seconds

--------------------------------------------------
Current local time and date: Wed Jul 21 21:09:33 2021

DFG is write_bmp_header_dfg__7.txt
Reasources are RTL_resoruces.txt
Area Limit is 5000
--------------------------------------------------


Area Limit is 5000
Best solution has time 2147483647:
	OPERATION:  ADD - ID RESOURCE:  0 - SPEED:  1 - AREA: 40 - OCCURENCY:  0
	OPERATION:  ADD - ID RESOURCE:  0 - SPEED:  1 - AREA: 40 - OCCURENCY:  0
	OPERATION:  ADD - ID RESOURCE:  0 - SPEED:  1 - AREA: 40 - OCCURENCY:  0
	OPERATION:  ADD - ID RESOURCE:  0 - SPEED:  1 - AREA: 40 - OCCURENCY:  0
	OPERATION:  ADD - ID RESOURCE:  0 - SPEED:  1 - AREA: 40 - OCCURENCY:  0
	OPERATION:  ADD - ID RESOURCE:  0 - SPEED:  1 - AREA: 40 - OCCURENCY:  0
	OPERATION:  ADD - ID RESOURCE:  0 - SPEED:  1 - AREA: 40 - OCCURENCY:  0
	OPERATION:  ADD - ID RESOURCE:  0 - SPEED:  1 - AREA: 40 - OCCURENCY:  0
	OPERATION:  ADD - ID RESOURCE:  0 - SPEED:  1 - AREA: 40 - OCCURENCY:  0
	OPERATION:  ADD - ID RESOURCE:  0 - SPEED:  1 - AREA: 40 - OCCURENCY:  0
	OPERATION:  ADD - ID RESOURCE:  0 - SPEED:  1 - AREA: 40 - OCCURENCY:  0
	OPERATION:  ADD - ID RESOURCE:  0 - SPEED:  1 - AREA: 40 - OCCURENCY:  0
	OPERATION:  ADD - ID RESOURCE:  0 - SPEED:  1 - AREA: 40 - OCCURENCY:  0
	OPERATION:  ADD - ID RESOURCE:  0 - SPEED:  1 - AREA: 40 - OCCURENCY:  0
	OPERATION:  ADD - ID RESOURCE:  0 - SPEED:  1 - AREA: 40 - OCCURENCY:  0
	OPERATION:  ADD - ID RESOURCE:  0 - SPEED:  1 - AREA: 40 - OCCURENCY:  0
Final area is 2147483647

The elapsed time is 0.324802 seconds

--------------------------------------------------
Current local time and date: Wed Jul 21 21:12:00 2021

DFG is write_bmp_header_dfg__7.txt
Reasources are RTL_resoruces.txt
Area Limit is 5000
--------------------------------------------------


Area Limit is 5000
Best solution has time 2147483647:
	OPERATION:  ADD - ID RESOURCE:  0 - SPEED:  1 - AREA: 40 - OCCURENCY:  0
	OPERATION:  ADD - ID RESOURCE:  0 - SPEED:  1 - AREA: 40 - OCCURENCY:  0
	OPERATION:  ADD - ID RESOURCE:  0 - SPEED:  1 - AREA: 40 - OCCURENCY:  0
	OPERATION:  ADD - ID RESOURCE:  0 - SPEED:  1 - AREA: 40 - OCCURENCY:  0
	OPERATION:  ADD - ID RESOURCE:  0 - SPEED:  1 - AREA: 40 - OCCURENCY:  0
	OPERATION:  ADD - ID RESOURCE:  0 - SPEED:  1 - AREA: 40 - OCCURENCY:  0
	OPERATION:  ADD - ID RESOURCE:  0 - SPEED:  1 - AREA: 40 - OCCURENCY:  0
	OPERATION:  ADD - ID RESOURCE:  0 - SPEED:  1 - AREA: 40 - OCCURENCY:  0
	OPERATION:  ADD - ID RESOURCE:  0 - SPEED:  1 - AREA: 40 - OCCURENCY:  0
	OPERATION:  ADD - ID RESOURCE:  0 - SPEED:  1 - AREA: 40 - OCCURENCY:  0
	OPERATION:  ADD - ID RESOURCE:  0 - SPEED:  1 - AREA: 40 - OCCURENCY:  0
	OPERATION:  ADD - ID RESOURCE:  0 - SPEED:  1 - AREA: 40 - OCCURENCY:  0
	OPERATION:  ADD - ID RESOURCE:  0 - SPEED:  1 - AREA: 40 - OCCURENCY:  0
	OPERATION:  ADD - ID RESOURCE:  0 - SPEED:  1 - AREA: 40 - OCCURENCY:  0
	OPERATION:  ADD - ID RESOURCE:  0 - SPEED:  1 - AREA: 40 - OCCURENCY:  0
	OPERATION:  ADD - ID RESOURCE:  0 - SPEED:  1 - AREA: 40 - OCCURENCY:  0
Final area is 2147483647

The elapsed time is 0.071473 seconds

--------------------------------------------------
Current local time and date: Wed Jul 21 20:10:17 2021

DFG is write_bmp_header_dfg__7.txt
Reasources are RTL_resoruces.txt
Area Limit is 500
--------------------------------------------------


Area Limit is 500
Best solution has time 2147483647:
	OPERATION:  ADD - ID RESOURCE:  0 - SPEED:  1 - AREA: 40 - OCCURENCY: -2052039984
	OPERATION:  ADD - ID RESOURCE:  0 - SPEED:  1 - AREA: 40 - OCCURENCY: 127
	OPERATION:  ADD - ID RESOURCE:  0 - SPEED:  1 - AREA: 40 - OCCURENCY: -2052039984
	OPERATION:  ADD - ID RESOURCE:  0 - SPEED:  1 - AREA: 40 - OCCURENCY: 127
	OPERATION:  ADD - ID RESOURCE:  0 - SPEED:  1 - AREA: 40 - OCCURENCY:  0
	OPERATION:  ADD - ID RESOURCE:  0 - SPEED:  1 - AREA: 40 - OCCURENCY:  0
	OPERATION:  ADD - ID RESOURCE:  0 - SPEED:  1 - AREA: 40 - OCCURENCY:  0
	OPERATION:  ADD - ID RESOURCE:  0 - SPEED:  1 - AREA: 40 - OCCURENCY:  0
	OPERATION:  ADD - ID RESOURCE:  0 - SPEED:  1 - AREA: 40 - OCCURENCY: -1586288664
	OPERATION:  ADD - ID RESOURCE:  0 - SPEED:  1 - AREA: 40 - OCCURENCY: 85
	OPERATION:  ADD - ID RESOURCE:  0 - SPEED:  1 - AREA: 40 - OCCURENCY: -1585571384
	OPERATION:  ADD - ID RESOURCE:  0 - SPEED:  1 - AREA: 40 - OCCURENCY: 85
	OPERATION:  ADD - ID RESOURCE:  0 - SPEED:  1 - AREA: 40 - OCCURENCY:  1
	OPERATION:  ADD - ID RESOURCE:  0 - SPEED:  1 - AREA: 40 - OCCURENCY: 113
	OPERATION:  ADD - ID RESOURCE:  0 - SPEED:  1 - AREA: 40 - OCCURENCY: 992
	OPERATION:  ADD - ID RESOURCE:  0 - SPEED:  1 - AREA: 40 - OCCURENCY:  0
Final area is 2147483647

The elapsed time is 0.051278 seconds

--------------------------------------------------
Current local time and date: Wed Jul 21 20:11:35 2021

DFG is write_bmp_header_dfg__7.txt
Reasources are RTL_resoruces.txt
Area Limit is 500
--------------------------------------------------


Area Limit is 500
Best solution has time 2147483647:
	OPERATION:  ADD - ID RESOURCE:  0 - SPEED:  1 - AREA: 40 - OCCURENCY:  0
	OPERATION:  ADD - ID RESOURCE:  0 - SPEED:  1 - AREA: 40 - OCCURENCY:  0
	OPERATION:  ADD - ID RESOURCE:  0 - SPEED:  1 - AREA: 40 - OCCURENCY:  0
	OPERATION:  ADD - ID RESOURCE:  0 - SPEED:  1 - AREA: 40 - OCCURENCY:  0
	OPERATION:  ADD - ID RESOURCE:  0 - SPEED:  1 - AREA: 40 - OCCURENCY:  0
	OPERATION:  ADD - ID RESOURCE:  0 - SPEED:  1 - AREA: 40 - OCCURENCY:  0
	OPERATION:  ADD - ID RESOURCE:  0 - SPEED:  1 - AREA: 40 - OCCURENCY:  0
	OPERATION:  ADD - ID RESOURCE:  0 - SPEED:  1 - AREA: 40 - OCCURENCY:  0
	OPERATION:  ADD - ID RESOURCE:  0 - SPEED:  1 - AREA: 40 - OCCURENCY:  0
	OPERATION:  ADD - ID RESOURCE:  0 - SPEED:  1 - AREA: 40 - OCCURENCY:  0
	OPERATION:  ADD - ID RESOURCE:  0 - SPEED:  1 - AREA: 40 - OCCURENCY:  0
	OPERATION:  ADD - ID RESOURCE:  0 - SPEED:  1 - AREA: 40 - OCCURENCY:  0
	OPERATION:  ADD - ID RESOURCE:  0 - SPEED:  1 - AREA: 40 - OCCURENCY:  0
	OPERATION:  ADD - ID RESOURCE:  0 - SPEED:  1 - AREA: 40 - OCCURENCY:  0
	OPERATION:  ADD - ID RESOURCE:  0 - SPEED:  1 - AREA: 40 - OCCURENCY:  0
	OPERATION:  ADD - ID RESOURCE:  0 - SPEED:  1 - AREA: 40 - OCCURENCY:  0
Final area is 2147483647

The elapsed time is 0.023269 seconds

--------------------------------------------------
Current local time and date: Wed Jul 21 20:24:05 2021

DFG is write_bmp_header_dfg__7.txt
Reasources are RTL_resoruces.txt
Area Limit is 500
--------------------------------------------------


Area Limit is 500
Best solution has time 2147483647:
	OPERATION:  ADD - ID RESOURCE:  0 - SPEED:  1 - AREA: 40 - OCCURENCY:  0
	OPERATION:  ADD - ID RESOURCE:  0 - SPEED:  1 - AREA: 40 - OCCURENCY:  0
	OPERATION:  ADD - ID RESOURCE:  0 - SPEED:  1 - AREA: 40 - OCCURENCY:  0
	OPERATION:  ADD - ID RESOURCE:  0 - SPEED:  1 - AREA: 40 - OCCURENCY:  0
	OPERATION:  ADD - ID RESOURCE:  0 - SPEED:  1 - AREA: 40 - OCCURENCY:  0
	OPERATION:  ADD - ID RESOURCE:  0 - SPEED:  1 - AREA: 40 - OCCURENCY:  0
	OPERATION:  ADD - ID RESOURCE:  0 - SPEED:  1 - AREA: 40 - OCCURENCY:  0
	OPERATION:  ADD - ID RESOURCE:  0 - SPEED:  1 - AREA: 40 - OCCURENCY:  0
	OPERATION:  ADD - ID RESOURCE:  0 - SPEED:  1 - AREA: 40 - OCCURENCY:  0
	OPERATION:  ADD - ID RESOURCE:  0 - SPEED:  1 - AREA: 40 - OCCURENCY:  0
	OPERATION:  ADD - ID RESOURCE:  0 - SPEED:  1 - AREA: 40 - OCCURENCY:  0
	OPERATION:  ADD - ID RESOURCE:  0 - SPEED:  1 - AREA: 40 - OCCURENCY:  0
	OPERATION:  ADD - ID RESOURCE:  0 - SPEED:  1 - AREA: 40 - OCCURENCY:  0
	OPERATION:  ADD - ID RESOURCE:  0 - SPEED:  1 - AREA: 40 - OCCURENCY:  0
	OPERATION:  ADD - ID RESOURCE:  0 - SPEED:  1 - AREA: 40 - OCCURENCY:  0
	OPERATION:  ADD - ID RESOURCE:  0 - SPEED:  1 - AREA: 40 - OCCURENCY:  0
Final area is 2147483647

The elapsed time is 0.022717 seconds

--------------------------------------------------
Current local time and date: Wed Jul 21 20:25:33 2021

DFG is write_bmp_header_dfg__7.txt
Reasources are RTL_resoruces.txt
Area Limit is 500
--------------------------------------------------


Area Limit is 500
Best solution has time 2147483647:
	OPERATION:  ADD - ID RESOURCE:  0 - SPEED:  1 - AREA: 40 - OCCURENCY:  0
	OPERATION:  ADD - ID RESOURCE:  0 - SPEED:  1 - AREA: 40 - OCCURENCY:  0
	OPERATION:  ADD - ID RESOURCE:  0 - SPEED:  1 - AREA: 40 - OCCURENCY:  0
	OPERATION:  ADD - ID RESOURCE:  0 - SPEED:  1 - AREA: 40 - OCCURENCY:  0
	OPERATION:  ADD - ID RESOURCE:  0 - SPEED:  1 - AREA: 40 - OCCURENCY:  0
	OPERATION:  ADD - ID RESOURCE:  0 - SPEED:  1 - AREA: 40 - OCCURENCY:  0
	OPERATION:  ADD - ID RESOURCE:  0 - SPEED:  1 - AREA: 40 - OCCURENCY:  0
	OPERATION:  ADD - ID RESOURCE:  0 - SPEED:  1 - AREA: 40 - OCCURENCY:  0
	OPERATION:  ADD - ID RESOURCE:  0 - SPEED:  1 - AREA: 40 - OCCURENCY:  0
	OPERATION:  ADD - ID RESOURCE:  0 - SPEED:  1 - AREA: 40 - OCCURENCY:  0
	OPERATION:  ADD - ID RESOURCE:  0 - SPEED:  1 - AREA: 40 - OCCURENCY:  0
	OPERATION:  ADD - ID RESOURCE:  0 - SPEED:  1 - AREA: 40 - OCCURENCY:  0
	OPERATION:  ADD - ID RESOURCE:  0 - SPEED:  1 - AREA: 40 - OCCURENCY:  0
	OPERATION:  ADD - ID RESOURCE:  0 - SPEED:  1 - AREA: 40 - OCCURENCY:  0
	OPERATION:  ADD - ID RESOURCE:  0 - SPEED:  1 - AREA: 40 - OCCURENCY:  0
	OPERATION:  ADD - ID RESOURCE:  0 - SPEED:  1 - AREA: 40 - OCCURENCY:  0
Final area is 2147483647

The elapsed time is 0.020827 seconds

--------------------------------------------------
Current local time and date: Wed Jul 21 20:26:02 2021

DFG is write_bmp_header_dfg__7.txt
Reasources are RTL_resoruces.txt
Area Limit is 500
--------------------------------------------------


Area Limit is 500
Best solution has time 2147483647:
	OPERATION:  ADD - ID RESOURCE:  0 - SPEED:  1 - AREA: 40 - OCCURENCY: 1048582
	OPERATION:  ADD - ID RESOURCE:  0 - SPEED:  1 - AREA: 40 - OCCURENCY:  0
	OPERATION:  ADD - ID RESOURCE:  1 - SPEED:  2 - AREA: 20 - OCCURENCY:  0
	OPERATION:  ADD - ID RESOURCE:  2 - SPEED:  5 - AREA: 10 - OCCURENCY: 3808
	OPERATION:  ADD - ID RESOURCE:  0 - SPEED:  1 - AREA: 40 - OCCURENCY:  0
	OPERATION:  ADD - ID RESOURCE:  0 - SPEED:  1 - AREA: 40 - OCCURENCY: 22336
	OPERATION:  ADD - ID RESOURCE:  0 - SPEED:  1 - AREA: 40 - OCCURENCY:  0
	OPERATION:  ADD - ID RESOURCE:  0 - SPEED:  1 - AREA: 40 - OCCURENCY: 805306381
	OPERATION:  ADD - ID RESOURCE:  0 - SPEED:  1 - AREA: 40 - OCCURENCY:  0
Final area is 2147483647

The elapsed time is 0.054277 seconds

--------------------------------------------------
Current local time and date: Wed Jul 21 20:31:19 2021

DFG is write_bmp_header_dfg__7.txt
Reasources are RTL_resoruces.txt
Area Limit is 500
--------------------------------------------------


Area Limit is 500
Best solution has time 2147483647:
	OPERATION:  ADD - ID RESOURCE:  0 - SPEED:  1 - AREA: 40 - OCCURENCY:  0
	OPERATION:  ADD - ID RESOURCE:  0 - SPEED:  1 - AREA: 40 - OCCURENCY:  0
	OPERATION:  ADD - ID RESOURCE:  0 - SPEED:  1 - AREA: 40 - OCCURENCY:  0
	OPERATION:  ADD - ID RESOURCE:  0 - SPEED:  1 - AREA: 40 - OCCURENCY:  0
	OPERATION:  ADD - ID RESOURCE:  0 - SPEED:  1 - AREA: 40 - OCCURENCY:  0
	OPERATION:  ADD - ID RESOURCE:  0 - SPEED:  1 - AREA: 40 - OCCURENCY:  0
	OPERATION:  ADD - ID RESOURCE:  0 - SPEED:  1 - AREA: 40 - OCCURENCY:  0
	OPERATION:  ADD - ID RESOURCE:  0 - SPEED:  1 - AREA: 40 - OCCURENCY:  0
	OPERATION:  ADD - ID RESOURCE:  0 - SPEED:  1 - AREA: 40 - OCCURENCY:  0
	OPERATION:  ADD - ID RESOURCE:  0 - SPEED:  1 - AREA: 40 - OCCURENCY:  0
	OPERATION:  ADD - ID RESOURCE:  0 - SPEED:  1 - AREA: 40 - OCCURENCY:  0
	OPERATION:  ADD - ID RESOURCE:  0 - SPEED:  1 - AREA: 40 - OCCURENCY:  0
Final area is 2147483647

The elapsed time is 0.055406 seconds

--------------------------------------------------
Current local time and date: Wed Jul 21 20:34:06 2021

DFG is write_bmp_header_dfg__7.txt
Reasources are RTL_resoruces.txt
Area Limit is 500
--------------------------------------------------


Area Limit is 500
Best solution has time 2147483647:
	OPERATION:  ADD - ID RESOURCE:  0 - SPEED:  1 - AREA: 40 - OCCURENCY: -994668592
	OPERATION:  ADD - ID RESOURCE:  0 - SPEED:  1 - AREA: 40 - OCCURENCY: 85
	OPERATION:  ADD - ID RESOURCE:  0 - SPEED:  1 - AREA: 40 - OCCURENCY: -2102531376
	OPERATION:  ADD - ID RESOURCE:  0 - SPEED:  1 - AREA: 40 - OCCURENCY: 127
	OPERATION:  ADD - ID RESOURCE:  0 - SPEED:  1 - AREA: 40 - OCCURENCY:  0
	OPERATION:  ADD - ID RESOURCE:  0 - SPEED:  1 - AREA: 40 - OCCURENCY:  0
	OPERATION:  ADD - ID RESOURCE:  0 - SPEED:  1 - AREA: 40 - OCCURENCY:  0
	OPERATION:  ADD - ID RESOURCE:  0 - SPEED:  1 - AREA: 40 - OCCURENCY:  0
	OPERATION:  ADD - ID RESOURCE:  0 - SPEED:  1 - AREA: 40 - OCCURENCY:  0
	OPERATION:  ADD - ID RESOURCE:  0 - SPEED:  1 - AREA: 40 - OCCURENCY:  0
	OPERATION:  ADD - ID RESOURCE:  0 - SPEED:  1 - AREA: 40 - OCCURENCY:  0
	OPERATION:  ADD - ID RESOURCE:  0 - SPEED:  1 - AREA: 40 - OCCURENCY:  0
Final area is 2147483647

The elapsed time is 0.057562 seconds

--------------------------------------------------
Current local time and date: Wed Jul 21 20:36:45 2021

DFG is write_bmp_header_dfg__7.txt
Reasources are RTL_resoruces.txt
Area Limit is 500
--------------------------------------------------


Area Limit is 500
Best solution has time 2147483647:
	OPERATION:  ASR - ID RESOURCE:  7 - SPEED:  1 - AREA:  5 - OCCURENCY:  0
	OPERATION:  LSR - ID RESOURCE:  8 - SPEED:  1 - AREA:  5 - OCCURENCY:  0
	OPERATION:  ADD - ID RESOURCE:  0 - SPEED:  1 - AREA: 40 - OCCURENCY:  0
	OPERATION:  LSR - ID RESOURCE:  8 - SPEED:  1 - AREA:  5 - OCCURENCY:  0
	OPERATION:  ADD - ID RESOURCE:  1 - SPEED:  2 - AREA: 20 - OCCURENCY: -1607237848
Final area is 2147483647

The elapsed time is 0.033391 seconds

--------------------------------------------------
Current local time and date: Wed Jul 21 20:38:11 2021

DFG is write_bmp_header_dfg__7.txt
Reasources are RTL_resoruces.txt
Area Limit is 500
--------------------------------------------------


Area Limit is 500
Best solution has time 2147483647:
	OPERATION:  ASR - ID RESOURCE:  7 - SPEED:  1 - AREA:  5 - OCCURENCY:  0
	OPERATION:  LSR - ID RESOURCE:  8 - SPEED:  1 - AREA:  5 - OCCURENCY:  0
	OPERATION:  ADD - ID RESOURCE:  0 - SPEED:  1 - AREA: 40 - OCCURENCY:  0
	OPERATION:  LSR - ID RESOURCE:  8 - SPEED:  1 - AREA:  5 - OCCURENCY:  0
	OPERATION:  ADD - ID RESOURCE:  1 - SPEED:  2 - AREA: 20 - OCCURENCY:  0
Final area is 2147483647

The elapsed time is 0.061935 seconds

--------------------------------------------------
Current local time and date: Wed Jul 21 20:40:25 2021

DFG is write_bmp_header_dfg__7.txt
Reasources are RTL_resoruces.txt
Area Limit is 500
--------------------------------------------------


Area Limit is 500
Best solution has time 2147483647:
	OPERATION:  ADD - ID RESOURCE:  0 - SPEED:  1 - AREA: 40 - OCCURENCY:  0
	OPERATION:  ADD - ID RESOURCE:  0 - SPEED:  1 - AREA: 40 - OCCURENCY:  0
	OPERATION:  ADD - ID RESOURCE:  0 - SPEED:  1 - AREA: 40 - OCCURENCY:  0
	OPERATION:  ADD - ID RESOURCE:  0 - SPEED:  1 - AREA: 40 - OCCURENCY:  0
	OPERATION:  ADD - ID RESOURCE:  0 - SPEED:  1 - AREA: 40 - OCCURENCY:  0
	OPERATION:  ADD - ID RESOURCE:  0 - SPEED:  1 - AREA: 40 - OCCURENCY:  0
	OPERATION:  ADD - ID RESOURCE:  0 - SPEED:  1 - AREA: 40 - OCCURENCY:  0
	OPERATION:  ADD - ID RESOURCE:  0 - SPEED:  1 - AREA: 40 - OCCURENCY:  0
	OPERATION:  ADD - ID RESOURCE:  0 - SPEED:  1 - AREA: 40 - OCCURENCY:  0
	OPERATION:  ADD - ID RESOURCE:  0 - SPEED:  1 - AREA: 40 - OCCURENCY:  0
	OPERATION:  ADD - ID RESOURCE:  0 - SPEED:  1 - AREA: 40 - OCCURENCY:  0
	OPERATION:  ADD - ID RESOURCE:  0 - SPEED:  1 - AREA: 40 - OCCURENCY:  0
	OPERATION:  ADD - ID RESOURCE:  0 - SPEED:  1 - AREA: 40 - OCCURENCY:  0
	OPERATION:  ADD - ID RESOURCE:  0 - SPEED:  1 - AREA: 40 - OCCURENCY:  0
	OPERATION:  ADD - ID RESOURCE:  0 - SPEED:  1 - AREA: 40 - OCCURENCY:  0
	OPERATION:  ADD - ID RESOURCE:  0 - SPEED:  1 - AREA: 40 - OCCURENCY:  0
Final area is 2147483647

The elapsed time is 0.065606 seconds

--------------------------------------------------
Current local time and date: Wed Jul 21 20:41:30 2021

DFG is write_bmp_header_dfg__7.txt
Reasources are RTL_resoruces.txt
Area Limit is 500
--------------------------------------------------


Area Limit is 500
Best solution has time 2147483647:
	OPERATION:  ADD - ID RESOURCE:  0 - SPEED:  1 - AREA: 40 - OCCURENCY:  0
	OPERATION:  ADD - ID RESOURCE:  0 - SPEED:  1 - AREA: 40 - OCCURENCY:  0
	OPERATION:  ADD - ID RESOURCE:  0 - SPEED:  1 - AREA: 40 - OCCURENCY:  0
	OPERATION:  ADD - ID RESOURCE:  0 - SPEED:  1 - AREA: 40 - OCCURENCY:  0
	OPERATION:  ADD - ID RESOURCE:  0 - SPEED:  1 - AREA: 40 - OCCURENCY:  0
	OPERATION:  ADD - ID RESOURCE:  0 - SPEED:  1 - AREA: 40 - OCCURENCY:  0
	OPERATION:  ADD - ID RESOURCE:  0 - SPEED:  1 - AREA: 40 - OCCURENCY:  0
	OPERATION:  ADD - ID RESOURCE:  0 - SPEED:  1 - AREA: 40 - OCCURENCY:  0
	OPERATION:  ADD - ID RESOURCE:  0 - SPEED:  1 - AREA: 40 - OCCURENCY:  0
	OPERATION:  ADD - ID RESOURCE:  0 - SPEED:  1 - AREA: 40 - OCCURENCY:  0
	OPERATION:  ADD - ID RESOURCE:  0 - SPEED:  1 - AREA: 40 - OCCURENCY:  0
	OPERATION:  ADD - ID RESOURCE:  0 - SPEED:  1 - AREA: 40 - OCCURENCY:  0
	OPERATION:  ADD - ID RESOURCE:  0 - SPEED:  1 - AREA: 40 - OCCURENCY:  0
	OPERATION:  ADD - ID RESOURCE:  0 - SPEED:  1 - AREA: 40 - OCCURENCY:  0
	OPERATION:  ADD - ID RESOURCE:  0 - SPEED:  1 - AREA: 40 - OCCURENCY:  0
	OPERATION:  ADD - ID RESOURCE:  0 - SPEED:  1 - AREA: 40 - OCCURENCY:  0
Final area is 2147483647

The elapsed time is 0.063879 seconds

--------------------------------------------------
Current local time and date: Wed Jul 21 20:44:13 2021

DFG is write_bmp_header_dfg__7.txt
Reasources are RTL_resoruces.txt
Area Limit is 500
--------------------------------------------------


Area Limit is 500
Best solution has time 2147483647:
	OPERATION:  ADD - ID RESOURCE:  0 - SPEED:  1 - AREA: 40 - OCCURENCY:  0
	OPERATION:  ADD - ID RESOURCE:  0 - SPEED:  1 - AREA: 40 - OCCURENCY:  0
	OPERATION:  ADD - ID RESOURCE:  0 - SPEED:  1 - AREA: 40 - OCCURENCY:  0
	OPERATION:  ADD - ID RESOURCE:  0 - SPEED:  1 - AREA: 40 - OCCURENCY:  0
	OPERATION:  ADD - ID RESOURCE:  0 - SPEED:  1 - AREA: 40 - OCCURENCY:  0
	OPERATION:  ADD - ID RESOURCE:  0 - SPEED:  1 - AREA: 40 - OCCURENCY:  0
	OPERATION:  ADD - ID RESOURCE:  0 - SPEED:  1 - AREA: 40 - OCCURENCY:  0
	OPERATION:  ADD - ID RESOURCE:  0 - SPEED:  1 - AREA: 40 - OCCURENCY:  0
	OPERATION:  ADD - ID RESOURCE:  0 - SPEED:  1 - AREA: 40 - OCCURENCY:  0
	OPERATION:  ADD - ID RESOURCE:  0 - SPEED:  1 - AREA: 40 - OCCURENCY:  0
	OPERATION:  ADD - ID RESOURCE:  0 - SPEED:  1 - AREA: 40 - OCCURENCY:  0
	OPERATION:  ADD - ID RESOURCE:  0 - SPEED:  1 - AREA: 40 - OCCURENCY:  0
	OPERATION:  ADD - ID RESOURCE:  0 - SPEED:  1 - AREA: 40 - OCCURENCY:  0
	OPERATION:  ADD - ID RESOURCE:  0 - SPEED:  1 - AREA: 40 - OCCURENCY:  0
	OPERATION:  ADD - ID RESOURCE:  0 - SPEED:  1 - AREA: 40 - OCCURENCY:  0
	OPERATION:  ADD - ID RESOURCE:  0 - SPEED:  1 - AREA: 40 - OCCURENCY:  0
Final area is 2147483647

The elapsed time is 0.148342 seconds

--------------------------------------------------
Current local time and date: Wed Jul 21 20:45:20 2021

DFG is write_bmp_header_dfg__7.txt
Reasources are RTL_resoruces.txt
Area Limit is 500
--------------------------------------------------


Area Limit is 500
Best solution has time 2147483647:
	OPERATION:  ADD - ID RESOURCE:  0 - SPEED:  1 - AREA: 40 - OCCURENCY:  0
	OPERATION:  ADD - ID RESOURCE:  0 - SPEED:  1 - AREA: 40 - OCCURENCY:  0
	OPERATION:  ADD - ID RESOURCE:  0 - SPEED:  1 - AREA: 40 - OCCURENCY:  0
	OPERATION:  ADD - ID RESOURCE:  0 - SPEED:  1 - AREA: 40 - OCCURENCY:  0
	OPERATION:  ADD - ID RESOURCE:  0 - SPEED:  1 - AREA: 40 - OCCURENCY: 9899015
	OPERATION:  ADD - ID RESOURCE:  0 - SPEED:  1 - AREA: 40 - OCCURENCY: 1533805440
	OPERATION:  ADD - ID RESOURCE:  0 - SPEED:  1 - AREA: 40 - OCCURENCY: 8849929
	OPERATION:  ADD - ID RESOURCE:  0 - SPEED:  1 - AREA: 40 - OCCURENCY: 1548157952
	OPERATION:  ADD - ID RESOURCE:  0 - SPEED:  1 - AREA: 40 - OCCURENCY: 7813642
	OPERATION:  ADD - ID RESOURCE:  0 - SPEED:  1 - AREA: 40 - OCCURENCY: 1558315008
	OPERATION:  ADD - ID RESOURCE:  0 - SPEED:  1 - AREA: 40 - OCCURENCY: -497020942
	OPERATION:  ADD - ID RESOURCE:  0 - SPEED:  1 - AREA: 40 - OCCURENCY: 2070528
Final area is 2147483647

The elapsed time is 0.126491 seconds

--------------------------------------------------
Current local time and date: Wed Jul 21 20:49:54 2021

DFG is write_bmp_header_dfg__7.txt
Reasources are RTL_resoruces.txt
Area Limit is 500
--------------------------------------------------


Area Limit is 500
Best solution has time 2147483647:
	OPERATION:  ADD - ID RESOURCE:  0 - SPEED:  1 - AREA: 40 - OCCURENCY:  0
	OPERATION:  ADD - ID RESOURCE:  0 - SPEED:  1 - AREA: 40 - OCCURENCY:  0
	OPERATION:  ADD - ID RESOURCE:  0 - SPEED:  1 - AREA: 40 - OCCURENCY:  0
	OPERATION:  ADD - ID RESOURCE:  0 - SPEED:  1 - AREA: 40 - OCCURENCY:  0
	OPERATION:  ADD - ID RESOURCE:  0 - SPEED:  1 - AREA: 40 - OCCURENCY:  0
	OPERATION:  ADD - ID RESOURCE:  0 - SPEED:  1 - AREA: 40 - OCCURENCY:  0
	OPERATION:  ADD - ID RESOURCE:  0 - SPEED:  1 - AREA: 40 - OCCURENCY:  0
	OPERATION:  ADD - ID RESOURCE:  0 - SPEED:  1 - AREA: 40 - OCCURENCY:  0
	OPERATION:  ADD - ID RESOURCE:  0 - SPEED:  1 - AREA: 40 - OCCURENCY:  0
	OPERATION:  ADD - ID RESOURCE:  0 - SPEED:  1 - AREA: 40 - OCCURENCY:  0
	OPERATION:  ADD - ID RESOURCE:  0 - SPEED:  1 - AREA: 40 - OCCURENCY:  0
	OPERATION:  ADD - ID RESOURCE:  0 - SPEED:  1 - AREA: 40 - OCCURENCY:  0
	OPERATION:  ADD - ID RESOURCE:  0 - SPEED:  1 - AREA: 40 - OCCURENCY:  0
	OPERATION:  ADD - ID RESOURCE:  0 - SPEED:  1 - AREA: 40 - OCCURENCY:  0
	OPERATION:  ADD - ID RESOURCE:  0 - SPEED:  1 - AREA: 40 - OCCURENCY:  0
	OPERATION:  ADD - ID RESOURCE:  0 - SPEED:  1 - AREA: 40 - OCCURENCY:  0
Final area is 2147483647

The elapsed time is 0.140337 seconds

--------------------------------------------------
Current local time and date: Wed Jul 21 20:50:29 2021

DFG is write_bmp_header_dfg__7.txt
Reasources are RTL_resoruces.txt
Area Limit is 500
--------------------------------------------------


Area Limit is 500
Best solution has time 2147483647:
	OPERATION:  ADD - ID RESOURCE:  0 - SPEED:  1 - AREA: 40 - OCCURENCY:  0
	OPERATION:  ADD - ID RESOURCE:  0 - SPEED:  1 - AREA: 40 - OCCURENCY:  0
	OPERATION:  ADD - ID RESOURCE:  0 - SPEED:  1 - AREA: 40 - OCCURENCY:  0
	OPERATION:  ADD - ID RESOURCE:  0 - SPEED:  1 - AREA: 40 - OCCURENCY:  0
	OPERATION:  ADD - ID RESOURCE:  0 - SPEED:  1 - AREA: 40 - OCCURENCY:  0
	OPERATION:  ADD - ID RESOURCE:  0 - SPEED:  1 - AREA: 40 - OCCURENCY:  0
	OPERATION:  ADD - ID RESOURCE:  0 - SPEED:  1 - AREA: 40 - OCCURENCY:  0
	OPERATION:  ADD - ID RESOURCE:  0 - SPEED:  1 - AREA: 40 - OCCURENCY:  0
	OPERATION:  ADD - ID RESOURCE:  0 - SPEED:  1 - AREA: 40 - OCCURENCY:  0
	OPERATION:  ADD - ID RESOURCE:  0 - SPEED:  1 - AREA: 40 - OCCURENCY:  0
	OPERATION:  ADD - ID RESOURCE:  0 - SPEED:  1 - AREA: 40 - OCCURENCY:  0
	OPERATION:  ADD - ID RESOURCE:  0 - SPEED:  1 - AREA: 40 - OCCURENCY:  0
	OPERATION:  ADD - ID RESOURCE:  0 - SPEED:  1 - AREA: 40 - OCCURENCY:  0
	OPERATION:  ADD - ID RESOURCE:  0 - SPEED:  1 - AREA: 40 - OCCURENCY:  0
	OPERATION:  ADD - ID RESOURCE:  0 - SPEED:  1 - AREA: 40 - OCCURENCY:  0
	OPERATION:  ADD - ID RESOURCE:  0 - SPEED:  1 - AREA: 40 - OCCURENCY:  0
Final area is 2147483647

The elapsed time is 0.153476 seconds

--------------------------------------------------
Current local time and date: Wed Jul 21 20:57:36 2021

DFG is dfg.txt
Reasources are RTL_resoruces.txt
Area Limit is 400
--------------------------------------------------


Area Limit is 400
Best solution has time 2147483647:
	OPERATION:  ADD - ID RESOURCE:  0 - SPEED:  1 - AREA: 40 - OCCURENCY:  0
	OPERATION:  ADD - ID RESOURCE:  0 - SPEED:  1 - AREA: 40 - OCCURENCY:  0
	OPERATION:  ADD - ID RESOURCE:  0 - SPEED:  1 - AREA: 40 - OCCURENCY:  0
	OPERATION:  ADD - ID RESOURCE:  0 - SPEED:  1 - AREA: 40 - OCCURENCY:  0
Final area is 2147483647

The elapsed time is 0.001050 seconds

--------------------------------------------------
Current local time and date: Wed Jul 21 20:58:42 2021

DFG is dfg.txt
Reasources are RTL_resoruces.txt
Area Limit is 400
--------------------------------------------------


Area Limit is 400
Best solution has time 13:
	OPERATION:  DIV - ID RESOURCE:  7 - SPEED: 10 - AREA: 200 - OCCURENCY:  1
	OPERATION:  MUL - ID RESOURCE:  3 - SPEED:  2 - AREA: 100 - OCCURENCY:  1
	OPERATION:  ADD - ID RESOURCE:  1 - SPEED:  2 - AREA: 20 - OCCURENCY:  2
Final area is 380

The elapsed time is 0.048331 seconds

--------------------------------------------------
Current local time and date: Wed Jul 21 21:00:45 2021

DFG is write_bmp_header_dfg__7.txt
Reasources are RTL_resoruces.txt
Area Limit is 500
--------------------------------------------------


Area Limit is 500
Best solution has time 2147483647:
	OPERATION:  ADD - ID RESOURCE:  0 - SPEED:  1 - AREA: 40 - OCCURENCY: -1755428080
	OPERATION:  ADD - ID RESOURCE:  0 - SPEED:  1 - AREA: 40 - OCCURENCY: 127
	OPERATION:  ADD - ID RESOURCE:  0 - SPEED:  1 - AREA: 40 - OCCURENCY: -1755428080
	OPERATION:  ADD - ID RESOURCE:  0 - SPEED:  1 - AREA: 40 - OCCURENCY: 127
	OPERATION:  ADD - ID RESOURCE:  0 - SPEED:  1 - AREA: 40 - OCCURENCY:  0
	OPERATION:  ADD - ID RESOURCE:  0 - SPEED:  1 - AREA: 40 - OCCURENCY:  0
	OPERATION:  ADD - ID RESOURCE:  0 - SPEED:  1 - AREA: 40 - OCCURENCY:  0
	OPERATION:  ADD - ID RESOURCE:  0 - SPEED:  1 - AREA: 40 - OCCURENCY:  0
	OPERATION:  ADD - ID RESOURCE:  0 - SPEED:  1 - AREA: 40 - OCCURENCY:  0
	OPERATION:  ADD - ID RESOURCE:  0 - SPEED:  1 - AREA: 40 - OCCURENCY:  0
	OPERATION:  ADD - ID RESOURCE:  0 - SPEED:  1 - AREA: 40 - OCCURENCY:  0
	OPERATION:  ADD - ID RESOURCE:  0 - SPEED:  1 - AREA: 40 - OCCURENCY:  0
	OPERATION:  ADD - ID RESOURCE:  0 - SPEED:  1 - AREA: 40 - OCCURENCY:  0
	OPERATION:  ADD - ID RESOURCE:  0 - SPEED:  1 - AREA: 40 - OCCURENCY:  0
	OPERATION:  ADD - ID RESOURCE:  0 - SPEED:  1 - AREA: 40 - OCCURENCY:  0
	OPERATION:  ADD - ID RESOURCE:  0 - SPEED:  1 - AREA: 40 - OCCURENCY:  0
Final area is 2147483647

The elapsed time is 0.147715 seconds

--------------------------------------------------
Current local time and date: Wed Jul 21 21:12:55 2021

DFG is write_bmp_header_dfg__7.txt
Reasources are RTL_resoruces.txt
Area Limit is 500
--------------------------------------------------


Area Limit is 500
Best solution has time 2147483647:
	OPERATION:  ADD - ID RESOURCE:  0 - SPEED:  1 - AREA: 40 - OCCURENCY:  0
	OPERATION:  ADD - ID RESOURCE:  0 - SPEED:  1 - AREA: 40 - OCCURENCY:  0
	OPERATION:  ADD - ID RESOURCE:  0 - SPEED:  1 - AREA: 40 - OCCURENCY:  0
	OPERATION:  ADD - ID RESOURCE:  0 - SPEED:  1 - AREA: 40 - OCCURENCY:  0
	OPERATION:  ADD - ID RESOURCE:  0 - SPEED:  1 - AREA: 40 - OCCURENCY:  0
	OPERATION:  ADD - ID RESOURCE:  0 - SPEED:  1 - AREA: 40 - OCCURENCY:  0
	OPERATION:  ADD - ID RESOURCE:  0 - SPEED:  1 - AREA: 40 - OCCURENCY:  0
	OPERATION:  ADD - ID RESOURCE:  0 - SPEED:  1 - AREA: 40 - OCCURENCY:  0
	OPERATION:  ADD - ID RESOURCE:  0 - SPEED:  1 - AREA: 40 - OCCURENCY:  0
	OPERATION:  ADD - ID RESOURCE:  0 - SPEED:  1 - AREA: 40 - OCCURENCY:  0
	OPERATION:  ADD - ID RESOURCE:  0 - SPEED:  1 - AREA: 40 - OCCURENCY:  0
	OPERATION:  ADD - ID RESOURCE:  0 - SPEED:  1 - AREA: 40 - OCCURENCY:  0
	OPERATION:  ADD - ID RESOURCE:  0 - SPEED:  1 - AREA: 40 - OCCURENCY:  0
	OPERATION:  ADD - ID RESOURCE:  0 - SPEED:  1 - AREA: 40 - OCCURENCY:  0
Final area is 2147483647

The elapsed time is 0.207666 seconds

--------------------------------------------------
Current local time and date: Wed Jul 21 21:14:03 2021

DFG is write_bmp_header_dfg__7.txt
Reasources are RTL_resoruces.txt
Area Limit is 500
--------------------------------------------------


Area Limit is 500
Best solution has time 2147483647:
	OPERATION:  ADD - ID RESOURCE:  0 - SPEED:  1 - AREA: 40 - OCCURENCY:  0
	OPERATION:  ADD - ID RESOURCE:  0 - SPEED:  1 - AREA: 40 - OCCURENCY:  0
	OPERATION:  ADD - ID RESOURCE:  0 - SPEED:  1 - AREA: 40 - OCCURENCY:  0
	OPERATION:  ADD - ID RESOURCE:  0 - SPEED:  1 - AREA: 40 - OCCURENCY:  0
	OPERATION:  ADD - ID RESOURCE:  1 - SPEED:  2 - AREA: 20 - OCCURENCY:  0
	OPERATION:  ADD - ID RESOURCE:  1 - SPEED:  2 - AREA: 20 - OCCURENCY:  0
	OPERATION:  ADD - ID RESOURCE:  0 - SPEED:  1 - AREA: 40 - OCCURENCY:  0
Final area is 2147483647

The elapsed time is 0.184512 seconds

--------------------------------------------------
Current local time and date: Wed Jul 21 21:14:33 2021

DFG is write_bmp_header_dfg__7.txt
Reasources are RTL_resoruces.txt
Area Limit is 500
--------------------------------------------------


Area Limit is 500
Best solution has time 29:
	OPERATION:  BNE - ID RESOURCE: 15 - SPEED:  1 - AREA:  6 - OCCURENCY:  1
	OPERATION:  STR - ID RESOURCE: 14 - SPEED:  5 - AREA: 10 - OCCURENCY:  1
	OPERATION:  STR - ID RESOURCE: 13 - SPEED:  2 - AREA: 20 - OCCURENCY:  1
	OPERATION:  STR - ID RESOURCE: 12 - SPEED:  1 - AREA: 40 - OCCURENCY:  1
	OPERATION:  LOD - ID RESOURCE: 11 - SPEED:  5 - AREA: 10 - OCCURENCY:  1
	OPERATION:  LOD - ID RESOURCE: 10 - SPEED:  2 - AREA: 20 - OCCURENCY:  1
	OPERATION:  LOD - ID RESOURCE:  9 - SPEED:  1 - AREA: 40 - OCCURENCY:  1
	OPERATION:  LSR - ID RESOURCE:  8 - SPEED:  1 - AREA:  5 - OCCURENCY:  1
	OPERATION:  ASR - ID RESOURCE:  7 - SPEED:  1 - AREA:  5 - OCCURENCY:  1
	OPERATION:  MUL - ID RESOURCE:  5 - SPEED:  5 - AREA: 70 - OCCURENCY:  1
	OPERATION:  MUL - ID RESOURCE:  4 - SPEED:  2 - AREA: 100 - OCCURENCY:  1
	OPERATION:  AND - ID RESOURCE:  3 - SPEED:  1 - AREA:  5 - OCCURENCY:  1
	OPERATION:  ADD - ID RESOURCE:  2 - SPEED:  5 - AREA: 10 - OCCURENCY:  1
	OPERATION:  ADD - ID RESOURCE:  1 - SPEED:  2 - AREA: 20 - OCCURENCY:  1
	OPERATION:  ADD - ID RESOURCE:  0 - SPEED:  1 - AREA: 40 - OCCURENCY:  1
Final area is 401

The elapsed time is 0.967937 seconds

--------------------------------------------------
Current local time and date: Wed Jul 21 21:19:49 2021

DFG is write_bmp_header_dfg__7.txt
Reasources are RTL_resoruces.txt
Area Limit is 500
--------------------------------------------------


Area Limit is 500
Best solution has time 2147483647:
	OPERATION:  ADD - ID RESOURCE:  0 - SPEED:  1 - AREA: 40 - OCCURENCY:  0
	OPERATION:  ADD - ID RESOURCE:  0 - SPEED:  1 - AREA: 40 - OCCURENCY:  0
	OPERATION:  ADD - ID RESOURCE:  0 - SPEED:  1 - AREA: 40 - OCCURENCY:  0
	OPERATION:  ADD - ID RESOURCE:  0 - SPEED:  1 - AREA: 40 - OCCURENCY:  0
	OPERATION:  ADD - ID RESOURCE:  0 - SPEED:  1 - AREA: 40 - OCCURENCY:  0
	OPERATION:  ADD - ID RESOURCE:  0 - SPEED:  1 - AREA: 40 - OCCURENCY:  0
	OPERATION:  ADD - ID RESOURCE:  0 - SPEED:  1 - AREA: 40 - OCCURENCY:  0
	OPERATION:  ADD - ID RESOURCE:  0 - SPEED:  1 - AREA: 40 - OCCURENCY:  0
	OPERATION:  ADD - ID RESOURCE:  0 - SPEED:  1 - AREA: 40 - OCCURENCY:  0
	OPERATION:  ADD - ID RESOURCE:  0 - SPEED:  1 - AREA: 40 - OCCURENCY:  0
	OPERATION:  ADD - ID RESOURCE:  0 - SPEED:  1 - AREA: 40 - OCCURENCY:  0
	OPERATION:  ADD - ID RESOURCE:  0 - SPEED:  1 - AREA: 40 - OCCURENCY:  0
	OPERATION:  ADD - ID RESOURCE:  0 - SPEED:  1 - AREA: 40 - OCCURENCY:  0
	OPERATION:  ADD - ID RESOURCE:  0 - SPEED:  1 - AREA: 40 - OCCURENCY:  0
Final area is 2147483647

The elapsed time is 0.524234 seconds

--------------------------------------------------
Current local time and date: Wed Jul 21 21:28:12 2021

DFG is write_bmp_header_dfg__7.txt
Reasources are RTL_resoruces.txt
Area Limit is 500
--------------------------------------------------


Area Limit is 500
Best solution has time 2147483647:
	OPERATION:  ADD - ID RESOURCE:  0 - SPEED:  1 - AREA: 40 - OCCURENCY:  0
	OPERATION:  ADD - ID RESOURCE:  0 - SPEED:  1 - AREA: 40 - OCCURENCY:  0
	OPERATION:  ADD - ID RESOURCE:  0 - SPEED:  1 - AREA: 40 - OCCURENCY:  0
	OPERATION:  ADD - ID RESOURCE:  0 - SPEED:  1 - AREA: 40 - OCCURENCY:  0
	OPERATION:  ADD - ID RESOURCE:  0 - SPEED:  1 - AREA: 40 - OCCURENCY:  0
	OPERATION:  ADD - ID RESOURCE:  0 - SPEED:  1 - AREA: 40 - OCCURENCY:  0
	OPERATION:  ADD - ID RESOURCE:  0 - SPEED:  1 - AREA: 40 - OCCURENCY:  0
	OPERATION:  ADD - ID RESOURCE:  0 - SPEED:  1 - AREA: 40 - OCCURENCY:  0
	OPERATION:  ADD - ID RESOURCE:  0 - SPEED:  1 - AREA: 40 - OCCURENCY:  0
	OPERATION:  ADD - ID RESOURCE:  0 - SPEED:  1 - AREA: 40 - OCCURENCY:  0
	OPERATION:  ADD - ID RESOURCE:  0 - SPEED:  1 - AREA: 40 - OCCURENCY:  0
	OPERATION:  ADD - ID RESOURCE:  0 - SPEED:  1 - AREA: 40 - OCCURENCY:  0
	OPERATION:  ADD - ID RESOURCE:  0 - SPEED:  1 - AREA: 40 - OCCURENCY:  0
	OPERATION:  ADD - ID RESOURCE:  0 - SPEED:  1 - AREA: 40 - OCCURENCY:  0
Final area is 2147483647

The elapsed time is 1.628534 seconds

--------------------------------------------------
Current local time and date: Wed Jul 21 19:59:45 2021

DFG is dfg.txt
Reasources are RTL_resoruces.txt
Area Limit is 500
--------------------------------------------------


Area Limit is 500
Best solution has time 85:
Final area is 85

The elapsed time is 0.000490 seconds

--------------------------------------------------
Current local time and date: Wed Jul 21 20:05:21 2021

DFG is dfg.txt
Reasources are RTL_resoruces.txt
Area Limit is 450
--------------------------------------------------


Area Limit is 450
Best solution has time 10:
	OPERATION:  DIV - ID RESOURCE:  6 - SPEED:  6 - AREA: 300 - OCCURENCY:  1
	OPERATION:  MUL - ID RESOURCE:  3 - SPEED:  2 - AREA: 100 - OCCURENCY:  1
	OPERATION:  ADD - ID RESOURCE:  0 - SPEED:  1 - AREA: 40 - OCCURENCY:  1
Final area is 440

The elapsed time is 0.012538 seconds

--------------------------------------------------
Current local time and date: Wed Jul 21 20:18:00 2021

DFG is dfg.txt
Reasources are RTL_resoruces.txt
Area Limit is 450
--------------------------------------------------


Area Limit is 450
Best solution has time 0:
	OPERATION:  ADD - ID RESOURCE:  0 - SPEED:  1 - AREA: 40 - OCCURENCY:  0
	OPERATION:  ADD - ID RESOURCE:  0 - SPEED:  1 - AREA: 40 - OCCURENCY:  0
	OPERATION:  ADD - ID RESOURCE:  0 - SPEED:  1 - AREA: 40 - OCCURENCY:  0
Final area is 0

The elapsed time is 0.036697 seconds

--------------------------------------------------
Current local time and date: Wed Jul 21 20:19:15 2021

DFG is dfg.txt
Reasources are RTL_resoruces.txt
Area Limit is 450
--------------------------------------------------


Area Limit is 450
Best solution has time 0:
	OPERATION:  ADD - ID RESOURCE:  0 - SPEED:  1 - AREA: 40 - OCCURENCY:  0
	OPERATION:  ADD - ID RESOURCE:  0 - SPEED:  1 - AREA: 40 - OCCURENCY:  0
	OPERATION:  ADD - ID RESOURCE:  0 - SPEED:  1 - AREA: 40 - OCCURENCY:  0
Final area is 0

The elapsed time is 0.037796 seconds

--------------------------------------------------
Current local time and date: Wed Jul 21 20:19:43 2021

DFG is dfg.txt
Reasources are RTL_resoruces.txt
Area Limit is 450
--------------------------------------------------


Area Limit is 450
Best solution has time 0:
	OPERATION:  ADD - ID RESOURCE:  0 - SPEED:  1 - AREA: 40 - OCCURENCY:  0
	OPERATION:  ADD - ID RESOURCE:  0 - SPEED:  1 - AREA: 40 - OCCURENCY:  0
	OPERATION:  ADD - ID RESOURCE:  0 - SPEED:  1 - AREA: 40 - OCCURENCY:  0
Final area is 0

The elapsed time is 0.036467 seconds

--------------------------------------------------
Current local time and date: Wed Jul 21 20:20:26 2021

DFG is dfg.txt
Reasources are RTL_resoruces.txt
Area Limit is 450
--------------------------------------------------


Area Limit is 450
Best solution has time 0:
	OPERATION:  ADD - ID RESOURCE:  0 - SPEED:  1 - AREA: 40 - OCCURENCY:  0
	OPERATION:  ADD - ID RESOURCE:  0 - SPEED:  1 - AREA: 40 - OCCURENCY:  0
	OPERATION:  ADD - ID RESOURCE:  0 - SPEED:  1 - AREA: 40 - OCCURENCY:  0
Final area is 0

The elapsed time is 0.051229 seconds

--------------------------------------------------
Current local time and date: Wed Jul 21 20:21:53 2021

DFG is dfg.txt
Reasources are RTL_resoruces.txt
Area Limit is 450
--------------------------------------------------


Area Limit is 450
Best solution has time 0:
	OPERATION:  ADD - ID RESOURCE:  0 - SPEED:  1 - AREA: 40 - OCCURENCY:  0
	OPERATION:  ADD - ID RESOURCE:  0 - SPEED:  1 - AREA: 40 - OCCURENCY:  0
	OPERATION:  ADD - ID RESOURCE:  0 - SPEED:  1 - AREA: 40 - OCCURENCY:  0
Final area is 0

The elapsed time is 0.046591 seconds

--------------------------------------------------
Current local time and date: Wed Jul 21 20:22:36 2021

DFG is dfg.txt
Reasources are RTL_resoruces.txt
Area Limit is 450
--------------------------------------------------


Area Limit is 450
Best solution has time 0:
	OPERATION:  ADD - ID RESOURCE:  0 - SPEED:  1 - AREA: 40 - OCCURENCY:  0
	OPERATION:  ADD - ID RESOURCE:  0 - SPEED:  1 - AREA: 40 - OCCURENCY:  0
	OPERATION:  ADD - ID RESOURCE:  0 - SPEED:  1 - AREA: 40 - OCCURENCY:  0
Final area is 0

The elapsed time is 0.036530 seconds

--------------------------------------------------
Current local time and date: Wed Jul 21 20:22:44 2021

DFG is dfg.txt
Reasources are RTL_resoruces.txt
Area Limit is 450
--------------------------------------------------


Area Limit is 450
Best solution has time 0:
	OPERATION:  ADD - ID RESOURCE:  0 - SPEED:  1 - AREA: 40 - OCCURENCY:  0
	OPERATION:  ADD - ID RESOURCE:  0 - SPEED:  1 - AREA: 40 - OCCURENCY:  0
	OPERATION:  ADD - ID RESOURCE:  0 - SPEED:  1 - AREA: 40 - OCCURENCY:  0
Final area is 0

The elapsed time is 0.055920 seconds

--------------------------------------------------
Current local time and date: Wed Jul 21 20:23:09 2021

DFG is dfg.txt
Reasources are RTL_resoruces.txt
Area Limit is 450
--------------------------------------------------


Area Limit is 450
Best solution has time 0:
	OPERATION:  ADD - ID RESOURCE:  0 - SPEED:  1 - AREA: 40 - OCCURENCY:  0
	OPERATION:  ADD - ID RESOURCE:  0 - SPEED:  1 - AREA: 40 - OCCURENCY:  0
	OPERATION:  ADD - ID RESOURCE:  0 - SPEED:  1 - AREA: 40 - OCCURENCY:  0
Final area is 0

The elapsed time is 0.036137 seconds

--------------------------------------------------
Current local time and date: Wed Jul 21 21:40:51 2021

DFG is dfg.txt
Reasources are RTL_resoruces.txt
Area Limit is 450
--------------------------------------------------


Area Limit is 450
Best solution has time 10:
	OPERATION:  DIV - ID RESOURCE:  6 - SPEED:  6 - AREA: 300 - OCCURENCY:  1
	OPERATION:  MUL - ID RESOURCE:  3 - SPEED:  2 - AREA: 100 - OCCURENCY:  1
	OPERATION:  ADD - ID RESOURCE:  0 - SPEED:  1 - AREA: 40 - OCCURENCY:  1
Final area is 440

The elapsed time is 0.013278 seconds

--------------------------------------------------
Current local time and date: Wed Jul 21 19:58:16 2021

DFG is dfg.txt
Reasources are RTL_resoruces.txt
Area Limit is 400
--------------------------------------------------


Area Limit is 400
Best solution has time 13:
	OPERATION:  DIV - ID RESOURCE:  7 - SPEED: 10 - AREA: 200 - OCCURENCY:  1
	OPERATION:  MUL - ID RESOURCE:  3 - SPEED:  2 - AREA: 100 - OCCURENCY:  1
	OPERATION:  ADD - ID RESOURCE:  0 - SPEED:  1 - AREA: 40 - OCCURENCY:  2
Final area is 380

The elapsed time is 0.067295 seconds

--------------------------------------------------
Current local time and date: Wed Jul 21 20:15:49 2021

DFG is dfg.txt
Reasources are RTL_resoruces.txt
Area Limit is 400
--------------------------------------------------


Area Limit is 400
Best solution has time 13:
	OPERATION:  DIV - ID RESOURCE:  7 - SPEED: 10 - AREA: 200 - OCCURENCY:  1
	OPERATION:  MUL - ID RESOURCE:  3 - SPEED:  2 - AREA: 100 - OCCURENCY:  1
	OPERATION:  ADD - ID RESOURCE:  0 - SPEED:  1 - AREA: 40 - OCCURENCY:  2
Final area is 380

The elapsed time is 0.068981 seconds

