--------------------------------------------------
Start local time and date: Wed Jul 21 20:37:33 2021

End local time and date: Wed Jul 21 20:37:33 2021

DFG is dfg.txt
Reasources are RTL_resoruces.txt
Area Limit is 1000
--------------------------------------------------


Area Limit is 1000
Best solution has time 9:
	OPERATION:  DIV - ID RESOURCE:  6 - SPEED:  6 - AREA: 300 - OCCURENCY:  1
	OPERATION:  MUL - ID RESOURCE:  3 - SPEED:  2 - AREA: 100 - OCCURENCY:  1
	OPERATION:  ADD - ID RESOURCE:  0 - SPEED:  1 - AREA: 40 - OCCURENCY:  2
Final area is 480

The elapsed time is 0 seconds

--------------------------------------------------
Start local time and date: Wed Jul 21 20:39:47 2021

End local time and date: Wed Jul 21 20:39:47 2021

DFG is dfg.txt
Reasources are RTL_resoruces.txt
Area Limit is 1000
--------------------------------------------------


Area Limit is 1000
Best solution has time 9:
	OPERATION:  DIV - ID RESOURCE:  6 - SPEED:  6 - AREA: 300 - OCCURENCY:  1
	OPERATION:  MUL - ID RESOURCE:  3 - SPEED:  2 - AREA: 100 - OCCURENCY:  1
	OPERATION:  ADD - ID RESOURCE:  0 - SPEED:  1 - AREA: 40 - OCCURENCY:  2
Final area is 480

The elapsed time is 0.031948 seconds

--------------------------------------------------
Start local time and date: Wed Jul 21 20:40:11 2021

End local time and date: Wed Jul 21 20:40:11 2021

DFG is dfg.txt
Reasources are RTL_resoruces.txt
Area Limit is 1000
--------------------------------------------------


Area Limit is 1000
Best solution has time 9:
	OPERATION:  DIV - ID RESOURCE:  6 - SPEED:  6 - AREA: 300 - OCCURENCY:  1
	OPERATION:  MUL - ID RESOURCE:  3 - SPEED:  2 - AREA: 100 - OCCURENCY:  1
	OPERATION:  ADD - ID RESOURCE:  0 - SPEED:  1 - AREA: 40 - OCCURENCY:  2
Final area is 480

The elapsed time is 0.048823 seconds

--------------------------------------------------
Start local time and date: Wed Jul 21 20:40:35 2021

End local time and date: Wed Jul 21 20:40:35 2021

DFG is dfg.txt
Reasources are RTL_resoruces.txt
Area Limit is 1000
--------------------------------------------------


Area Limit is 1000
Best solution has time 9:
	OPERATION:  DIV - ID RESOURCE:  6 - SPEED:  6 - AREA: 300 - OCCURENCY:  1
	OPERATION:  MUL - ID RESOURCE:  3 - SPEED:  2 - AREA: 100 - OCCURENCY:  1
	OPERATION:  ADD - ID RESOURCE:  0 - SPEED:  1 - AREA: 40 - OCCURENCY:  2
Final area is 480

The elapsed time is 0.019795 seconds

--------------------------------------------------
Start local time and date: Wed Jul 21 20:40:42 2021

End local time and date: Wed Jul 21 20:40:42 2021

DFG is dfg.txt
Reasources are RTL_resoruces.txt
Area Limit is 1000
--------------------------------------------------


Area Limit is 1000
Best solution has time 9:
	OPERATION:  DIV - ID RESOURCE:  6 - SPEED:  6 - AREA: 300 - OCCURENCY:  1
	OPERATION:  MUL - ID RESOURCE:  3 - SPEED:  2 - AREA: 100 - OCCURENCY:  1
	OPERATION:  ADD - ID RESOURCE:  0 - SPEED:  1 - AREA: 40 - OCCURENCY:  2
Final area is 480

The elapsed time is 0.043309 seconds

--------------------------------------------------
Start local time and date: Wed Jul 21 20:40:44 2021

End local time and date: Wed Jul 21 20:40:44 2021

DFG is dfg.txt
Reasources are RTL_resoruces.txt
Area Limit is 1000
--------------------------------------------------


Area Limit is 1000
Best solution has time 9:
	OPERATION:  DIV - ID RESOURCE:  6 - SPEED:  6 - AREA: 300 - OCCURENCY:  1
	OPERATION:  MUL - ID RESOURCE:  3 - SPEED:  2 - AREA: 100 - OCCURENCY:  1
	OPERATION:  ADD - ID RESOURCE:  0 - SPEED:  1 - AREA: 40 - OCCURENCY:  2
Final area is 480

The elapsed time is 0.043940 seconds

--------------------------------------------------
Start local time and date: Wed Jul 21 20:35:05 2021

End local time and date: Wed Jul 21 20:35:05 2021

DFG is dfg.txt
Reasources are RTL_resoruces.txt
Area Limit is 1000
--------------------------------------------------


Area Limit is 1000
Best solution has time 9:
	OPERATION:  DIV - ID RESOURCE:  6 - SPEED:  6 - AREA: 300 - OCCURENCY:  1
	OPERATION:  MUL - ID RESOURCE:  3 - SPEED:  2 - AREA: 100 - OCCURENCY:  1
	OPERATION:  ADD - ID RESOURCE:  0 - SPEED:  1 - AREA: 40 - OCCURENCY:  2
Final area is 480

The elapsed time is 0.026286 seconds

--------------------------------------------------
Start local time and date: Wed Jul 21 20:35:55 2021

End local time and date: Wed Jul 21 20:35:55 2021

DFG is dfg.txt
Reasources are RTL_resoruces.txt
Area Limit is 1000
--------------------------------------------------


Area Limit is 1000
Best solution has time 9:
	OPERATION:  DIV - ID RESOURCE:  6 - SPEED:  6 - AREA: 300 - OCCURENCY:  1
	OPERATION:  MUL - ID RESOURCE:  3 - SPEED:  2 - AREA: 100 - OCCURENCY:  1
	OPERATION:  ADD - ID RESOURCE:  0 - SPEED:  1 - AREA: 40 - OCCURENCY:  2
Final area is 480

The elapsed time is 0.019518 seconds

--------------------------------------------------
Start local time and date: Wed Jul 21 19:54:30 2021

End local time and date: Wed Jul 21 19:54:30 2021

DFG is dfg.txt
Reasources are RTL_resoruces.txt
Area Limit is 1000
--------------------------------------------------


Area Limit is 1000
Best solution has time 9:
	OPERATION:  DIV - ID RESOURCE:  6 - SPEED:  6 - AREA: 300 - OCCURENCY:  1
	OPERATION:  MUL - ID RESOURCE:  3 - SPEED:  2 - AREA: 100 - OCCURENCY:  1
	OPERATION:  ADD - ID RESOURCE:  0 - SPEED:  1 - AREA: 40 - OCCURENCY:  2
Final area is 480

The elapsed time is 0.018493 seconds

--------------------------------------------------
Start local time and date: Wed Jul 21 20:16:13 2021

End local time and date: Wed Jul 21 20:16:13 2021

DFG is dfg.txt
Reasources are RTL_resoruces.txt
Area Limit is 1000
--------------------------------------------------


Area Limit is 1000
Best solution has time 9:
	OPERATION:  DIV - ID RESOURCE:  6 - SPEED:  6 - AREA: 300 - OCCURENCY:  1
	OPERATION:  MUL - ID RESOURCE:  3 - SPEED:  2 - AREA: 100 - OCCURENCY:  1
	OPERATION:  ADD - ID RESOURCE:  0 - SPEED:  1 - AREA: 40 - OCCURENCY:  2
Final area is 480

The elapsed time is 0.034501 seconds

--------------------------------------------------
Start local time and date: Wed Jul 21 20:32:00 2021

End local time and date: Wed Jul 21 20:32:00 2021

DFG is arf.txt
Reasources are RTL_resoruces.txt
Area Limit is 1000
--------------------------------------------------


Area Limit is 1000
Best solution has time 15:
	OPERATION:  MUL - ID RESOURCE:  3 - SPEED:  2 - AREA: 100 - OCCURENCY:  3
	OPERATION:  ADD - ID RESOURCE:  0 - SPEED:  1 - AREA: 40 - OCCURENCY:  2
Final area is 380

The elapsed time is 0.032572 seconds

--------------------------------------------------
Start local time and date: Wed Jul 21 20:32:27 2021

End local time and date: Wed Jul 21 20:32:27 2021

DFG is arf.txt
Reasources are RTL_resoruces.txt
Area Limit is 1000
--------------------------------------------------


Area Limit is 1000
Best solution has time 15:
	OPERATION:  MUL - ID RESOURCE:  3 - SPEED:  2 - AREA: 100 - OCCURENCY:  3
	OPERATION:  ADD - ID RESOURCE:  0 - SPEED:  1 - AREA: 40 - OCCURENCY:  2
Final area is 380

The elapsed time is 0.032769 seconds

--------------------------------------------------
Start local time and date: Wed Jul 21 20:33:19 2021

End local time and date: Wed Jul 21 20:33:19 2021

DFG is h2v2.txt
Reasources are RTL_resoruces.txt
Area Limit is 1000
--------------------------------------------------


Area Limit is 1000
Best solution has time 20:
	OPERATION:  STR - ID RESOURCE: 10 - SPEED:  1 - AREA: 40 - OCCURENCY:  1
	OPERATION:  LOD - ID RESOURCE:  8 - SPEED:  2 - AREA: 20 - OCCURENCY:  3
	OPERATION:  ASR - ID RESOURCE:  6 - SPEED:  1 - AREA:  5 - OCCURENCY:  1
	OPERATION:  MUL - ID RESOURCE:  3 - SPEED:  2 - AREA: 100 - OCCURENCY:  1
	OPERATION:  ADD - ID RESOURCE:  0 - SPEED:  1 - AREA: 40 - OCCURENCY:  2
Final area is 285

The elapsed time is 12.950895 seconds

--------------------------------------------------
Start local time and date: Wed Jul 21 20:34:01 2021

End local time and date: Wed Jul 21 20:34:01 2021

DFG is h2v2.txt
Reasources are RTL_resoruces.txt
Area Limit is 1000
--------------------------------------------------


Area Limit is 1000
Best solution has time 20:
	OPERATION:  STR - ID RESOURCE: 10 - SPEED:  1 - AREA: 40 - OCCURENCY:  1
	OPERATION:  LOD - ID RESOURCE:  8 - SPEED:  2 - AREA: 20 - OCCURENCY:  3
	OPERATION:  ASR - ID RESOURCE:  6 - SPEED:  1 - AREA:  5 - OCCURENCY:  1
	OPERATION:  MUL - ID RESOURCE:  3 - SPEED:  2 - AREA: 100 - OCCURENCY:  1
	OPERATION:  ADD - ID RESOURCE:  0 - SPEED:  1 - AREA: 40 - OCCURENCY:  2
Final area is 285

The elapsed time is 4.393580 seconds

--------------------------------------------------
Start local time and date: Wed Jul 21 20:37:27 2021

End local time and date: Wed Jul 21 20:37:27 2021

DFG is h2v2.txt
Reasources are RTL_resoruces.txt
Area Limit is 1000
--------------------------------------------------


Area Limit is 1000
Best solution has time 20:
	OPERATION:  STR - ID RESOURCE: 10 - SPEED:  1 - AREA: 40 - OCCURENCY:  1
	OPERATION:  LOD - ID RESOURCE:  8 - SPEED:  2 - AREA: 20 - OCCURENCY:  3
	OPERATION:  ASR - ID RESOURCE:  6 - SPEED:  1 - AREA:  5 - OCCURENCY:  1
	OPERATION:  MUL - ID RESOURCE:  3 - SPEED:  2 - AREA: 100 - OCCURENCY:  1
	OPERATION:  ADD - ID RESOURCE:  0 - SPEED:  1 - AREA: 40 - OCCURENCY:  2
Final area is 285

The elapsed time is 4.299438 seconds

--------------------------------------------------
Start local time and date: Wed Jul 21 20:55:24 2021

End local time and date: Wed Jul 21 20:55:24 2021

DFG is dfg.txt
Reasources are RTL_resoruces.txt
Area Limit is 1000
--------------------------------------------------


Area Limit is 1000
Best solution has time 0:
	OPERATION:  DIV - ID RESOURCE:  8 - SPEED: 22 - AREA: 150 - OCCURENCY:  1
	OPERATION:  MUL - ID RESOURCE:  5 - SPEED: 10 - AREA: 40 - OCCURENCY:  1
	OPERATION:  ADD - ID RESOURCE:  1 - SPEED:  2 - AREA: 20 - OCCURENCY:  1
Final area is 210

The elapsed time is 0.024649 seconds

--------------------------------------------------
Start local time and date: Wed Jul 21 20:58:29 2021

End local time and date: Wed Jul 21 20:58:29 2021

DFG is dfg.txt
Reasources are RTL_resoruces.txt
Area Limit is 1000
--------------------------------------------------


Area Limit is 1000
Best solution has time 1:
	OPERATION:  DIV - ID RESOURCE:  8 - SPEED: 22 - AREA: 150 - OCCURENCY:  1
	OPERATION:  MUL - ID RESOURCE:  5 - SPEED: 10 - AREA: 40 - OCCURENCY:  1
	OPERATION:  ADD - ID RESOURCE:  0 - SPEED:  1 - AREA: 40 - OCCURENCY:  1
Final area is 230

The elapsed time is 0.025859 seconds

--------------------------------------------------
Start local time and date: Wed Jul 21 20:59:44 2021

End local time and date: Wed Jul 21 20:59:44 2021

DFG is dfg.txt
Reasources are RTL_resoruces.txt
Area Limit is 1000
--------------------------------------------------


Area Limit is 1000
Best solution has time 9:
	OPERATION:  DIV - ID RESOURCE:  6 - SPEED:  6 - AREA: 300 - OCCURENCY:  1
	OPERATION:  MUL - ID RESOURCE:  3 - SPEED:  2 - AREA: 100 - OCCURENCY:  1
	OPERATION:  ADD - ID RESOURCE:  0 - SPEED:  1 - AREA: 40 - OCCURENCY:  2
Final area is 480

The elapsed time is 0.024790 seconds

--------------------------------------------------
Start local time and date: Wed Jul 21 21:13:35 2021

End local time and date: Wed Jul 21 21:13:35 2021

DFG is collapsed.txt
Reasources are RTL_resoruces.txt
Area Limit is 1000
--------------------------------------------------


Area Limit is 1000
Best solution has time 16:
	OPERATION:  SUB - ID RESOURCE: 14 - SPEED:  1 - AREA: 40 - OCCURENCY:  1
	OPERATION:  STR - ID RESOURCE: 12 - SPEED:  2 - AREA: 20 - OCCURENCY:  1
	OPERATION:  STR - ID RESOURCE: 11 - SPEED:  1 - AREA: 40 - OCCURENCY:  1
	OPERATION:  LOD - ID RESOURCE:  8 - SPEED:  1 - AREA: 40 - OCCURENCY:  1
	OPERATION:  LSL - ID RESOURCE:  7 - SPEED:  1 - AREA:  5 - OCCURENCY:  1
	OPERATION:  ASR - ID RESOURCE:  6 - SPEED:  1 - AREA:  5 - OCCURENCY:  1
	OPERATION:  MUL - ID RESOURCE:  3 - SPEED:  2 - AREA: 100 - OCCURENCY:  2
	OPERATION:  ADD - ID RESOURCE:  2 - SPEED:  5 - AREA: 10 - OCCURENCY:  1
	OPERATION:  ADD - ID RESOURCE:  1 - SPEED:  2 - AREA: 20 - OCCURENCY:  1
	OPERATION:  ADD - ID RESOURCE:  0 - SPEED:  1 - AREA: 40 - OCCURENCY:  1
Final area is 420

The elapsed time is 91.984899 seconds

--------------------------------------------------
Start local time and date: Wed Jul 21 21:34:51 2021

End local time and date: Wed Jul 21 21:34:51 2021

DFG is arf.txt
Reasources are RTL_resoruces.txt
Area Limit is 1000
--------------------------------------------------


Area Limit is 1000
Best solution has time 15:
	OPERATION:  MUL - ID RESOURCE:  3 - SPEED:  2 - AREA: 100 - OCCURENCY:  3
	OPERATION:  ADD - ID RESOURCE:  0 - SPEED:  1 - AREA: 40 - OCCURENCY:  2
Final area is 380

The elapsed time is 0.006171 seconds

--------------------------------------------------
Start local time and date: Wed Jul 21 21:35:04 2021

End local time and date: Wed Jul 21 21:35:04 2021

DFG is arf.txt
Reasources are RTL_resoruces.txt
Area Limit is 1000
--------------------------------------------------


Area Limit is 1000
Best solution has time 15:
	OPERATION:  MUL - ID RESOURCE:  3 - SPEED:  2 - AREA: 100 - OCCURENCY:  3
	OPERATION:  ADD - ID RESOURCE:  0 - SPEED:  1 - AREA: 40 - OCCURENCY:  2
Final area is 380

The elapsed time is 0.003131 seconds

--------------------------------------------------
Start local time and date: Wed Jul 21 21:35:24 2021

End local time and date: Wed Jul 21 21:35:24 2021

DFG is dfg.txt
Reasources are RTL_resoruces.txt
Area Limit is 1000
--------------------------------------------------


Area Limit is 1000
Best solution has time 9:
	OPERATION:  DIV - ID RESOURCE:  6 - SPEED:  6 - AREA: 300 - OCCURENCY:  1
	OPERATION:  MUL - ID RESOURCE:  3 - SPEED:  2 - AREA: 100 - OCCURENCY:  1
	OPERATION:  ADD - ID RESOURCE:  0 - SPEED:  1 - AREA: 40 - OCCURENCY:  2
Final area is 480

The elapsed time is 0.033767 seconds

--------------------------------------------------
Start local time and date: Wed Jul 21 21:38:16 2021

End local time and date: Wed Jul 21 21:38:16 2021

DFG is fir.txt
Reasources are RTL_resoruces.txt
Area Limit is 1000
--------------------------------------------------


Area Limit is 1000
Best solution has time 13:
	OPERATION:  STR - ID RESOURCE:  9 - SPEED:  1 - AREA: 40 - OCCURENCY:  1
	OPERATION:  LOD - ID RESOURCE:  6 - SPEED:  1 - AREA: 40 - OCCURENCY:  3
	OPERATION:  MUL - ID RESOURCE:  3 - SPEED:  2 - AREA: 100 - OCCURENCY:  3
	OPERATION:  ADD - ID RESOURCE:  0 - SPEED:  1 - AREA: 40 - OCCURENCY:  2
Final area is 540

The elapsed time is 2.649613 seconds

--------------------------------------------------
Start local time and date: Wed Jul 21 19:55:41 2021

End local time and date: Wed Jul 21 19:55:41 2021

DFG is fir.txt
Reasources are RTL_resoruces.txt
Area Limit is 1000
--------------------------------------------------


Area Limit is 1000
Best solution has time 0:
	OPERATION:  STR - ID RESOURCE: 11 - SPEED:  5 - AREA: 10 - OCCURENCY:  1
	OPERATION:  LOD - ID RESOURCE:  8 - SPEED:  5 - AREA: 10 - OCCURENCY:  1
	OPERATION:  MUL - ID RESOURCE:  5 - SPEED: 10 - AREA: 40 - OCCURENCY:  1
	OPERATION:  ADD - ID RESOURCE:  2 - SPEED:  5 - AREA: 10 - OCCURENCY:  1
Final area is 70

The elapsed time is 1.057757 seconds

--------------------------------------------------
Start local time and date: Wed Jul 21 19:57:00 2021

End local time and date: Wed Jul 21 19:57:00 2021

DFG is fir.txt
Reasources are RTL_resoruces.txt
Area Limit is 1000
--------------------------------------------------


Area Limit is 1000
Best solution has time 0:
	OPERATION:  STR - ID RESOURCE: 11 - SPEED:  5 - AREA: 10 - OCCURENCY:  1
	OPERATION:  LOD - ID RESOURCE:  8 - SPEED:  5 - AREA: 10 - OCCURENCY:  1
	OPERATION:  MUL - ID RESOURCE:  5 - SPEED: 10 - AREA: 40 - OCCURENCY:  1
	OPERATION:  ADD - ID RESOURCE:  2 - SPEED:  5 - AREA: 10 - OCCURENCY:  1
Final area is 70

The elapsed time is 1.788148 seconds

--------------------------------------------------
Start local time and date: Wed Jul 21 19:58:05 2021

End local time and date: Wed Jul 21 19:58:05 2021

DFG is fir.txt
Reasources are RTL_resoruces.txt
Area Limit is 1000
--------------------------------------------------


Area Limit is 1000
Best solution has time 13:
	OPERATION:  STR - ID RESOURCE:  9 - SPEED:  1 - AREA: 40 - OCCURENCY:  1
	OPERATION:  LOD - ID RESOURCE:  6 - SPEED:  1 - AREA: 40 - OCCURENCY:  3
	OPERATION:  MUL - ID RESOURCE:  3 - SPEED:  2 - AREA: 100 - OCCURENCY:  3
	OPERATION:  ADD - ID RESOURCE:  0 - SPEED:  1 - AREA: 40 - OCCURENCY:  2
Final area is 540

The elapsed time is 2.553766 seconds

--------------------------------------------------
Start local time and date: Wed Jul 21 19:59:32 2021

End local time and date: Wed Jul 21 19:59:32 2021

DFG is h2v2.txt
Reasources are RTL_resoruces.txt
Area Limit is 1000
--------------------------------------------------


Area Limit is 1000
Best solution has time 20:
	OPERATION:  STR - ID RESOURCE: 10 - SPEED:  1 - AREA: 40 - OCCURENCY:  1
	OPERATION:  LOD - ID RESOURCE:  8 - SPEED:  2 - AREA: 20 - OCCURENCY:  3
	OPERATION:  ASR - ID RESOURCE:  6 - SPEED:  1 - AREA:  5 - OCCURENCY:  1
	OPERATION:  MUL - ID RESOURCE:  3 - SPEED:  2 - AREA: 100 - OCCURENCY:  1
	OPERATION:  ADD - ID RESOURCE:  0 - SPEED:  1 - AREA: 40 - OCCURENCY:  2
Final area is 285

The elapsed time is 4.945588 seconds

--------------------------------------------------
Start local time and date: Wed Jul 21 21:06:21 2021

End local time and date: Wed Jul 21 21:06:21 2021

DFG is dfg.txt
Reasources are RTL_resoruces.txt
Area Limit is 1000
--------------------------------------------------


Area Limit is 1000
Best solution has time 9:
	OPERATION:  DIV - ID RESOURCE:  6 - SPEED:  6 - AREA: 300 - OCCURENCY:  1
	OPERATION:  MUL - ID RESOURCE:  3 - SPEED:  2 - AREA: 100 - OCCURENCY:  1
	OPERATION:  ADD - ID RESOURCE:  0 - SPEED:  1 - AREA: 40 - OCCURENCY:  2
Final area is 480

The elapsed time is 0.035057 seconds

--------------------------------------------------
Start local time and date: Wed Jul 21 21:11:16 2021

End local time and date: Wed Jul 21 21:11:16 2021

DFG is dfg.txt
Reasources are RTL_resoruces.txt
Area Limit is 1000
--------------------------------------------------


Area Limit is 1000
Best solution has time 9:
	OPERATION:  DIV - ID RESOURCE:  6 - SPEED:  6 - AREA: 300 - OCCURENCY:  1
	OPERATION:  MUL - ID RESOURCE:  3 - SPEED:  2 - AREA: 100 - OCCURENCY:  1
	OPERATION:  ADD - ID RESOURCE:  0 - SPEED:  1 - AREA: 40 - OCCURENCY:  2
Final area is 480

The elapsed time is 0.036464 seconds

--------------------------------------------------
Start local time and date: Wed Jul 21 21:11:56 2021

End local time and date: Wed Jul 21 21:11:56 2021

DFG is dfg.txt
Reasources are RTL_resoruces.txt
Area Limit is 1000
--------------------------------------------------


Area Limit is 1000
Best solution has time 9:
	OPERATION:  DIV - ID RESOURCE:  6 - SPEED:  6 - AREA: 300 - OCCURENCY:  1
	OPERATION:  MUL - ID RESOURCE:  3 - SPEED:  2 - AREA: 100 - OCCURENCY:  1
	OPERATION:  ADD - ID RESOURCE:  0 - SPEED:  1 - AREA: 40 - OCCURENCY:  2
Final area is 480

The elapsed time is 0.037557 seconds

--------------------------------------------------
Start local time and date: Wed Jul 21 21:14:32 2021

End local time and date: Wed Jul 21 21:14:32 2021

DFG is dfg.txt
Reasources are RTL_resoruces.txt
Area Limit is 1000
--------------------------------------------------


Area Limit is 1000
Best solution has time 9:
	OPERATION:  DIV - ID RESOURCE:  6 - SPEED:  6 - AREA: 300 - OCCURENCY:  1
	OPERATION:  MUL - ID RESOURCE:  3 - SPEED:  2 - AREA: 100 - OCCURENCY:  1
	OPERATION:  ADD - ID RESOURCE:  0 - SPEED:  1 - AREA: 40 - OCCURENCY:  2
Final area is 480

The elapsed time is 0.024870 seconds

--------------------------------------------------
Start local time and date: Wed Jul 21 21:16:03 2021

End local time and date: Wed Jul 21 21:16:03 2021

DFG is collapsed.txt
Reasources are RTL_resoruces.txt
Area Limit is 1000
--------------------------------------------------


Area Limit is 1000
Best solution has time 19:
	OPERATION:  SUB - ID RESOURCE: 15 - SPEED:  2 - AREA: 20 - OCCURENCY:  2
	OPERATION:  STR - ID RESOURCE: 12 - SPEED:  2 - AREA: 20 - OCCURENCY:  1
	OPERATION:  STR - ID RESOURCE: 11 - SPEED:  1 - AREA: 40 - OCCURENCY:  1
	OPERATION:  LOD - ID RESOURCE:  8 - SPEED:  1 - AREA: 40 - OCCURENCY:  1
	OPERATION:  LSL - ID RESOURCE:  7 - SPEED:  1 - AREA:  5 - OCCURENCY:  1
	OPERATION:  ASR - ID RESOURCE:  6 - SPEED:  1 - AREA:  5 - OCCURENCY:  1
	OPERATION:  MUL - ID RESOURCE:  4 - SPEED:  5 - AREA: 70 - OCCURENCY:  1
	OPERATION:  MUL - ID RESOURCE:  3 - SPEED:  2 - AREA: 100 - OCCURENCY:  1
	OPERATION:  ADD - ID RESOURCE:  0 - SPEED:  1 - AREA: 40 - OCCURENCY:  1
Final area is 360

The elapsed time is 3.456190 seconds

--------------------------------------------------
Start local time and date: Wed Jul 21 21:22:12 2021

End local time and date: Wed Jul 21 21:22:12 2021

DFG is dfg.txt
Reasources are RTL_resoruces.txt
Area Limit is 1000
--------------------------------------------------


Area Limit is 1000
Best solution has time 9:
	OPERATION:  DIV - ID RESOURCE:  6 - SPEED:  6 - AREA: 300 - OCCURENCY:  1
	OPERATION:  MUL - ID RESOURCE:  3 - SPEED:  2 - AREA: 100 - OCCURENCY:  1
	OPERATION:  ADD - ID RESOURCE:  0 - SPEED:  1 - AREA: 40 - OCCURENCY:  2
Final area is 480

The elapsed time is 0.102077 seconds

--------------------------------------------------
Start local time and date: Wed Jul 21 21:41:44 2021

End local time and date: Wed Jul 21 21:41:44 2021

DFG is fir.txt
Reasources are RTL_resoruces.txt
Area Limit is 400
--------------------------------------------------


Area Limit is 400
Best solution has time 16:
	OPERATION:  STR - ID RESOURCE:  9 - SPEED:  1 - AREA: 40 - OCCURENCY:  1
	OPERATION:  LOD - ID RESOURCE:  6 - SPEED:  1 - AREA: 40 - OCCURENCY:  2
	OPERATION:  MUL - ID RESOURCE:  3 - SPEED:  2 - AREA: 100 - OCCURENCY:  2
	OPERATION:  ADD - ID RESOURCE:  0 - SPEED:  1 - AREA: 40 - OCCURENCY:  1
Final area is 360

The elapsed time is 17.695814 seconds

