==9643== NVPROF is profiling process 9643, command: ./a.out dfg.txt RTL_resoruces.txt 400
==9643== Warning: Unified Memory Profiling is not supported on the underlying platform. System requirements for unified memory can be found at: http://docs.nvidia.com/cuda/cuda-c-programming-guide/index.html#um-requirements
==9643== Profiling application: ./a.out dfg.txt RTL_resoruces.txt 400
==9643== Warning: 24 records have invalid timestamps due to insufficient device buffer space. You can configure the buffer space using the option --device-buffer-size.
==9643== Warning: 23 records have invalid timestamps due to insufficient semaphore pool size. You can configure the pool size using the option --profiling-semaphore-pool-size.
==9643== Profiling result:
No kernels were profiled.
            Type  Time(%)      Time     Calls       Avg       Min       Max  Name
      API calls:   60.70%  340.41ms        41  8.3026ms  1.0940us  340.04ms  cudaMalloc
                   23.71%  132.98ms         1  132.98ms  132.98ms  132.98ms  cudaDeviceReset
                   15.36%  86.172ms         7  12.310ms  3.6460us  86.148ms  cudaDeviceSynchronize
                    0.17%  939.90us        52  18.074us     885ns  109.01us  cudaMemcpy
                    0.02%  117.35us        97  1.2090us     677ns  27.448us  cuDeviceGetAttribute
                    0.02%  117.34us         7  16.763us  4.4270us  83.854us  cudaLaunchKernel
                    0.02%  92.503us        30  3.0830us  2.3440us  10.052us  cudaFree
                    0.00%  9.2700us         1  9.2700us  9.2700us  9.2700us  cuDeviceTotalMem
                    0.00%  6.3530us         3  2.1170us  1.0410us  3.2810us  cuDeviceGetCount
                    0.00%  2.8640us         2  1.4320us  1.1460us  1.7180us  cuDeviceGet
                    0.00%  1.7190us         1  1.7190us  1.7190us  1.7190us  cuDeviceGetName
                    0.00%     938ns         1     938ns     938ns     938ns  cuDeviceGetUuid
