--------------------------------------------------
Start local time and date: Wed Jul 21 23:36:30 2021

End local time and date: Wed Jul 21 23:36:30 2021

DFG is ../DFGs_new/arf.txt
Reasources are ../RTL_resoruces.txt
Area Limit is 500
--------------------------------------------------

Best solution has time 15:
	OPERATION:  ADD - ID RESOURCE:  0 - SPEED:  1 - AREA: 40 - OCCURENCY:  2
	OPERATION:  MUL - ID RESOURCE:  3 - SPEED:  2 - AREA: 100 - OCCURENCY:  3
Final area is 380

The elapsed time is 0 seconds

--------------------------------------------------
Start local time and date: Wed Jul 21 23:36:30 2021

End local time and date: Wed Jul 21 23:43:03 2021

DFG is ../DFGs_new/fir.txt
Reasources are ../RTL_resoruces.txt
Area Limit is 500
--------------------------------------------------

Best solution has time 15:
	OPERATION:  ADD - ID RESOURCE:  0 - SPEED:  1 - AREA: 40 - OCCURENCY:  1
	OPERATION:  MUL - ID RESOURCE:  3 - SPEED:  2 - AREA: 100 - OCCURENCY:  3
	OPERATION:  LOD - ID RESOURCE:  6 - SPEED:  1 - AREA: 40 - OCCURENCY:  3
	OPERATION:  STR - ID RESOURCE:  9 - SPEED:  1 - AREA: 40 - OCCURENCY:  1
Final area is 500

The elapsed time is 393 seconds

--------------------------------------------------
Start local time and date: Wed Jul 21 23:43:03 2021

End local time and date: Wed Jul 21 23:43:04 2021

DFG is ../DFGs_new/ewf.txt
Reasources are ../RTL_resoruces.txt
Area Limit is 500
--------------------------------------------------

Best solution has time 18:
	OPERATION:  ADD - ID RESOURCE:  0 - SPEED:  1 - AREA: 40 - OCCURENCY:  3
	OPERATION:  MUL - ID RESOURCE:  3 - SPEED:  2 - AREA: 100 - OCCURENCY:  3
Final area is 420

The elapsed time is 1 seconds

