--------------------------------------------------
Start local time and date: Wed Jul 21 21:46:09 2021

End local time and date: Wed Jul 21 21:46:11 2021

DFG is ../DFGs_new/arf.txt
Reasources are ../RTL_resoruces.txt
Area Limit is 1000
--------------------------------------------------


Area Limit is 1000
Best solution has time 15:
	OPERATION:  MUL - ID RESOURCE:  3 - SPEED:  2 - AREA: 100 - OCCURENCY:  3
	OPERATION:  ADD - ID RESOURCE:  0 - SPEED:  1 - AREA: 40 - OCCURENCY:  2
Final area is 380

The elapsed time is 2 seconds

--------------------------------------------------
Start local time and date: Wed Jul 21 21:46:11 2021

End local time and date: Wed Jul 21 21:46:11 2021

DFG is ../DFGs_new/arf.txt
Reasources are ../RTL_resoruces.txt
Area Limit is 500
--------------------------------------------------


Area Limit is 500
Best solution has time 15:
	OPERATION:  MUL - ID RESOURCE:  3 - SPEED:  2 - AREA: 100 - OCCURENCY:  3
	OPERATION:  ADD - ID RESOURCE:  0 - SPEED:  1 - AREA: 40 - OCCURENCY:  2
Final area is 380

The elapsed time is 0 seconds

--------------------------------------------------
Start local time and date: Wed Jul 21 21:46:59 2021

End local time and date: Wed Jul 21 21:47:01 2021

DFG is ../DFGs_new/ewf.txt
Reasources are ../RTL_resoruces.txt
Area Limit is 1000
--------------------------------------------------


Area Limit is 1000
Best solution has time 18:
	OPERATION:  MUL - ID RESOURCE:  3 - SPEED:  2 - AREA: 100 - OCCURENCY:  3
	OPERATION:  ADD - ID RESOURCE:  0 - SPEED:  1 - AREA: 40 - OCCURENCY:  3
Final area is 420

The elapsed time is 2 seconds

--------------------------------------------------
Start local time and date: Wed Jul 21 21:47:02 2021

End local time and date: Wed Jul 21 21:47:02 2021

DFG is ../DFGs_new/ewf.txt
Reasources are ../RTL_resoruces.txt
Area Limit is 500
--------------------------------------------------


Area Limit is 500
Best solution has time 18:
	OPERATION:  MUL - ID RESOURCE:  3 - SPEED:  2 - AREA: 100 - OCCURENCY:  3
	OPERATION:  ADD - ID RESOURCE:  0 - SPEED:  1 - AREA: 40 - OCCURENCY:  3
Final area is 420

The elapsed time is 0 seconds

